This file contains any messages produced by compilers while
running configure, to aid debugging if configure makes a mistake.

It was created by PostgreSQL configure 8.2.19, which was
generated by GNU Autoconf 2.59.  Invocation command line was

  $ ./configure 

## --------- ##
## Platform. ##
## --------- ##

hostname = VPN-169-161.vpn.usf.edu
uname -m = x86_64
uname -r = 15.6.0
uname -s = Darwin
uname -v = Darwin Kernel Version 15.6.0: Thu Jun 23 18:25:34 PDT 2016; root:xnu-3248.60.10~1/RELEASE_X86_64

/usr/bin/uname -p = i386
/bin/uname -X     = unknown

/bin/arch              = unknown
/usr/bin/arch -k       = unknown
/usr/convex/getsysinfo = unknown
hostinfo               = Mach kernel version:
	 Darwin Kernel Version 15.6.0: Thu Jun 23 18:25:34 PDT 2016; root:xnu-3248.60.10~1/RELEASE_X86_64
Kernel configured for up to 4 processors.
2 processors are physically available.
4 processors are logically available.
Processor type: x86_64h (Intel x86-64h Haswell)
Processors active: 0 1 2 3
Primary memory available: 8.00 gigabytes
Default processor set: 248 tasks, 991 threads, 4 processors
Load average: 2.21, Mach factor: 1.78
/bin/machine           = unknown
/usr/bin/oslevel       = unknown
/bin/universe          = unknown

PATH: /usr/local/bin
PATH: /usr/bin
PATH: /bin
PATH: /usr/sbin
PATH: /sbin
PATH: /users/shenlu/library/homebrew/bin


## ----------- ##
## Core tests. ##
## ----------- ##

configure:1408: checking build system type
configure:1426: result: i386-apple-darwin15.6.0
configure:1434: checking host system type
configure:1448: result: i386-apple-darwin15.6.0
configure:1458: checking which template to use
configure:1558: result: darwin
configure:1700: checking whether to build with 64-bit integer date/time support
configure:1732: result: no
configure:1739: checking whether NLS is wanted
configure:1774: result: no
configure:1782: checking for default port number
configure:1812: result: 5432
configure:2123: checking for gcc
configure:2139: found /usr/bin/gcc
configure:2149: result: gcc
configure:2170: checking for C compiler version
configure:2173: gcc --version </dev/null >&5
Configured with: --prefix=/Library/Developer/CommandLineTools/usr --with-gxx-include-dir=/usr/include/c++/4.2.1
Apple LLVM version 8.0.0 (clang-800.0.42.1)
Target: x86_64-apple-darwin15.6.0
Thread model: posix
InstalledDir: /Library/Developer/CommandLineTools/usr/bin
configure:2176: $? = 0
configure:2178: gcc -v </dev/null >&5
Configured with: --prefix=/Library/Developer/CommandLineTools/usr --with-gxx-include-dir=/usr/include/c++/4.2.1
Apple LLVM version 8.0.0 (clang-800.0.42.1)
Target: x86_64-apple-darwin15.6.0
Thread model: posix
InstalledDir: /Library/Developer/CommandLineTools/usr/bin
configure:2181: $? = 0
configure:2183: gcc -V </dev/null >&5
clang: error: argument to '-V' is missing (expected 1 value)
clang: error: no input files
configure:2186: $? = 1
configure:2209: checking for C compiler default output file name
configure:2212: gcc    conftest.c  >&5
configure:2215: $? = 0
configure:2261: result: a.out
configure:2266: checking whether the C compiler works
configure:2272: ./a.out
configure:2275: $? = 0
configure:2292: result: yes
configure:2299: checking whether we are cross compiling
configure:2301: result: no
configure:2304: checking for suffix of executables
configure:2306: gcc -o conftest    conftest.c  >&5
configure:2309: $? = 0
configure:2334: result: 
configure:2340: checking for suffix of object files
configure:2361: gcc -c   conftest.c >&5
configure:2364: $? = 0
configure:2386: result: o
configure:2390: checking whether we are using the GNU C compiler
configure:2414: gcc -c   conftest.c >&5
configure:2420: $? = 0
configure:2424: test -z 
			 || test ! -s conftest.err
configure:2427: $? = 0
configure:2430: test -s conftest.o
configure:2433: $? = 0
configure:2446: result: yes
configure:2452: checking whether gcc accepts -g
configure:2473: gcc -c -g  conftest.c >&5
configure:2479: $? = 0
configure:2483: test -z 
			 || test ! -s conftest.err
configure:2486: $? = 0
configure:2489: test -s conftest.o
configure:2492: $? = 0
configure:2503: result: yes
configure:2520: checking for gcc option to accept ANSI C
configure:2590: gcc  -c -g -O2  conftest.c >&5
configure:2596: $? = 0
configure:2600: test -z 
			 || test ! -s conftest.err
configure:2603: $? = 0
configure:2606: test -s conftest.o
configure:2609: $? = 0
configure:2627: result: none needed
configure:2645: gcc -c -g -O2  conftest.c >&5
conftest.c:2:3: error: unknown type name 'choke'
  choke me
  ^
conftest.c:2:11: error: expected ';' after top level declarator
  choke me
          ^
          ;
2 errors generated.
configure:2651: $? = 1
configure: failed program was:
| #ifndef __cplusplus
|   choke me
| #endif
configure:2837: gcc -no-cpp-precomp -c -O2  conftest.c >&5
conftest.c:17:1: error: use of undeclared identifier 'choke'
choke me
^
1 error generated.
configure:2843: $? = 1
configure: failed program was:
| /* confdefs.h.  */
| 
| #define PACKAGE_NAME "PostgreSQL"
| #define PACKAGE_TARNAME "postgresql"
| #define PACKAGE_VERSION "8.2.19"
| #define PACKAGE_STRING "PostgreSQL 8.2.19"
| #define PACKAGE_BUGREPORT "pgsql-bugs@postgresql.org"
| #define PG_VERSION "8.2.19"
| #define DEF_PGPORT 5432
| #define DEF_PGPORT_STR "5432"
| /* end confdefs.h.  */
| 
| int
| main ()
| {
| #ifndef __INTEL_COMPILER
| choke me
| #endif
|   ;
|   return 0;
| }
configure:2870: checking if gcc -no-cpp-precomp supports -Wdeclaration-after-statement
configure:2890: gcc -no-cpp-precomp -c -O2 -Wall -Wmissing-prototypes -Wpointer-arith -Winline -Wdeclaration-after-statement  conftest.c >&5
configure:2896: $? = 0
configure:2900: test -z 
			 || test ! -s conftest.err
configure:2903: $? = 0
configure:2906: test -s conftest.o
configure:2909: $? = 0
configure:2911: result: yes
configure:2923: checking if gcc -no-cpp-precomp supports -Wendif-labels
configure:2943: gcc -no-cpp-precomp -c -O2 -Wall -Wmissing-prototypes -Wpointer-arith -Winline -Wdeclaration-after-statement -Wendif-labels  conftest.c >&5
configure:2949: $? = 0
configure:2953: test -z 
			 || test ! -s conftest.err
configure:2956: $? = 0
configure:2959: test -s conftest.o
configure:2962: $? = 0
configure:2964: result: yes
configure:3036: checking if gcc -no-cpp-precomp supports -fno-strict-aliasing
configure:3056: gcc -no-cpp-precomp -c -O2 -Wall -Wmissing-prototypes -Wpointer-arith -Winline -Wdeclaration-after-statement -Wendif-labels -fno-strict-aliasing  conftest.c >&5
configure:3062: $? = 0
configure:3066: test -z 
			 || test ! -s conftest.err
configure:3069: $? = 0
configure:3072: test -s conftest.o
configure:3075: $? = 0
configure:3077: result: yes
configure:3090: checking if gcc -no-cpp-precomp supports -fwrapv
configure:3110: gcc -no-cpp-precomp -c -O2 -Wall -Wmissing-prototypes -Wpointer-arith -Winline -Wdeclaration-after-statement -Wendif-labels -fno-strict-aliasing -fwrapv  conftest.c >&5
configure:3116: $? = 0
configure:3120: test -z 
			 || test ! -s conftest.err
configure:3123: $? = 0
configure:3126: test -s conftest.o
configure:3129: $? = 0
configure:3131: result: yes
configure:3205: using CFLAGS=-O2 -Wall -Wmissing-prototypes -Wpointer-arith -Winline -Wdeclaration-after-statement -Wendif-labels -fno-strict-aliasing -fwrapv
configure:3214: checking whether the C compiler still works
configure:3232: gcc -no-cpp-precomp -o conftest -O2 -Wall -Wmissing-prototypes -Wpointer-arith -Winline -Wdeclaration-after-statement -Wendif-labels -fno-strict-aliasing -fwrapv   conftest.c  >&5
configure:3238: $? = 0
configure:3242: test -z 
			 || test ! -s conftest.err
configure:3245: $? = 0
configure:3248: test -s conftest
configure:3251: $? = 0
configure:3253: result: yes
configure:3288: gcc -no-cpp-precomp -c -O2 -Wall -Wmissing-prototypes -Wpointer-arith -Winline -Wdeclaration-after-statement -Wendif-labels -fno-strict-aliasing -fwrapv  conftest.c >&5
configure:3294: $? = 0
configure:3298: test -z 
			 || test ! -s conftest.err
configure:3301: $? = 0
configure:3304: test -s conftest.o
configure:3307: $? = 0
configure:3326: checking how to run the C preprocessor
configure:3361: gcc -no-cpp-precomp -E  conftest.c
configure:3367: $? = 0
configure:3399: gcc -no-cpp-precomp -E  conftest.c
conftest.c:12:10: fatal error: 'ac_nonexistent.h' file not found
#include <ac_nonexistent.h>
         ^
1 error generated.
configure:3405: $? = 1
configure: failed program was:
| /* confdefs.h.  */
| 
| #define PACKAGE_NAME "PostgreSQL"
| #define PACKAGE_TARNAME "postgresql"
| #define PACKAGE_VERSION "8.2.19"
| #define PACKAGE_STRING "PostgreSQL 8.2.19"
| #define PACKAGE_BUGREPORT "pgsql-bugs@postgresql.org"
| #define PG_VERSION "8.2.19"
| #define DEF_PGPORT 5432
| #define DEF_PGPORT_STR "5432"
| /* end confdefs.h.  */
| #include <ac_nonexistent.h>
configure:3444: result: gcc -no-cpp-precomp -E
configure:3468: gcc -no-cpp-precomp -E  conftest.c
configure:3474: $? = 0
configure:3506: gcc -no-cpp-precomp -E  conftest.c
conftest.c:12:10: fatal error: 'ac_nonexistent.h' file not found
#include <ac_nonexistent.h>
         ^
1 error generated.
configure:3512: $? = 1
configure: failed program was:
| /* confdefs.h.  */
| 
| #define PACKAGE_NAME "PostgreSQL"
| #define PACKAGE_TARNAME "postgresql"
| #define PACKAGE_VERSION "8.2.19"
| #define PACKAGE_STRING "PostgreSQL 8.2.19"
| #define PACKAGE_BUGREPORT "pgsql-bugs@postgresql.org"
| #define PG_VERSION "8.2.19"
| #define DEF_PGPORT 5432
| #define DEF_PGPORT_STR "5432"
| /* end confdefs.h.  */
| #include <ac_nonexistent.h>
configure:3689: checking allow thread-safe client libraries
configure:3752: result: no
configure:3759: checking whether to build with Tcl
configure:3788: result: no
configure:3825: checking whether to build Perl modules
configure:3854: result: no
configure:3861: checking whether to build Python modules
configure:3890: result: no
configure:3897: checking whether to build with Kerberos 5 support
configure:3933: result: no
configure:3982: checking whether to build with PAM support
configure:4015: result: no
configure:4023: checking whether to build with LDAP support
configure:4056: result: no
configure:4064: checking whether to build with Bonjour support
configure:4097: result: no
configure:4105: checking whether to build with OpenSSL support
configure:4138: result: no
configure:4261: checking for egrep
configure:4271: result: grep -E
configure:4308: using CPPFLAGS= 
configure:4310: using LDFLAGS= 
configure:4319: checking for gawk
configure:4348: result: no
configure:4319: checking for mawk
configure:4348: result: no
configure:4319: checking for nawk
configure:4348: result: no
configure:4319: checking for awk
configure:4335: found /usr/bin/awk
configure:4345: result: awk
configure:4355: checking for flex
configure:4394: result: /usr/bin/flex
configure:4429: checking whether ln -s works
configure:4433: result: yes
configure:4451: checking for ld used by GCC
configure:4514: result: /Library/Developer/CommandLineTools/usr/bin/ld
configure:4523: checking if the linker (/Library/Developer/CommandLineTools/usr/bin/ld) is GNU ld
configure:4535: result: no
configure:4645: checking for ranlib
configure:4661: found /usr/bin/ranlib
configure:4672: result: ranlib
configure:4686: checking for tar
configure:4704: found /usr/bin/tar
configure:4716: result: /usr/bin/tar
configure:4765: checking for strip
configure:4781: found /usr/bin/strip
configure:4792: result: strip
configure:4805: checking whether it is possible to strip libraries
configure:4815: result: no
configure:4827: checking for bison
configure:4843: found /usr/bin/bison
configure:4853: result: bison -y
configure:4899: checking for perl
configure:4917: found /usr/bin/perl
configure:4929: result: /usr/bin/perl
configure:5115: checking for main in -lm
configure:5139: gcc -no-cpp-precomp -o conftest -O2 -Wall -Wmissing-prototypes -Wpointer-arith -Winline -Wdeclaration-after-statement -Wendif-labels -fno-strict-aliasing -fwrapv     conftest.c -lm   >&5
conftest.c:19:1: warning: all paths through this function will call itself [-Winfinite-recursion]
{
^
1 warning generated.
configure:5145: $? = 0
configure:5149: test -z 
			 || test ! -s conftest.err
configure:5152: $? = 0
configure:5155: test -s conftest
configure:5158: $? = 0
configure:5171: result: yes
configure:5182: checking for library containing setproctitle
configure:5212: gcc -no-cpp-precomp -o conftest -O2 -Wall -Wmissing-prototypes -Wpointer-arith -Winline -Wdeclaration-after-statement -Wendif-labels -fno-strict-aliasing -fwrapv     conftest.c -lm  >&5
Undefined symbols for architecture x86_64:
  "_setproctitle", referenced from:
      _main in conftest-18eae3.o
ld: symbol(s) not found for architecture x86_64
clang: error: linker command failed with exit code 1 (use -v to see invocation)
configure:5218: $? = 1
configure: failed program was:
| /* confdefs.h.  */
| 
| #define PACKAGE_NAME "PostgreSQL"
| #define PACKAGE_TARNAME "postgresql"
| #define PACKAGE_VERSION "8.2.19"
| #define PACKAGE_STRING "PostgreSQL 8.2.19"
| #define PACKAGE_BUGREPORT "pgsql-bugs@postgresql.org"
| #define PG_VERSION "8.2.19"
| #define DEF_PGPORT 5432
| #define DEF_PGPORT_STR "5432"
| #define PG_VERSION_STR "PostgreSQL 8.2.19 on i386-apple-darwin15.6.0, compiled by GCC Apple LLVM version 8.0.0 (clang-800.0.42.1)"
| #define PG_KRB_SRVNAM "postgres"
| #define PG_VERSION_NUM 80219
| #define HAVE_LIBM 1
| /* end confdefs.h.  */
| 
| /* Override any gcc2 internal prototype to avoid an error.  */
| #ifdef __cplusplus
| extern "C"
| #endif
| /* We use char because int might match the return type of a gcc2
|    builtin and then its argument prototype would still apply.  */
| char setproctitle ();
| int
| main ()
| {
| setproctitle ();
|   ;
|   return 0;
| }
configure:5267: gcc -no-cpp-precomp -o conftest -O2 -Wall -Wmissing-prototypes -Wpointer-arith -Winline -Wdeclaration-after-statement -Wendif-labels -fno-strict-aliasing -fwrapv     conftest.c -lutil  -lm  >&5
Undefined symbols for architecture x86_64:
  "_setproctitle", referenced from:
      _main in conftest-9edb1e.o
ld: symbol(s) not found for architecture x86_64
clang: error: linker command failed with exit code 1 (use -v to see invocation)
configure:5273: $? = 1
configure: failed program was:
| /* confdefs.h.  */
| 
| #define PACKAGE_NAME "PostgreSQL"
| #define PACKAGE_TARNAME "postgresql"
| #define PACKAGE_VERSION "8.2.19"
| #define PACKAGE_STRING "PostgreSQL 8.2.19"
| #define PACKAGE_BUGREPORT "pgsql-bugs@postgresql.org"
| #define PG_VERSION "8.2.19"
| #define DEF_PGPORT 5432
| #define DEF_PGPORT_STR "5432"
| #define PG_VERSION_STR "PostgreSQL 8.2.19 on i386-apple-darwin15.6.0, compiled by GCC Apple LLVM version 8.0.0 (clang-800.0.42.1)"
| #define PG_KRB_SRVNAM "postgres"
| #define PG_VERSION_NUM 80219
| #define HAVE_LIBM 1
| /* end confdefs.h.  */
| 
| /* Override any gcc2 internal prototype to avoid an error.  */
| #ifdef __cplusplus
| extern "C"
| #endif
| /* We use char because int might match the return type of a gcc2
|    builtin and then its argument prototype would still apply.  */
| char setproctitle ();
| int
| main ()
| {
| setproctitle ();
|   ;
|   return 0;
| }
configure:5301: result: no
configure:5308: checking for library containing dlopen
configure:5338: gcc -no-cpp-precomp -o conftest -O2 -Wall -Wmissing-prototypes -Wpointer-arith -Winline -Wdeclaration-after-statement -Wendif-labels -fno-strict-aliasing -fwrapv     conftest.c -lm  >&5
configure:5344: $? = 0
configure:5348: test -z 
			 || test ! -s conftest.err
configure:5351: $? = 0
configure:5354: test -s conftest
configure:5357: $? = 0
configure:5427: result: none required
configure:5434: checking for library containing socket
configure:5464: gcc -no-cpp-precomp -o conftest -O2 -Wall -Wmissing-prototypes -Wpointer-arith -Winline -Wdeclaration-after-statement -Wendif-labels -fno-strict-aliasing -fwrapv     conftest.c -lm  >&5
configure:5470: $? = 0
configure:5474: test -z 
			 || test ! -s conftest.err
configure:5477: $? = 0
configure:5480: test -s conftest
configure:5483: $? = 0
configure:5553: result: none required
configure:5560: checking for library containing shl_load
configure:5590: gcc -no-cpp-precomp -o conftest -O2 -Wall -Wmissing-prototypes -Wpointer-arith -Winline -Wdeclaration-after-statement -Wendif-labels -fno-strict-aliasing -fwrapv     conftest.c -lm  >&5
Undefined symbols for architecture x86_64:
  "_shl_load", referenced from:
      _main in conftest-47ebbc.o
ld: symbol(s) not found for architecture x86_64
clang: error: linker command failed with exit code 1 (use -v to see invocation)
configure:5596: $? = 1
configure: failed program was:
| /* confdefs.h.  */
| 
| #define PACKAGE_NAME "PostgreSQL"
| #define PACKAGE_TARNAME "postgresql"
| #define PACKAGE_VERSION "8.2.19"
| #define PACKAGE_STRING "PostgreSQL 8.2.19"
| #define PACKAGE_BUGREPORT "pgsql-bugs@postgresql.org"
| #define PG_VERSION "8.2.19"
| #define DEF_PGPORT 5432
| #define DEF_PGPORT_STR "5432"
| #define PG_VERSION_STR "PostgreSQL 8.2.19 on i386-apple-darwin15.6.0, compiled by GCC Apple LLVM version 8.0.0 (clang-800.0.42.1)"
| #define PG_KRB_SRVNAM "postgres"
| #define PG_VERSION_NUM 80219
| #define HAVE_LIBM 1
| /* end confdefs.h.  */
| 
| /* Override any gcc2 internal prototype to avoid an error.  */
| #ifdef __cplusplus
| extern "C"
| #endif
| /* We use char because int might match the return type of a gcc2
|    builtin and then its argument prototype would still apply.  */
| char shl_load ();
| int
| main ()
| {
| shl_load ();
|   ;
|   return 0;
| }
configure:5645: gcc -no-cpp-precomp -o conftest -O2 -Wall -Wmissing-prototypes -Wpointer-arith -Winline -Wdeclaration-after-statement -Wendif-labels -fno-strict-aliasing -fwrapv     conftest.c -ldld  -lm  >&5
ld: library not found for -ldld
clang: error: linker command failed with exit code 1 (use -v to see invocation)
configure:5651: $? = 1
configure: failed program was:
| /* confdefs.h.  */
| 
| #define PACKAGE_NAME "PostgreSQL"
| #define PACKAGE_TARNAME "postgresql"
| #define PACKAGE_VERSION "8.2.19"
| #define PACKAGE_STRING "PostgreSQL 8.2.19"
| #define PACKAGE_BUGREPORT "pgsql-bugs@postgresql.org"
| #define PG_VERSION "8.2.19"
| #define DEF_PGPORT 5432
| #define DEF_PGPORT_STR "5432"
| #define PG_VERSION_STR "PostgreSQL 8.2.19 on i386-apple-darwin15.6.0, compiled by GCC Apple LLVM version 8.0.0 (clang-800.0.42.1)"
| #define PG_KRB_SRVNAM "postgres"
| #define PG_VERSION_NUM 80219
| #define HAVE_LIBM 1
| /* end confdefs.h.  */
| 
| /* Override any gcc2 internal prototype to avoid an error.  */
| #ifdef __cplusplus
| extern "C"
| #endif
| /* We use char because int might match the return type of a gcc2
|    builtin and then its argument prototype would still apply.  */
| char shl_load ();
| int
| main ()
| {
| shl_load ();
|   ;
|   return 0;
| }
configure:5679: result: no
configure:5817: checking for library containing getopt_long
configure:5847: gcc -no-cpp-precomp -o conftest -O2 -Wall -Wmissing-prototypes -Wpointer-arith -Winline -Wdeclaration-after-statement -Wendif-labels -fno-strict-aliasing -fwrapv     conftest.c -lm  >&5
configure:5853: $? = 0
configure:5857: test -z 
			 || test ! -s conftest.err
configure:5860: $? = 0
configure:5863: test -s conftest
configure:5866: $? = 0
configure:5936: result: none required
configure:5943: checking for library containing crypt
configure:5973: gcc -no-cpp-precomp -o conftest -O2 -Wall -Wmissing-prototypes -Wpointer-arith -Winline -Wdeclaration-after-statement -Wendif-labels -fno-strict-aliasing -fwrapv     conftest.c -lm  >&5
configure:5979: $? = 0
configure:5983: test -z 
			 || test ! -s conftest.err
configure:5986: $? = 0
configure:5989: test -s conftest
configure:5992: $? = 0
configure:6062: result: none required
configure:6070: checking for library containing fdatasync
configure:6100: gcc -no-cpp-precomp -o conftest -O2 -Wall -Wmissing-prototypes -Wpointer-arith -Winline -Wdeclaration-after-statement -Wendif-labels -fno-strict-aliasing -fwrapv     conftest.c -lm  >&5
configure:6106: $? = 0
configure:6110: test -z 
			 || test ! -s conftest.err
configure:6113: $? = 0
configure:6116: test -s conftest
configure:6119: $? = 0
configure:6189: result: none required
configure:6197: checking for library containing shmget
configure:6227: gcc -no-cpp-precomp -o conftest -O2 -Wall -Wmissing-prototypes -Wpointer-arith -Winline -Wdeclaration-after-statement -Wendif-labels -fno-strict-aliasing -fwrapv     conftest.c -lm  >&5
configure:6233: $? = 0
configure:6237: test -z 
			 || test ! -s conftest.err
configure:6240: $? = 0
configure:6243: test -s conftest
configure:6246: $? = 0
configure:6316: result: none required
configure:6337: checking for -lreadline
configure:6364: gcc -no-cpp-precomp -o conftest -O2 -Wall -Wmissing-prototypes -Wpointer-arith -Winline -Wdeclaration-after-statement -Wendif-labels -fno-strict-aliasing -fwrapv     conftest.c -lreadline -lm  >&5
configure:6370: $? = 0
configure:6374: test -z 
			 || test ! -s conftest.err
configure:6377: $? = 0
configure:6380: test -s conftest
configure:6383: $? = 0
configure:6408: result: yes (-lreadline)
configure:6445: checking for inflate in -lz
configure:6475: gcc -no-cpp-precomp -o conftest -O2 -Wall -Wmissing-prototypes -Wpointer-arith -Winline -Wdeclaration-after-statement -Wendif-labels -fno-strict-aliasing -fwrapv     conftest.c -lz  -lreadline -lm  >&5
configure:6481: $? = 0
configure:6485: test -z 
			 || test ! -s conftest.err
configure:6488: $? = 0
configure:6491: test -s conftest
configure:6494: $? = 0
configure:6507: result: yes
configure:7343: checking for ANSI C header files
configure:7368: gcc -no-cpp-precomp -c -O2 -Wall -Wmissing-prototypes -Wpointer-arith -Winline -Wdeclaration-after-statement -Wendif-labels -fno-strict-aliasing -fwrapv   conftest.c >&5
configure:7374: $? = 0
configure:7378: test -z 
			 || test ! -s conftest.err
configure:7381: $? = 0
configure:7384: test -s conftest.o
configure:7387: $? = 0
configure:7476: gcc -no-cpp-precomp -o conftest -O2 -Wall -Wmissing-prototypes -Wpointer-arith -Winline -Wdeclaration-after-statement -Wendif-labels -fno-strict-aliasing -fwrapv     conftest.c -lz -lreadline -lm  >&5
conftest.c:36:7: warning: implicitly declaring library function 'exit' with type 'void (int) __attribute__((noreturn))' [-Wimplicit-function-declaration]
      exit(2);
      ^
conftest.c:36:7: note: include the header <stdlib.h> or explicitly provide a declaration for 'exit'
1 warning generated.
configure:7479: $? = 0
configure:7481: ./conftest
configure:7484: $? = 0
configure:7499: result: yes
configure:7523: checking for sys/types.h
configure:7539: gcc -no-cpp-precomp -c -O2 -Wall -Wmissing-prototypes -Wpointer-arith -Winline -Wdeclaration-after-statement -Wendif-labels -fno-strict-aliasing -fwrapv   conftest.c >&5
configure:7545: $? = 0
configure:7549: test -z 
			 || test ! -s conftest.err
configure:7552: $? = 0
configure:7555: test -s conftest.o
configure:7558: $? = 0
configure:7569: result: yes
configure:7523: checking for sys/stat.h
configure:7539: gcc -no-cpp-precomp -c -O2 -Wall -Wmissing-prototypes -Wpointer-arith -Winline -Wdeclaration-after-statement -Wendif-labels -fno-strict-aliasing -fwrapv   conftest.c >&5
configure:7545: $? = 0
configure:7549: test -z 
			 || test ! -s conftest.err
configure:7552: $? = 0
configure:7555: test -s conftest.o
configure:7558: $? = 0
configure:7569: result: yes
configure:7523: checking for stdlib.h
configure:7539: gcc -no-cpp-precomp -c -O2 -Wall -Wmissing-prototypes -Wpointer-arith -Winline -Wdeclaration-after-statement -Wendif-labels -fno-strict-aliasing -fwrapv   conftest.c >&5
configure:7545: $? = 0
configure:7549: test -z 
			 || test ! -s conftest.err
configure:7552: $? = 0
configure:7555: test -s conftest.o
configure:7558: $? = 0
configure:7569: result: yes
configure:7523: checking for string.h
configure:7539: gcc -no-cpp-precomp -c -O2 -Wall -Wmissing-prototypes -Wpointer-arith -Winline -Wdeclaration-after-statement -Wendif-labels -fno-strict-aliasing -fwrapv   conftest.c >&5
configure:7545: $? = 0
configure:7549: test -z 
			 || test ! -s conftest.err
configure:7552: $? = 0
configure:7555: test -s conftest.o
configure:7558: $? = 0
configure:7569: result: yes
configure:7523: checking for memory.h
configure:7539: gcc -no-cpp-precomp -c -O2 -Wall -Wmissing-prototypes -Wpointer-arith -Winline -Wdeclaration-after-statement -Wendif-labels -fno-strict-aliasing -fwrapv   conftest.c >&5
configure:7545: $? = 0
configure:7549: test -z 
			 || test ! -s conftest.err
configure:7552: $? = 0
configure:7555: test -s conftest.o
configure:7558: $? = 0
configure:7569: result: yes
configure:7523: checking for strings.h
configure:7539: gcc -no-cpp-precomp -c -O2 -Wall -Wmissing-prototypes -Wpointer-arith -Winline -Wdeclaration-after-statement -Wendif-labels -fno-strict-aliasing -fwrapv   conftest.c >&5
configure:7545: $? = 0
configure:7549: test -z 
			 || test ! -s conftest.err
configure:7552: $? = 0
configure:7555: test -s conftest.o
configure:7558: $? = 0
configure:7569: result: yes
configure:7523: checking for inttypes.h
configure:7539: gcc -no-cpp-precomp -c -O2 -Wall -Wmissing-prototypes -Wpointer-arith -Winline -Wdeclaration-after-statement -Wendif-labels -fno-strict-aliasing -fwrapv   conftest.c >&5
configure:7545: $? = 0
configure:7549: test -z 
			 || test ! -s conftest.err
configure:7552: $? = 0
configure:7555: test -s conftest.o
configure:7558: $? = 0
configure:7569: result: yes
configure:7523: checking for stdint.h
configure:7539: gcc -no-cpp-precomp -c -O2 -Wall -Wmissing-prototypes -Wpointer-arith -Winline -Wdeclaration-after-statement -Wendif-labels -fno-strict-aliasing -fwrapv   conftest.c >&5
configure:7545: $? = 0
configure:7549: test -z 
			 || test ! -s conftest.err
configure:7552: $? = 0
configure:7555: test -s conftest.o
configure:7558: $? = 0
configure:7569: result: yes
configure:7523: checking for unistd.h
configure:7539: gcc -no-cpp-precomp -c -O2 -Wall -Wmissing-prototypes -Wpointer-arith -Winline -Wdeclaration-after-statement -Wendif-labels -fno-strict-aliasing -fwrapv   conftest.c >&5
configure:7545: $? = 0
configure:7549: test -z 
			 || test ! -s conftest.err
configure:7552: $? = 0
configure:7555: test -s conftest.o
configure:7558: $? = 0
configure:7569: result: yes
configure:7620: checking crypt.h usability
configure:7632: gcc -no-cpp-precomp -c -O2 -Wall -Wmissing-prototypes -Wpointer-arith -Winline -Wdeclaration-after-statement -Wendif-labels -fno-strict-aliasing -fwrapv   conftest.c >&5
conftest.c:63:10: fatal error: 'crypt.h' file not found
#include <crypt.h>
         ^
1 error generated.
configure:7638: $? = 1
configure: failed program was:
| /* confdefs.h.  */
| 
| #define PACKAGE_NAME "PostgreSQL"
| #define PACKAGE_TARNAME "postgresql"
| #define PACKAGE_VERSION "8.2.19"
| #define PACKAGE_STRING "PostgreSQL 8.2.19"
| #define PACKAGE_BUGREPORT "pgsql-bugs@postgresql.org"
| #define PG_VERSION "8.2.19"
| #define DEF_PGPORT 5432
| #define DEF_PGPORT_STR "5432"
| #define PG_VERSION_STR "PostgreSQL 8.2.19 on i386-apple-darwin15.6.0, compiled by GCC Apple LLVM version 8.0.0 (clang-800.0.42.1)"
| #define PG_KRB_SRVNAM "postgres"
| #define PG_VERSION_NUM 80219
| #define HAVE_LIBM 1
| #define HAVE_LIBREADLINE 1
| #define HAVE_LIBZ 1
| #define HAVE_SPINLOCKS 1
| #define STDC_HEADERS 1
| #define HAVE_SYS_TYPES_H 1
| #define HAVE_SYS_STAT_H 1
| #define HAVE_STDLIB_H 1
| #define HAVE_STRING_H 1
| #define HAVE_MEMORY_H 1
| #define HAVE_STRINGS_H 1
| #define HAVE_INTTYPES_H 1
| #define HAVE_STDINT_H 1
| #define HAVE_UNISTD_H 1
| /* end confdefs.h.  */
| #include <stdio.h>
| #if HAVE_SYS_TYPES_H
| # include <sys/types.h>
| #endif
| #if HAVE_SYS_STAT_H
| # include <sys/stat.h>
| #endif
| #if STDC_HEADERS
| # include <stdlib.h>
| # include <stddef.h>
| #else
| # if HAVE_STDLIB_H
| #  include <stdlib.h>
| # endif
| #endif
| #if HAVE_STRING_H
| # if !STDC_HEADERS && HAVE_MEMORY_H
| #  include <memory.h>
| # endif
| # include <string.h>
| #endif
| #if HAVE_STRINGS_H
| # include <strings.h>
| #endif
| #if HAVE_INTTYPES_H
| # include <inttypes.h>
| #else
| # if HAVE_STDINT_H
| #  include <stdint.h>
| # endif
| #endif
| #if HAVE_UNISTD_H
| # include <unistd.h>
| #endif
| #include <crypt.h>
configure:7661: result: no
configure:7665: checking crypt.h presence
configure:7675: gcc -no-cpp-precomp -E   conftest.c
conftest.c:29:10: fatal error: 'crypt.h' file not found
#include <crypt.h>
         ^
1 error generated.
configure:7681: $? = 1
configure: failed program was:
| /* confdefs.h.  */
| 
| #define PACKAGE_NAME "PostgreSQL"
| #define PACKAGE_TARNAME "postgresql"
| #define PACKAGE_VERSION "8.2.19"
| #define PACKAGE_STRING "PostgreSQL 8.2.19"
| #define PACKAGE_BUGREPORT "pgsql-bugs@postgresql.org"
| #define PG_VERSION "8.2.19"
| #define DEF_PGPORT 5432
| #define DEF_PGPORT_STR "5432"
| #define PG_VERSION_STR "PostgreSQL 8.2.19 on i386-apple-darwin15.6.0, compiled by GCC Apple LLVM version 8.0.0 (clang-800.0.42.1)"
| #define PG_KRB_SRVNAM "postgres"
| #define PG_VERSION_NUM 80219
| #define HAVE_LIBM 1
| #define HAVE_LIBREADLINE 1
| #define HAVE_LIBZ 1
| #define HAVE_SPINLOCKS 1
| #define STDC_HEADERS 1
| #define HAVE_SYS_TYPES_H 1
| #define HAVE_SYS_STAT_H 1
| #define HAVE_STDLIB_H 1
| #define HAVE_STRING_H 1
| #define HAVE_MEMORY_H 1
| #define HAVE_STRINGS_H 1
| #define HAVE_INTTYPES_H 1
| #define HAVE_STDINT_H 1
| #define HAVE_UNISTD_H 1
| /* end confdefs.h.  */
| #include <crypt.h>
configure:7701: result: no
configure:7736: checking for crypt.h
configure:7743: result: no
configure:7620: checking dld.h usability
configure:7632: gcc -no-cpp-precomp -c -O2 -Wall -Wmissing-prototypes -Wpointer-arith -Winline -Wdeclaration-after-statement -Wendif-labels -fno-strict-aliasing -fwrapv   conftest.c >&5
conftest.c:63:10: fatal error: 'dld.h' file not found
#include <dld.h>
         ^
1 error generated.
configure:7638: $? = 1
configure: failed program was:
| /* confdefs.h.  */
| 
| #define PACKAGE_NAME "PostgreSQL"
| #define PACKAGE_TARNAME "postgresql"
| #define PACKAGE_VERSION "8.2.19"
| #define PACKAGE_STRING "PostgreSQL 8.2.19"
| #define PACKAGE_BUGREPORT "pgsql-bugs@postgresql.org"
| #define PG_VERSION "8.2.19"
| #define DEF_PGPORT 5432
| #define DEF_PGPORT_STR "5432"
| #define PG_VERSION_STR "PostgreSQL 8.2.19 on i386-apple-darwin15.6.0, compiled by GCC Apple LLVM version 8.0.0 (clang-800.0.42.1)"
| #define PG_KRB_SRVNAM "postgres"
| #define PG_VERSION_NUM 80219
| #define HAVE_LIBM 1
| #define HAVE_LIBREADLINE 1
| #define HAVE_LIBZ 1
| #define HAVE_SPINLOCKS 1
| #define STDC_HEADERS 1
| #define HAVE_SYS_TYPES_H 1
| #define HAVE_SYS_STAT_H 1
| #define HAVE_STDLIB_H 1
| #define HAVE_STRING_H 1
| #define HAVE_MEMORY_H 1
| #define HAVE_STRINGS_H 1
| #define HAVE_INTTYPES_H 1
| #define HAVE_STDINT_H 1
| #define HAVE_UNISTD_H 1
| /* end confdefs.h.  */
| #include <stdio.h>
| #if HAVE_SYS_TYPES_H
| # include <sys/types.h>
| #endif
| #if HAVE_SYS_STAT_H
| # include <sys/stat.h>
| #endif
| #if STDC_HEADERS
| # include <stdlib.h>
| # include <stddef.h>
| #else
| # if HAVE_STDLIB_H
| #  include <stdlib.h>
| # endif
| #endif
| #if HAVE_STRING_H
| # if !STDC_HEADERS && HAVE_MEMORY_H
| #  include <memory.h>
| # endif
| # include <string.h>
| #endif
| #if HAVE_STRINGS_H
| # include <strings.h>
| #endif
| #if HAVE_INTTYPES_H
| # include <inttypes.h>
| #else
| # if HAVE_STDINT_H
| #  include <stdint.h>
| # endif
| #endif
| #if HAVE_UNISTD_H
| # include <unistd.h>
| #endif
| #include <dld.h>
configure:7661: result: no
configure:7665: checking dld.h presence
configure:7675: gcc -no-cpp-precomp -E   conftest.c
conftest.c:29:10: fatal error: 'dld.h' file not found
#include <dld.h>
         ^
1 error generated.
configure:7681: $? = 1
configure: failed program was:
| /* confdefs.h.  */
| 
| #define PACKAGE_NAME "PostgreSQL"
| #define PACKAGE_TARNAME "postgresql"
| #define PACKAGE_VERSION "8.2.19"
| #define PACKAGE_STRING "PostgreSQL 8.2.19"
| #define PACKAGE_BUGREPORT "pgsql-bugs@postgresql.org"
| #define PG_VERSION "8.2.19"
| #define DEF_PGPORT 5432
| #define DEF_PGPORT_STR "5432"
| #define PG_VERSION_STR "PostgreSQL 8.2.19 on i386-apple-darwin15.6.0, compiled by GCC Apple LLVM version 8.0.0 (clang-800.0.42.1)"
| #define PG_KRB_SRVNAM "postgres"
| #define PG_VERSION_NUM 80219
| #define HAVE_LIBM 1
| #define HAVE_LIBREADLINE 1
| #define HAVE_LIBZ 1
| #define HAVE_SPINLOCKS 1
| #define STDC_HEADERS 1
| #define HAVE_SYS_TYPES_H 1
| #define HAVE_SYS_STAT_H 1
| #define HAVE_STDLIB_H 1
| #define HAVE_STRING_H 1
| #define HAVE_MEMORY_H 1
| #define HAVE_STRINGS_H 1
| #define HAVE_INTTYPES_H 1
| #define HAVE_STDINT_H 1
| #define HAVE_UNISTD_H 1
| /* end confdefs.h.  */
| #include <dld.h>
configure:7701: result: no
configure:7736: checking for dld.h
configure:7743: result: no
configure:7620: checking endian.h usability
configure:7632: gcc -no-cpp-precomp -c -O2 -Wall -Wmissing-prototypes -Wpointer-arith -Winline -Wdeclaration-after-statement -Wendif-labels -fno-strict-aliasing -fwrapv   conftest.c >&5
conftest.c:63:10: fatal error: 'endian.h' file not found
#include <endian.h>
         ^
1 error generated.
configure:7638: $? = 1
configure: failed program was:
| /* confdefs.h.  */
| 
| #define PACKAGE_NAME "PostgreSQL"
| #define PACKAGE_TARNAME "postgresql"
| #define PACKAGE_VERSION "8.2.19"
| #define PACKAGE_STRING "PostgreSQL 8.2.19"
| #define PACKAGE_BUGREPORT "pgsql-bugs@postgresql.org"
| #define PG_VERSION "8.2.19"
| #define DEF_PGPORT 5432
| #define DEF_PGPORT_STR "5432"
| #define PG_VERSION_STR "PostgreSQL 8.2.19 on i386-apple-darwin15.6.0, compiled by GCC Apple LLVM version 8.0.0 (clang-800.0.42.1)"
| #define PG_KRB_SRVNAM "postgres"
| #define PG_VERSION_NUM 80219
| #define HAVE_LIBM 1
| #define HAVE_LIBREADLINE 1
| #define HAVE_LIBZ 1
| #define HAVE_SPINLOCKS 1
| #define STDC_HEADERS 1
| #define HAVE_SYS_TYPES_H 1
| #define HAVE_SYS_STAT_H 1
| #define HAVE_STDLIB_H 1
| #define HAVE_STRING_H 1
| #define HAVE_MEMORY_H 1
| #define HAVE_STRINGS_H 1
| #define HAVE_INTTYPES_H 1
| #define HAVE_STDINT_H 1
| #define HAVE_UNISTD_H 1
| /* end confdefs.h.  */
| #include <stdio.h>
| #if HAVE_SYS_TYPES_H
| # include <sys/types.h>
| #endif
| #if HAVE_SYS_STAT_H
| # include <sys/stat.h>
| #endif
| #if STDC_HEADERS
| # include <stdlib.h>
| # include <stddef.h>
| #else
| # if HAVE_STDLIB_H
| #  include <stdlib.h>
| # endif
| #endif
| #if HAVE_STRING_H
| # if !STDC_HEADERS && HAVE_MEMORY_H
| #  include <memory.h>
| # endif
| # include <string.h>
| #endif
| #if HAVE_STRINGS_H
| # include <strings.h>
| #endif
| #if HAVE_INTTYPES_H
| # include <inttypes.h>
| #else
| # if HAVE_STDINT_H
| #  include <stdint.h>
| # endif
| #endif
| #if HAVE_UNISTD_H
| # include <unistd.h>
| #endif
| #include <endian.h>
configure:7661: result: no
configure:7665: checking endian.h presence
configure:7675: gcc -no-cpp-precomp -E   conftest.c
conftest.c:29:10: fatal error: 'endian.h' file not found
#include <endian.h>
         ^
1 error generated.
configure:7681: $? = 1
configure: failed program was:
| /* confdefs.h.  */
| 
| #define PACKAGE_NAME "PostgreSQL"
| #define PACKAGE_TARNAME "postgresql"
| #define PACKAGE_VERSION "8.2.19"
| #define PACKAGE_STRING "PostgreSQL 8.2.19"
| #define PACKAGE_BUGREPORT "pgsql-bugs@postgresql.org"
| #define PG_VERSION "8.2.19"
| #define DEF_PGPORT 5432
| #define DEF_PGPORT_STR "5432"
| #define PG_VERSION_STR "PostgreSQL 8.2.19 on i386-apple-darwin15.6.0, compiled by GCC Apple LLVM version 8.0.0 (clang-800.0.42.1)"
| #define PG_KRB_SRVNAM "postgres"
| #define PG_VERSION_NUM 80219
| #define HAVE_LIBM 1
| #define HAVE_LIBREADLINE 1
| #define HAVE_LIBZ 1
| #define HAVE_SPINLOCKS 1
| #define STDC_HEADERS 1
| #define HAVE_SYS_TYPES_H 1
| #define HAVE_SYS_STAT_H 1
| #define HAVE_STDLIB_H 1
| #define HAVE_STRING_H 1
| #define HAVE_MEMORY_H 1
| #define HAVE_STRINGS_H 1
| #define HAVE_INTTYPES_H 1
| #define HAVE_STDINT_H 1
| #define HAVE_UNISTD_H 1
| /* end confdefs.h.  */
| #include <endian.h>
configure:7701: result: no
configure:7736: checking for endian.h
configure:7743: result: no
configure:7620: checking fp_class.h usability
configure:7632: gcc -no-cpp-precomp -c -O2 -Wall -Wmissing-prototypes -Wpointer-arith -Winline -Wdeclaration-after-statement -Wendif-labels -fno-strict-aliasing -fwrapv   conftest.c >&5
conftest.c:63:10: fatal error: 'fp_class.h' file not found
#include <fp_class.h>
         ^
1 error generated.
configure:7638: $? = 1
configure: failed program was:
| /* confdefs.h.  */
| 
| #define PACKAGE_NAME "PostgreSQL"
| #define PACKAGE_TARNAME "postgresql"
| #define PACKAGE_VERSION "8.2.19"
| #define PACKAGE_STRING "PostgreSQL 8.2.19"
| #define PACKAGE_BUGREPORT "pgsql-bugs@postgresql.org"
| #define PG_VERSION "8.2.19"
| #define DEF_PGPORT 5432
| #define DEF_PGPORT_STR "5432"
| #define PG_VERSION_STR "PostgreSQL 8.2.19 on i386-apple-darwin15.6.0, compiled by GCC Apple LLVM version 8.0.0 (clang-800.0.42.1)"
| #define PG_KRB_SRVNAM "postgres"
| #define PG_VERSION_NUM 80219
| #define HAVE_LIBM 1
| #define HAVE_LIBREADLINE 1
| #define HAVE_LIBZ 1
| #define HAVE_SPINLOCKS 1
| #define STDC_HEADERS 1
| #define HAVE_SYS_TYPES_H 1
| #define HAVE_SYS_STAT_H 1
| #define HAVE_STDLIB_H 1
| #define HAVE_STRING_H 1
| #define HAVE_MEMORY_H 1
| #define HAVE_STRINGS_H 1
| #define HAVE_INTTYPES_H 1
| #define HAVE_STDINT_H 1
| #define HAVE_UNISTD_H 1
| /* end confdefs.h.  */
| #include <stdio.h>
| #if HAVE_SYS_TYPES_H
| # include <sys/types.h>
| #endif
| #if HAVE_SYS_STAT_H
| # include <sys/stat.h>
| #endif
| #if STDC_HEADERS
| # include <stdlib.h>
| # include <stddef.h>
| #else
| # if HAVE_STDLIB_H
| #  include <stdlib.h>
| # endif
| #endif
| #if HAVE_STRING_H
| # if !STDC_HEADERS && HAVE_MEMORY_H
| #  include <memory.h>
| # endif
| # include <string.h>
| #endif
| #if HAVE_STRINGS_H
| # include <strings.h>
| #endif
| #if HAVE_INTTYPES_H
| # include <inttypes.h>
| #else
| # if HAVE_STDINT_H
| #  include <stdint.h>
| # endif
| #endif
| #if HAVE_UNISTD_H
| # include <unistd.h>
| #endif
| #include <fp_class.h>
configure:7661: result: no
configure:7665: checking fp_class.h presence
configure:7675: gcc -no-cpp-precomp -E   conftest.c
conftest.c:29:10: fatal error: 'fp_class.h' file not found
#include <fp_class.h>
         ^
1 error generated.
configure:7681: $? = 1
configure: failed program was:
| /* confdefs.h.  */
| 
| #define PACKAGE_NAME "PostgreSQL"
| #define PACKAGE_TARNAME "postgresql"
| #define PACKAGE_VERSION "8.2.19"
| #define PACKAGE_STRING "PostgreSQL 8.2.19"
| #define PACKAGE_BUGREPORT "pgsql-bugs@postgresql.org"
| #define PG_VERSION "8.2.19"
| #define DEF_PGPORT 5432
| #define DEF_PGPORT_STR "5432"
| #define PG_VERSION_STR "PostgreSQL 8.2.19 on i386-apple-darwin15.6.0, compiled by GCC Apple LLVM version 8.0.0 (clang-800.0.42.1)"
| #define PG_KRB_SRVNAM "postgres"
| #define PG_VERSION_NUM 80219
| #define HAVE_LIBM 1
| #define HAVE_LIBREADLINE 1
| #define HAVE_LIBZ 1
| #define HAVE_SPINLOCKS 1
| #define STDC_HEADERS 1
| #define HAVE_SYS_TYPES_H 1
| #define HAVE_SYS_STAT_H 1
| #define HAVE_STDLIB_H 1
| #define HAVE_STRING_H 1
| #define HAVE_MEMORY_H 1
| #define HAVE_STRINGS_H 1
| #define HAVE_INTTYPES_H 1
| #define HAVE_STDINT_H 1
| #define HAVE_UNISTD_H 1
| /* end confdefs.h.  */
| #include <fp_class.h>
configure:7701: result: no
configure:7736: checking for fp_class.h
configure:7743: result: no
configure:7620: checking getopt.h usability
configure:7632: gcc -no-cpp-precomp -c -O2 -Wall -Wmissing-prototypes -Wpointer-arith -Winline -Wdeclaration-after-statement -Wendif-labels -fno-strict-aliasing -fwrapv   conftest.c >&5
configure:7638: $? = 0
configure:7642: test -z 
			 || test ! -s conftest.err
configure:7645: $? = 0
configure:7648: test -s conftest.o
configure:7651: $? = 0
configure:7661: result: yes
configure:7665: checking getopt.h presence
configure:7675: gcc -no-cpp-precomp -E   conftest.c
configure:7681: $? = 0
configure:7701: result: yes
configure:7736: checking for getopt.h
configure:7743: result: yes
configure:7620: checking ieeefp.h usability
configure:7632: gcc -no-cpp-precomp -c -O2 -Wall -Wmissing-prototypes -Wpointer-arith -Winline -Wdeclaration-after-statement -Wendif-labels -fno-strict-aliasing -fwrapv   conftest.c >&5
conftest.c:64:10: fatal error: 'ieeefp.h' file not found
#include <ieeefp.h>
         ^
1 error generated.
configure:7638: $? = 1
configure: failed program was:
| /* confdefs.h.  */
| 
| #define PACKAGE_NAME "PostgreSQL"
| #define PACKAGE_TARNAME "postgresql"
| #define PACKAGE_VERSION "8.2.19"
| #define PACKAGE_STRING "PostgreSQL 8.2.19"
| #define PACKAGE_BUGREPORT "pgsql-bugs@postgresql.org"
| #define PG_VERSION "8.2.19"
| #define DEF_PGPORT 5432
| #define DEF_PGPORT_STR "5432"
| #define PG_VERSION_STR "PostgreSQL 8.2.19 on i386-apple-darwin15.6.0, compiled by GCC Apple LLVM version 8.0.0 (clang-800.0.42.1)"
| #define PG_KRB_SRVNAM "postgres"
| #define PG_VERSION_NUM 80219
| #define HAVE_LIBM 1
| #define HAVE_LIBREADLINE 1
| #define HAVE_LIBZ 1
| #define HAVE_SPINLOCKS 1
| #define STDC_HEADERS 1
| #define HAVE_SYS_TYPES_H 1
| #define HAVE_SYS_STAT_H 1
| #define HAVE_STDLIB_H 1
| #define HAVE_STRING_H 1
| #define HAVE_MEMORY_H 1
| #define HAVE_STRINGS_H 1
| #define HAVE_INTTYPES_H 1
| #define HAVE_STDINT_H 1
| #define HAVE_UNISTD_H 1
| #define HAVE_GETOPT_H 1
| /* end confdefs.h.  */
| #include <stdio.h>
| #if HAVE_SYS_TYPES_H
| # include <sys/types.h>
| #endif
| #if HAVE_SYS_STAT_H
| # include <sys/stat.h>
| #endif
| #if STDC_HEADERS
| # include <stdlib.h>
| # include <stddef.h>
| #else
| # if HAVE_STDLIB_H
| #  include <stdlib.h>
| # endif
| #endif
| #if HAVE_STRING_H
| # if !STDC_HEADERS && HAVE_MEMORY_H
| #  include <memory.h>
| # endif
| # include <string.h>
| #endif
| #if HAVE_STRINGS_H
| # include <strings.h>
| #endif
| #if HAVE_INTTYPES_H
| # include <inttypes.h>
| #else
| # if HAVE_STDINT_H
| #  include <stdint.h>
| # endif
| #endif
| #if HAVE_UNISTD_H
| # include <unistd.h>
| #endif
| #include <ieeefp.h>
configure:7661: result: no
configure:7665: checking ieeefp.h presence
configure:7675: gcc -no-cpp-precomp -E   conftest.c
conftest.c:30:10: fatal error: 'ieeefp.h' file not found
#include <ieeefp.h>
         ^
1 error generated.
configure:7681: $? = 1
configure: failed program was:
| /* confdefs.h.  */
| 
| #define PACKAGE_NAME "PostgreSQL"
| #define PACKAGE_TARNAME "postgresql"
| #define PACKAGE_VERSION "8.2.19"
| #define PACKAGE_STRING "PostgreSQL 8.2.19"
| #define PACKAGE_BUGREPORT "pgsql-bugs@postgresql.org"
| #define PG_VERSION "8.2.19"
| #define DEF_PGPORT 5432
| #define DEF_PGPORT_STR "5432"
| #define PG_VERSION_STR "PostgreSQL 8.2.19 on i386-apple-darwin15.6.0, compiled by GCC Apple LLVM version 8.0.0 (clang-800.0.42.1)"
| #define PG_KRB_SRVNAM "postgres"
| #define PG_VERSION_NUM 80219
| #define HAVE_LIBM 1
| #define HAVE_LIBREADLINE 1
| #define HAVE_LIBZ 1
| #define HAVE_SPINLOCKS 1
| #define STDC_HEADERS 1
| #define HAVE_SYS_TYPES_H 1
| #define HAVE_SYS_STAT_H 1
| #define HAVE_STDLIB_H 1
| #define HAVE_STRING_H 1
| #define HAVE_MEMORY_H 1
| #define HAVE_STRINGS_H 1
| #define HAVE_INTTYPES_H 1
| #define HAVE_STDINT_H 1
| #define HAVE_UNISTD_H 1
| #define HAVE_GETOPT_H 1
| /* end confdefs.h.  */
| #include <ieeefp.h>
configure:7701: result: no
configure:7736: checking for ieeefp.h
configure:7743: result: no
configure:7620: checking langinfo.h usability
configure:7632: gcc -no-cpp-precomp -c -O2 -Wall -Wmissing-prototypes -Wpointer-arith -Winline -Wdeclaration-after-statement -Wendif-labels -fno-strict-aliasing -fwrapv   conftest.c >&5
configure:7638: $? = 0
configure:7642: test -z 
			 || test ! -s conftest.err
configure:7645: $? = 0
configure:7648: test -s conftest.o
configure:7651: $? = 0
configure:7661: result: yes
configure:7665: checking langinfo.h presence
configure:7675: gcc -no-cpp-precomp -E   conftest.c
configure:7681: $? = 0
configure:7701: result: yes
configure:7736: checking for langinfo.h
configure:7743: result: yes
configure:7620: checking poll.h usability
configure:7632: gcc -no-cpp-precomp -c -O2 -Wall -Wmissing-prototypes -Wpointer-arith -Winline -Wdeclaration-after-statement -Wendif-labels -fno-strict-aliasing -fwrapv   conftest.c >&5
configure:7638: $? = 0
configure:7642: test -z 
			 || test ! -s conftest.err
configure:7645: $? = 0
configure:7648: test -s conftest.o
configure:7651: $? = 0
configure:7661: result: yes
configure:7665: checking poll.h presence
configure:7675: gcc -no-cpp-precomp -E   conftest.c
configure:7681: $? = 0
configure:7701: result: yes
configure:7736: checking for poll.h
configure:7743: result: yes
configure:7620: checking pwd.h usability
configure:7632: gcc -no-cpp-precomp -c -O2 -Wall -Wmissing-prototypes -Wpointer-arith -Winline -Wdeclaration-after-statement -Wendif-labels -fno-strict-aliasing -fwrapv   conftest.c >&5
configure:7638: $? = 0
configure:7642: test -z 
			 || test ! -s conftest.err
configure:7645: $? = 0
configure:7648: test -s conftest.o
configure:7651: $? = 0
configure:7661: result: yes
configure:7665: checking pwd.h presence
configure:7675: gcc -no-cpp-precomp -E   conftest.c
configure:7681: $? = 0
configure:7701: result: yes
configure:7736: checking for pwd.h
configure:7743: result: yes
configure:7620: checking sys/ipc.h usability
configure:7632: gcc -no-cpp-precomp -c -O2 -Wall -Wmissing-prototypes -Wpointer-arith -Winline -Wdeclaration-after-statement -Wendif-labels -fno-strict-aliasing -fwrapv   conftest.c >&5
configure:7638: $? = 0
configure:7642: test -z 
			 || test ! -s conftest.err
configure:7645: $? = 0
configure:7648: test -s conftest.o
configure:7651: $? = 0
configure:7661: result: yes
configure:7665: checking sys/ipc.h presence
configure:7675: gcc -no-cpp-precomp -E   conftest.c
configure:7681: $? = 0
configure:7701: result: yes
configure:7736: checking for sys/ipc.h
configure:7743: result: yes
configure:7620: checking sys/poll.h usability
configure:7632: gcc -no-cpp-precomp -c -O2 -Wall -Wmissing-prototypes -Wpointer-arith -Winline -Wdeclaration-after-statement -Wendif-labels -fno-strict-aliasing -fwrapv   conftest.c >&5
configure:7638: $? = 0
configure:7642: test -z 
			 || test ! -s conftest.err
configure:7645: $? = 0
configure:7648: test -s conftest.o
configure:7651: $? = 0
configure:7661: result: yes
configure:7665: checking sys/poll.h presence
configure:7675: gcc -no-cpp-precomp -E   conftest.c
configure:7681: $? = 0
configure:7701: result: yes
configure:7736: checking for sys/poll.h
configure:7743: result: yes
configure:7620: checking sys/pstat.h usability
configure:7632: gcc -no-cpp-precomp -c -O2 -Wall -Wmissing-prototypes -Wpointer-arith -Winline -Wdeclaration-after-statement -Wendif-labels -fno-strict-aliasing -fwrapv   conftest.c >&5
conftest.c:69:10: fatal error: 'sys/pstat.h' file not found
#include <sys/pstat.h>
         ^
1 error generated.
configure:7638: $? = 1
configure: failed program was:
| /* confdefs.h.  */
| 
| #define PACKAGE_NAME "PostgreSQL"
| #define PACKAGE_TARNAME "postgresql"
| #define PACKAGE_VERSION "8.2.19"
| #define PACKAGE_STRING "PostgreSQL 8.2.19"
| #define PACKAGE_BUGREPORT "pgsql-bugs@postgresql.org"
| #define PG_VERSION "8.2.19"
| #define DEF_PGPORT 5432
| #define DEF_PGPORT_STR "5432"
| #define PG_VERSION_STR "PostgreSQL 8.2.19 on i386-apple-darwin15.6.0, compiled by GCC Apple LLVM version 8.0.0 (clang-800.0.42.1)"
| #define PG_KRB_SRVNAM "postgres"
| #define PG_VERSION_NUM 80219
| #define HAVE_LIBM 1
| #define HAVE_LIBREADLINE 1
| #define HAVE_LIBZ 1
| #define HAVE_SPINLOCKS 1
| #define STDC_HEADERS 1
| #define HAVE_SYS_TYPES_H 1
| #define HAVE_SYS_STAT_H 1
| #define HAVE_STDLIB_H 1
| #define HAVE_STRING_H 1
| #define HAVE_MEMORY_H 1
| #define HAVE_STRINGS_H 1
| #define HAVE_INTTYPES_H 1
| #define HAVE_STDINT_H 1
| #define HAVE_UNISTD_H 1
| #define HAVE_GETOPT_H 1
| #define HAVE_LANGINFO_H 1
| #define HAVE_POLL_H 1
| #define HAVE_PWD_H 1
| #define HAVE_SYS_IPC_H 1
| #define HAVE_SYS_POLL_H 1
| /* end confdefs.h.  */
| #include <stdio.h>
| #if HAVE_SYS_TYPES_H
| # include <sys/types.h>
| #endif
| #if HAVE_SYS_STAT_H
| # include <sys/stat.h>
| #endif
| #if STDC_HEADERS
| # include <stdlib.h>
| # include <stddef.h>
| #else
| # if HAVE_STDLIB_H
| #  include <stdlib.h>
| # endif
| #endif
| #if HAVE_STRING_H
| # if !STDC_HEADERS && HAVE_MEMORY_H
| #  include <memory.h>
| # endif
| # include <string.h>
| #endif
| #if HAVE_STRINGS_H
| # include <strings.h>
| #endif
| #if HAVE_INTTYPES_H
| # include <inttypes.h>
| #else
| # if HAVE_STDINT_H
| #  include <stdint.h>
| # endif
| #endif
| #if HAVE_UNISTD_H
| # include <unistd.h>
| #endif
| #include <sys/pstat.h>
configure:7661: result: no
configure:7665: checking sys/pstat.h presence
configure:7675: gcc -no-cpp-precomp -E   conftest.c
conftest.c:35:10: fatal error: 'sys/pstat.h' file not found
#include <sys/pstat.h>
         ^
1 error generated.
configure:7681: $? = 1
configure: failed program was:
| /* confdefs.h.  */
| 
| #define PACKAGE_NAME "PostgreSQL"
| #define PACKAGE_TARNAME "postgresql"
| #define PACKAGE_VERSION "8.2.19"
| #define PACKAGE_STRING "PostgreSQL 8.2.19"
| #define PACKAGE_BUGREPORT "pgsql-bugs@postgresql.org"
| #define PG_VERSION "8.2.19"
| #define DEF_PGPORT 5432
| #define DEF_PGPORT_STR "5432"
| #define PG_VERSION_STR "PostgreSQL 8.2.19 on i386-apple-darwin15.6.0, compiled by GCC Apple LLVM version 8.0.0 (clang-800.0.42.1)"
| #define PG_KRB_SRVNAM "postgres"
| #define PG_VERSION_NUM 80219
| #define HAVE_LIBM 1
| #define HAVE_LIBREADLINE 1
| #define HAVE_LIBZ 1
| #define HAVE_SPINLOCKS 1
| #define STDC_HEADERS 1
| #define HAVE_SYS_TYPES_H 1
| #define HAVE_SYS_STAT_H 1
| #define HAVE_STDLIB_H 1
| #define HAVE_STRING_H 1
| #define HAVE_MEMORY_H 1
| #define HAVE_STRINGS_H 1
| #define HAVE_INTTYPES_H 1
| #define HAVE_STDINT_H 1
| #define HAVE_UNISTD_H 1
| #define HAVE_GETOPT_H 1
| #define HAVE_LANGINFO_H 1
| #define HAVE_POLL_H 1
| #define HAVE_PWD_H 1
| #define HAVE_SYS_IPC_H 1
| #define HAVE_SYS_POLL_H 1
| /* end confdefs.h.  */
| #include <sys/pstat.h>
configure:7701: result: no
configure:7736: checking for sys/pstat.h
configure:7743: result: no
configure:7620: checking sys/resource.h usability
configure:7632: gcc -no-cpp-precomp -c -O2 -Wall -Wmissing-prototypes -Wpointer-arith -Winline -Wdeclaration-after-statement -Wendif-labels -fno-strict-aliasing -fwrapv   conftest.c >&5
configure:7638: $? = 0
configure:7642: test -z 
			 || test ! -s conftest.err
configure:7645: $? = 0
configure:7648: test -s conftest.o
configure:7651: $? = 0
configure:7661: result: yes
configure:7665: checking sys/resource.h presence
configure:7675: gcc -no-cpp-precomp -E   conftest.c
configure:7681: $? = 0
configure:7701: result: yes
configure:7736: checking for sys/resource.h
configure:7743: result: yes
configure:7620: checking sys/select.h usability
configure:7632: gcc -no-cpp-precomp -c -O2 -Wall -Wmissing-prototypes -Wpointer-arith -Winline -Wdeclaration-after-statement -Wendif-labels -fno-strict-aliasing -fwrapv   conftest.c >&5
configure:7638: $? = 0
configure:7642: test -z 
			 || test ! -s conftest.err
configure:7645: $? = 0
configure:7648: test -s conftest.o
configure:7651: $? = 0
configure:7661: result: yes
configure:7665: checking sys/select.h presence
configure:7675: gcc -no-cpp-precomp -E   conftest.c
configure:7681: $? = 0
configure:7701: result: yes
configure:7736: checking for sys/select.h
configure:7743: result: yes
configure:7620: checking sys/sem.h usability
configure:7632: gcc -no-cpp-precomp -c -O2 -Wall -Wmissing-prototypes -Wpointer-arith -Winline -Wdeclaration-after-statement -Wendif-labels -fno-strict-aliasing -fwrapv   conftest.c >&5
configure:7638: $? = 0
configure:7642: test -z 
			 || test ! -s conftest.err
configure:7645: $? = 0
configure:7648: test -s conftest.o
configure:7651: $? = 0
configure:7661: result: yes
configure:7665: checking sys/sem.h presence
configure:7675: gcc -no-cpp-precomp -E   conftest.c
configure:7681: $? = 0
configure:7701: result: yes
configure:7736: checking for sys/sem.h
configure:7743: result: yes
configure:7620: checking sys/socket.h usability
configure:7632: gcc -no-cpp-precomp -c -O2 -Wall -Wmissing-prototypes -Wpointer-arith -Winline -Wdeclaration-after-statement -Wendif-labels -fno-strict-aliasing -fwrapv   conftest.c >&5
configure:7638: $? = 0
configure:7642: test -z 
			 || test ! -s conftest.err
configure:7645: $? = 0
configure:7648: test -s conftest.o
configure:7651: $? = 0
configure:7661: result: yes
configure:7665: checking sys/socket.h presence
configure:7675: gcc -no-cpp-precomp -E   conftest.c
configure:7681: $? = 0
configure:7701: result: yes
configure:7736: checking for sys/socket.h
configure:7743: result: yes
configure:7620: checking sys/shm.h usability
configure:7632: gcc -no-cpp-precomp -c -O2 -Wall -Wmissing-prototypes -Wpointer-arith -Winline -Wdeclaration-after-statement -Wendif-labels -fno-strict-aliasing -fwrapv   conftest.c >&5
configure:7638: $? = 0
configure:7642: test -z 
			 || test ! -s conftest.err
configure:7645: $? = 0
configure:7648: test -s conftest.o
configure:7651: $? = 0
configure:7661: result: yes
configure:7665: checking sys/shm.h presence
configure:7675: gcc -no-cpp-precomp -E   conftest.c
configure:7681: $? = 0
configure:7701: result: yes
configure:7736: checking for sys/shm.h
configure:7743: result: yes
configure:7620: checking sys/time.h usability
configure:7632: gcc -no-cpp-precomp -c -O2 -Wall -Wmissing-prototypes -Wpointer-arith -Winline -Wdeclaration-after-statement -Wendif-labels -fno-strict-aliasing -fwrapv   conftest.c >&5
configure:7638: $? = 0
configure:7642: test -z 
			 || test ! -s conftest.err
configure:7645: $? = 0
configure:7648: test -s conftest.o
configure:7651: $? = 0
configure:7661: result: yes
configure:7665: checking sys/time.h presence
configure:7675: gcc -no-cpp-precomp -E   conftest.c
configure:7681: $? = 0
configure:7701: result: yes
configure:7736: checking for sys/time.h
configure:7743: result: yes
configure:7620: checking sys/un.h usability
configure:7632: gcc -no-cpp-precomp -c -O2 -Wall -Wmissing-prototypes -Wpointer-arith -Winline -Wdeclaration-after-statement -Wendif-labels -fno-strict-aliasing -fwrapv   conftest.c >&5
configure:7638: $? = 0
configure:7642: test -z 
			 || test ! -s conftest.err
configure:7645: $? = 0
configure:7648: test -s conftest.o
configure:7651: $? = 0
configure:7661: result: yes
configure:7665: checking sys/un.h presence
configure:7675: gcc -no-cpp-precomp -E   conftest.c
configure:7681: $? = 0
configure:7701: result: yes
configure:7736: checking for sys/un.h
configure:7743: result: yes
configure:7620: checking termios.h usability
configure:7632: gcc -no-cpp-precomp -c -O2 -Wall -Wmissing-prototypes -Wpointer-arith -Winline -Wdeclaration-after-statement -Wendif-labels -fno-strict-aliasing -fwrapv   conftest.c >&5
configure:7638: $? = 0
configure:7642: test -z 
			 || test ! -s conftest.err
configure:7645: $? = 0
configure:7648: test -s conftest.o
configure:7651: $? = 0
configure:7661: result: yes
configure:7665: checking termios.h presence
configure:7675: gcc -no-cpp-precomp -E   conftest.c
configure:7681: $? = 0
configure:7701: result: yes
configure:7736: checking for termios.h
configure:7743: result: yes
configure:7620: checking utime.h usability
configure:7632: gcc -no-cpp-precomp -c -O2 -Wall -Wmissing-prototypes -Wpointer-arith -Winline -Wdeclaration-after-statement -Wendif-labels -fno-strict-aliasing -fwrapv   conftest.c >&5
configure:7638: $? = 0
configure:7642: test -z 
			 || test ! -s conftest.err
configure:7645: $? = 0
configure:7648: test -s conftest.o
configure:7651: $? = 0
configure:7661: result: yes
configure:7665: checking utime.h presence
configure:7675: gcc -no-cpp-precomp -E   conftest.c
configure:7681: $? = 0
configure:7701: result: yes
configure:7736: checking for utime.h
configure:7743: result: yes
configure:7620: checking wchar.h usability
configure:7632: gcc -no-cpp-precomp -c -O2 -Wall -Wmissing-prototypes -Wpointer-arith -Winline -Wdeclaration-after-statement -Wendif-labels -fno-strict-aliasing -fwrapv   conftest.c >&5
configure:7638: $? = 0
configure:7642: test -z 
			 || test ! -s conftest.err
configure:7645: $? = 0
configure:7648: test -s conftest.o
configure:7651: $? = 0
configure:7661: result: yes
configure:7665: checking wchar.h presence
configure:7675: gcc -no-cpp-precomp -E   conftest.c
configure:7681: $? = 0
configure:7701: result: yes
configure:7736: checking for wchar.h
configure:7743: result: yes
configure:7620: checking wctype.h usability
configure:7632: gcc -no-cpp-precomp -c -O2 -Wall -Wmissing-prototypes -Wpointer-arith -Winline -Wdeclaration-after-statement -Wendif-labels -fno-strict-aliasing -fwrapv   conftest.c >&5
configure:7638: $? = 0
configure:7642: test -z 
			 || test ! -s conftest.err
configure:7645: $? = 0
configure:7648: test -s conftest.o
configure:7651: $? = 0
configure:7661: result: yes
configure:7665: checking wctype.h presence
configure:7675: gcc -no-cpp-precomp -E   conftest.c
configure:7681: $? = 0
configure:7701: result: yes
configure:7736: checking for wctype.h
configure:7743: result: yes
configure:7620: checking kernel/OS.h usability
configure:7632: gcc -no-cpp-precomp -c -O2 -Wall -Wmissing-prototypes -Wpointer-arith -Winline -Wdeclaration-after-statement -Wendif-labels -fno-strict-aliasing -fwrapv   conftest.c >&5
conftest.c:80:10: fatal error: 'kernel/OS.h' file not found
#include <kernel/OS.h>
         ^
1 error generated.
configure:7638: $? = 1
configure: failed program was:
| /* confdefs.h.  */
| 
| #define PACKAGE_NAME "PostgreSQL"
| #define PACKAGE_TARNAME "postgresql"
| #define PACKAGE_VERSION "8.2.19"
| #define PACKAGE_STRING "PostgreSQL 8.2.19"
| #define PACKAGE_BUGREPORT "pgsql-bugs@postgresql.org"
| #define PG_VERSION "8.2.19"
| #define DEF_PGPORT 5432
| #define DEF_PGPORT_STR "5432"
| #define PG_VERSION_STR "PostgreSQL 8.2.19 on i386-apple-darwin15.6.0, compiled by GCC Apple LLVM version 8.0.0 (clang-800.0.42.1)"
| #define PG_KRB_SRVNAM "postgres"
| #define PG_VERSION_NUM 80219
| #define HAVE_LIBM 1
| #define HAVE_LIBREADLINE 1
| #define HAVE_LIBZ 1
| #define HAVE_SPINLOCKS 1
| #define STDC_HEADERS 1
| #define HAVE_SYS_TYPES_H 1
| #define HAVE_SYS_STAT_H 1
| #define HAVE_STDLIB_H 1
| #define HAVE_STRING_H 1
| #define HAVE_MEMORY_H 1
| #define HAVE_STRINGS_H 1
| #define HAVE_INTTYPES_H 1
| #define HAVE_STDINT_H 1
| #define HAVE_UNISTD_H 1
| #define HAVE_GETOPT_H 1
| #define HAVE_LANGINFO_H 1
| #define HAVE_POLL_H 1
| #define HAVE_PWD_H 1
| #define HAVE_SYS_IPC_H 1
| #define HAVE_SYS_POLL_H 1
| #define HAVE_SYS_RESOURCE_H 1
| #define HAVE_SYS_SELECT_H 1
| #define HAVE_SYS_SEM_H 1
| #define HAVE_SYS_SOCKET_H 1
| #define HAVE_SYS_SHM_H 1
| #define HAVE_SYS_TIME_H 1
| #define HAVE_SYS_UN_H 1
| #define HAVE_TERMIOS_H 1
| #define HAVE_UTIME_H 1
| #define HAVE_WCHAR_H 1
| #define HAVE_WCTYPE_H 1
| /* end confdefs.h.  */
| #include <stdio.h>
| #if HAVE_SYS_TYPES_H
| # include <sys/types.h>
| #endif
| #if HAVE_SYS_STAT_H
| # include <sys/stat.h>
| #endif
| #if STDC_HEADERS
| # include <stdlib.h>
| # include <stddef.h>
| #else
| # if HAVE_STDLIB_H
| #  include <stdlib.h>
| # endif
| #endif
| #if HAVE_STRING_H
| # if !STDC_HEADERS && HAVE_MEMORY_H
| #  include <memory.h>
| # endif
| # include <string.h>
| #endif
| #if HAVE_STRINGS_H
| # include <strings.h>
| #endif
| #if HAVE_INTTYPES_H
| # include <inttypes.h>
| #else
| # if HAVE_STDINT_H
| #  include <stdint.h>
| # endif
| #endif
| #if HAVE_UNISTD_H
| # include <unistd.h>
| #endif
| #include <kernel/OS.h>
configure:7661: result: no
configure:7665: checking kernel/OS.h presence
configure:7675: gcc -no-cpp-precomp -E   conftest.c
conftest.c:46:10: fatal error: 'kernel/OS.h' file not found
#include <kernel/OS.h>
         ^
1 error generated.
configure:7681: $? = 1
configure: failed program was:
| /* confdefs.h.  */
| 
| #define PACKAGE_NAME "PostgreSQL"
| #define PACKAGE_TARNAME "postgresql"
| #define PACKAGE_VERSION "8.2.19"
| #define PACKAGE_STRING "PostgreSQL 8.2.19"
| #define PACKAGE_BUGREPORT "pgsql-bugs@postgresql.org"
| #define PG_VERSION "8.2.19"
| #define DEF_PGPORT 5432
| #define DEF_PGPORT_STR "5432"
| #define PG_VERSION_STR "PostgreSQL 8.2.19 on i386-apple-darwin15.6.0, compiled by GCC Apple LLVM version 8.0.0 (clang-800.0.42.1)"
| #define PG_KRB_SRVNAM "postgres"
| #define PG_VERSION_NUM 80219
| #define HAVE_LIBM 1
| #define HAVE_LIBREADLINE 1
| #define HAVE_LIBZ 1
| #define HAVE_SPINLOCKS 1
| #define STDC_HEADERS 1
| #define HAVE_SYS_TYPES_H 1
| #define HAVE_SYS_STAT_H 1
| #define HAVE_STDLIB_H 1
| #define HAVE_STRING_H 1
| #define HAVE_MEMORY_H 1
| #define HAVE_STRINGS_H 1
| #define HAVE_INTTYPES_H 1
| #define HAVE_STDINT_H 1
| #define HAVE_UNISTD_H 1
| #define HAVE_GETOPT_H 1
| #define HAVE_LANGINFO_H 1
| #define HAVE_POLL_H 1
| #define HAVE_PWD_H 1
| #define HAVE_SYS_IPC_H 1
| #define HAVE_SYS_POLL_H 1
| #define HAVE_SYS_RESOURCE_H 1
| #define HAVE_SYS_SELECT_H 1
| #define HAVE_SYS_SEM_H 1
| #define HAVE_SYS_SOCKET_H 1
| #define HAVE_SYS_SHM_H 1
| #define HAVE_SYS_TIME_H 1
| #define HAVE_SYS_UN_H 1
| #define HAVE_TERMIOS_H 1
| #define HAVE_UTIME_H 1
| #define HAVE_WCHAR_H 1
| #define HAVE_WCTYPE_H 1
| /* end confdefs.h.  */
| #include <kernel/OS.h>
configure:7701: result: no
configure:7736: checking for kernel/OS.h
configure:7743: result: no
configure:7620: checking kernel/image.h usability
configure:7632: gcc -no-cpp-precomp -c -O2 -Wall -Wmissing-prototypes -Wpointer-arith -Winline -Wdeclaration-after-statement -Wendif-labels -fno-strict-aliasing -fwrapv   conftest.c >&5
conftest.c:80:10: fatal error: 'kernel/image.h' file not found
#include <kernel/image.h>
         ^
1 error generated.
configure:7638: $? = 1
configure: failed program was:
| /* confdefs.h.  */
| 
| #define PACKAGE_NAME "PostgreSQL"
| #define PACKAGE_TARNAME "postgresql"
| #define PACKAGE_VERSION "8.2.19"
| #define PACKAGE_STRING "PostgreSQL 8.2.19"
| #define PACKAGE_BUGREPORT "pgsql-bugs@postgresql.org"
| #define PG_VERSION "8.2.19"
| #define DEF_PGPORT 5432
| #define DEF_PGPORT_STR "5432"
| #define PG_VERSION_STR "PostgreSQL 8.2.19 on i386-apple-darwin15.6.0, compiled by GCC Apple LLVM version 8.0.0 (clang-800.0.42.1)"
| #define PG_KRB_SRVNAM "postgres"
| #define PG_VERSION_NUM 80219
| #define HAVE_LIBM 1
| #define HAVE_LIBREADLINE 1
| #define HAVE_LIBZ 1
| #define HAVE_SPINLOCKS 1
| #define STDC_HEADERS 1
| #define HAVE_SYS_TYPES_H 1
| #define HAVE_SYS_STAT_H 1
| #define HAVE_STDLIB_H 1
| #define HAVE_STRING_H 1
| #define HAVE_MEMORY_H 1
| #define HAVE_STRINGS_H 1
| #define HAVE_INTTYPES_H 1
| #define HAVE_STDINT_H 1
| #define HAVE_UNISTD_H 1
| #define HAVE_GETOPT_H 1
| #define HAVE_LANGINFO_H 1
| #define HAVE_POLL_H 1
| #define HAVE_PWD_H 1
| #define HAVE_SYS_IPC_H 1
| #define HAVE_SYS_POLL_H 1
| #define HAVE_SYS_RESOURCE_H 1
| #define HAVE_SYS_SELECT_H 1
| #define HAVE_SYS_SEM_H 1
| #define HAVE_SYS_SOCKET_H 1
| #define HAVE_SYS_SHM_H 1
| #define HAVE_SYS_TIME_H 1
| #define HAVE_SYS_UN_H 1
| #define HAVE_TERMIOS_H 1
| #define HAVE_UTIME_H 1
| #define HAVE_WCHAR_H 1
| #define HAVE_WCTYPE_H 1
| /* end confdefs.h.  */
| #include <stdio.h>
| #if HAVE_SYS_TYPES_H
| # include <sys/types.h>
| #endif
| #if HAVE_SYS_STAT_H
| # include <sys/stat.h>
| #endif
| #if STDC_HEADERS
| # include <stdlib.h>
| # include <stddef.h>
| #else
| # if HAVE_STDLIB_H
| #  include <stdlib.h>
| # endif
| #endif
| #if HAVE_STRING_H
| # if !STDC_HEADERS && HAVE_MEMORY_H
| #  include <memory.h>
| # endif
| # include <string.h>
| #endif
| #if HAVE_STRINGS_H
| # include <strings.h>
| #endif
| #if HAVE_INTTYPES_H
| # include <inttypes.h>
| #else
| # if HAVE_STDINT_H
| #  include <stdint.h>
| # endif
| #endif
| #if HAVE_UNISTD_H
| # include <unistd.h>
| #endif
| #include <kernel/image.h>
configure:7661: result: no
configure:7665: checking kernel/image.h presence
configure:7675: gcc -no-cpp-precomp -E   conftest.c
conftest.c:46:10: fatal error: 'kernel/image.h' file not found
#include <kernel/image.h>
         ^
1 error generated.
configure:7681: $? = 1
configure: failed program was:
| /* confdefs.h.  */
| 
| #define PACKAGE_NAME "PostgreSQL"
| #define PACKAGE_TARNAME "postgresql"
| #define PACKAGE_VERSION "8.2.19"
| #define PACKAGE_STRING "PostgreSQL 8.2.19"
| #define PACKAGE_BUGREPORT "pgsql-bugs@postgresql.org"
| #define PG_VERSION "8.2.19"
| #define DEF_PGPORT 5432
| #define DEF_PGPORT_STR "5432"
| #define PG_VERSION_STR "PostgreSQL 8.2.19 on i386-apple-darwin15.6.0, compiled by GCC Apple LLVM version 8.0.0 (clang-800.0.42.1)"
| #define PG_KRB_SRVNAM "postgres"
| #define PG_VERSION_NUM 80219
| #define HAVE_LIBM 1
| #define HAVE_LIBREADLINE 1
| #define HAVE_LIBZ 1
| #define HAVE_SPINLOCKS 1
| #define STDC_HEADERS 1
| #define HAVE_SYS_TYPES_H 1
| #define HAVE_SYS_STAT_H 1
| #define HAVE_STDLIB_H 1
| #define HAVE_STRING_H 1
| #define HAVE_MEMORY_H 1
| #define HAVE_STRINGS_H 1
| #define HAVE_INTTYPES_H 1
| #define HAVE_STDINT_H 1
| #define HAVE_UNISTD_H 1
| #define HAVE_GETOPT_H 1
| #define HAVE_LANGINFO_H 1
| #define HAVE_POLL_H 1
| #define HAVE_PWD_H 1
| #define HAVE_SYS_IPC_H 1
| #define HAVE_SYS_POLL_H 1
| #define HAVE_SYS_RESOURCE_H 1
| #define HAVE_SYS_SELECT_H 1
| #define HAVE_SYS_SEM_H 1
| #define HAVE_SYS_SOCKET_H 1
| #define HAVE_SYS_SHM_H 1
| #define HAVE_SYS_TIME_H 1
| #define HAVE_SYS_UN_H 1
| #define HAVE_TERMIOS_H 1
| #define HAVE_UTIME_H 1
| #define HAVE_WCHAR_H 1
| #define HAVE_WCTYPE_H 1
| /* end confdefs.h.  */
| #include <kernel/image.h>
configure:7701: result: no
configure:7736: checking for kernel/image.h
configure:7743: result: no
configure:7620: checking SupportDefs.h usability
configure:7632: gcc -no-cpp-precomp -c -O2 -Wall -Wmissing-prototypes -Wpointer-arith -Winline -Wdeclaration-after-statement -Wendif-labels -fno-strict-aliasing -fwrapv   conftest.c >&5
conftest.c:80:10: fatal error: 'SupportDefs.h' file not found
#include <SupportDefs.h>
         ^
1 error generated.
configure:7638: $? = 1
configure: failed program was:
| /* confdefs.h.  */
| 
| #define PACKAGE_NAME "PostgreSQL"
| #define PACKAGE_TARNAME "postgresql"
| #define PACKAGE_VERSION "8.2.19"
| #define PACKAGE_STRING "PostgreSQL 8.2.19"
| #define PACKAGE_BUGREPORT "pgsql-bugs@postgresql.org"
| #define PG_VERSION "8.2.19"
| #define DEF_PGPORT 5432
| #define DEF_PGPORT_STR "5432"
| #define PG_VERSION_STR "PostgreSQL 8.2.19 on i386-apple-darwin15.6.0, compiled by GCC Apple LLVM version 8.0.0 (clang-800.0.42.1)"
| #define PG_KRB_SRVNAM "postgres"
| #define PG_VERSION_NUM 80219
| #define HAVE_LIBM 1
| #define HAVE_LIBREADLINE 1
| #define HAVE_LIBZ 1
| #define HAVE_SPINLOCKS 1
| #define STDC_HEADERS 1
| #define HAVE_SYS_TYPES_H 1
| #define HAVE_SYS_STAT_H 1
| #define HAVE_STDLIB_H 1
| #define HAVE_STRING_H 1
| #define HAVE_MEMORY_H 1
| #define HAVE_STRINGS_H 1
| #define HAVE_INTTYPES_H 1
| #define HAVE_STDINT_H 1
| #define HAVE_UNISTD_H 1
| #define HAVE_GETOPT_H 1
| #define HAVE_LANGINFO_H 1
| #define HAVE_POLL_H 1
| #define HAVE_PWD_H 1
| #define HAVE_SYS_IPC_H 1
| #define HAVE_SYS_POLL_H 1
| #define HAVE_SYS_RESOURCE_H 1
| #define HAVE_SYS_SELECT_H 1
| #define HAVE_SYS_SEM_H 1
| #define HAVE_SYS_SOCKET_H 1
| #define HAVE_SYS_SHM_H 1
| #define HAVE_SYS_TIME_H 1
| #define HAVE_SYS_UN_H 1
| #define HAVE_TERMIOS_H 1
| #define HAVE_UTIME_H 1
| #define HAVE_WCHAR_H 1
| #define HAVE_WCTYPE_H 1
| /* end confdefs.h.  */
| #include <stdio.h>
| #if HAVE_SYS_TYPES_H
| # include <sys/types.h>
| #endif
| #if HAVE_SYS_STAT_H
| # include <sys/stat.h>
| #endif
| #if STDC_HEADERS
| # include <stdlib.h>
| # include <stddef.h>
| #else
| # if HAVE_STDLIB_H
| #  include <stdlib.h>
| # endif
| #endif
| #if HAVE_STRING_H
| # if !STDC_HEADERS && HAVE_MEMORY_H
| #  include <memory.h>
| # endif
| # include <string.h>
| #endif
| #if HAVE_STRINGS_H
| # include <strings.h>
| #endif
| #if HAVE_INTTYPES_H
| # include <inttypes.h>
| #else
| # if HAVE_STDINT_H
| #  include <stdint.h>
| # endif
| #endif
| #if HAVE_UNISTD_H
| # include <unistd.h>
| #endif
| #include <SupportDefs.h>
configure:7661: result: no
configure:7665: checking SupportDefs.h presence
configure:7675: gcc -no-cpp-precomp -E   conftest.c
conftest.c:46:10: fatal error: 'SupportDefs.h' file not found
#include <SupportDefs.h>
         ^
1 error generated.
configure:7681: $? = 1
configure: failed program was:
| /* confdefs.h.  */
| 
| #define PACKAGE_NAME "PostgreSQL"
| #define PACKAGE_TARNAME "postgresql"
| #define PACKAGE_VERSION "8.2.19"
| #define PACKAGE_STRING "PostgreSQL 8.2.19"
| #define PACKAGE_BUGREPORT "pgsql-bugs@postgresql.org"
| #define PG_VERSION "8.2.19"
| #define DEF_PGPORT 5432
| #define DEF_PGPORT_STR "5432"
| #define PG_VERSION_STR "PostgreSQL 8.2.19 on i386-apple-darwin15.6.0, compiled by GCC Apple LLVM version 8.0.0 (clang-800.0.42.1)"
| #define PG_KRB_SRVNAM "postgres"
| #define PG_VERSION_NUM 80219
| #define HAVE_LIBM 1
| #define HAVE_LIBREADLINE 1
| #define HAVE_LIBZ 1
| #define HAVE_SPINLOCKS 1
| #define STDC_HEADERS 1
| #define HAVE_SYS_TYPES_H 1
| #define HAVE_SYS_STAT_H 1
| #define HAVE_STDLIB_H 1
| #define HAVE_STRING_H 1
| #define HAVE_MEMORY_H 1
| #define HAVE_STRINGS_H 1
| #define HAVE_INTTYPES_H 1
| #define HAVE_STDINT_H 1
| #define HAVE_UNISTD_H 1
| #define HAVE_GETOPT_H 1
| #define HAVE_LANGINFO_H 1
| #define HAVE_POLL_H 1
| #define HAVE_PWD_H 1
| #define HAVE_SYS_IPC_H 1
| #define HAVE_SYS_POLL_H 1
| #define HAVE_SYS_RESOURCE_H 1
| #define HAVE_SYS_SELECT_H 1
| #define HAVE_SYS_SEM_H 1
| #define HAVE_SYS_SOCKET_H 1
| #define HAVE_SYS_SHM_H 1
| #define HAVE_SYS_TIME_H 1
| #define HAVE_SYS_UN_H 1
| #define HAVE_TERMIOS_H 1
| #define HAVE_UTIME_H 1
| #define HAVE_WCHAR_H 1
| #define HAVE_WCTYPE_H 1
| /* end confdefs.h.  */
| #include <SupportDefs.h>
configure:7701: result: no
configure:7736: checking for SupportDefs.h
configure:7743: result: no
configure:7773: checking netinet/in.h usability
configure:7785: gcc -no-cpp-precomp -c -O2 -Wall -Wmissing-prototypes -Wpointer-arith -Winline -Wdeclaration-after-statement -Wendif-labels -fno-strict-aliasing -fwrapv   conftest.c >&5
configure:7791: $? = 0
configure:7795: test -z 
			 || test ! -s conftest.err
configure:7798: $? = 0
configure:7801: test -s conftest.o
configure:7804: $? = 0
configure:7814: result: yes
configure:7818: checking netinet/in.h presence
configure:7828: gcc -no-cpp-precomp -E   conftest.c
configure:7834: $? = 0
configure:7854: result: yes
configure:7889: checking for netinet/in.h
configure:7896: result: yes
configure:7913: checking for netinet/tcp.h
configure:7933: gcc -no-cpp-precomp -c -O2 -Wall -Wmissing-prototypes -Wpointer-arith -Winline -Wdeclaration-after-statement -Wendif-labels -fno-strict-aliasing -fwrapv   conftest.c >&5
configure:7939: $? = 0
configure:7943: test -z 
			 || test ! -s conftest.err
configure:7946: $? = 0
configure:7949: test -s conftest.o
configure:7952: $? = 0
configure:7963: result: yes
configure:7990: checking readline/readline.h usability
configure:8002: gcc -no-cpp-precomp -c -O2 -Wall -Wmissing-prototypes -Wpointer-arith -Winline -Wdeclaration-after-statement -Wendif-labels -fno-strict-aliasing -fwrapv   conftest.c >&5
configure:8008: $? = 0
configure:8012: test -z 
			 || test ! -s conftest.err
configure:8015: $? = 0
configure:8018: test -s conftest.o
configure:8021: $? = 0
configure:8031: result: yes
configure:8035: checking readline/readline.h presence
configure:8045: gcc -no-cpp-precomp -E   conftest.c
configure:8051: $? = 0
configure:8071: result: yes
configure:8106: checking for readline/readline.h
configure:8113: result: yes
configure:8301: checking readline/history.h usability
configure:8313: gcc -no-cpp-precomp -c -O2 -Wall -Wmissing-prototypes -Wpointer-arith -Winline -Wdeclaration-after-statement -Wendif-labels -fno-strict-aliasing -fwrapv   conftest.c >&5
configure:8319: $? = 0
configure:8323: test -z 
			 || test ! -s conftest.err
configure:8326: $? = 0
configure:8329: test -s conftest.o
configure:8332: $? = 0
configure:8342: result: yes
configure:8346: checking readline/history.h presence
configure:8356: gcc -no-cpp-precomp -E   conftest.c
configure:8362: $? = 0
configure:8382: result: yes
configure:8417: checking for readline/history.h
configure:8424: result: yes
configure:9535: checking zlib.h usability
configure:9547: gcc -no-cpp-precomp -c -O2 -Wall -Wmissing-prototypes -Wpointer-arith -Winline -Wdeclaration-after-statement -Wendif-labels -fno-strict-aliasing -fwrapv   conftest.c >&5
configure:9553: $? = 0
configure:9557: test -z 
			 || test ! -s conftest.err
configure:9560: $? = 0
configure:9563: test -s conftest.o
configure:9566: $? = 0
configure:9576: result: yes
configure:9580: checking zlib.h presence
configure:9590: gcc -no-cpp-precomp -E   conftest.c
configure:9596: $? = 0
configure:9616: result: yes
configure:9651: checking for zlib.h
configure:9658: result: yes
configure:10812: checking for an ANSI C-conforming const
configure:10879: gcc -no-cpp-precomp -c -O2 -Wall -Wmissing-prototypes -Wpointer-arith -Winline -Wdeclaration-after-statement -Wendif-labels -fno-strict-aliasing -fwrapv   conftest.c >&5
conftest.c:77:17: warning: unused variable 's' [-Wunused-variable]
    char const *s = 0 ? (char *) 0 : (char const *) 0;
                ^
conftest.c:97:15: warning: unused variable 'foo' [-Wunused-variable]
    const int foo = 10;
              ^
conftest.c:58:17: warning: unused variable 'x' [-Wunused-variable]
  const charset x;
                ^
conftest.c:64:29: warning: unused variable 'zero' [-Wunused-variable]
  static struct point const zero = {0,0};
                            ^
conftest.c:79:6: warning: variable 't' is uninitialized when used here [-Wuninitialized]
    *t++ = 0;
     ^
conftest.c:76:12: note: initialize the variable 't' to silence this warning
    char *t;
           ^
            = 0
conftest.c:94:18: warning: variable 'b' is uninitialized when used here [-Wuninitialized]
    struct s *b; b->j = 5;
                 ^
conftest.c:94:16: note: initialize the variable 'b' to silence this warning
    struct s *b; b->j = 5;
               ^
                = 0
6 warnings generated.
configure:10885: $? = 0
configure:10889: test -z 
			 || test ! -s conftest.err
configure:10892: $? = 0
configure:10895: test -s conftest.o
configure:10898: $? = 0
configure:10909: result: yes
configure:10920: checking for inline
configure:10941: gcc -no-cpp-precomp -c -O2 -Wall -Wmissing-prototypes -Wpointer-arith -Winline -Wdeclaration-after-statement -Wendif-labels -fno-strict-aliasing -fwrapv   conftest.c >&5
conftest.c:52:21: warning: unused function 'static_foo' [-Wunused-function]
static inline foo_t static_foo () {return 0; }
                    ^
1 warning generated.
configure:10947: $? = 0
configure:10951: test -z 
			 || test ! -s conftest.err
configure:10954: $? = 0
configure:10957: test -s conftest.o
configure:10960: $? = 0
configure:10972: result: inline
configure:10987: checking for preprocessor stringizing operator
configure:11011: result: yes
configure:11021: checking for signed types
configure:11042: gcc -no-cpp-precomp -c -O2 -Wall -Wmissing-prototypes -Wpointer-arith -Winline -Wdeclaration-after-statement -Wendif-labels -fno-strict-aliasing -fwrapv   conftest.c >&5
conftest.c:55:13: warning: unused variable 'c' [-Wunused-variable]
signed char c; signed short s; signed int i;
            ^
conftest.c:55:29: warning: unused variable 's' [-Wunused-variable]
signed char c; signed short s; signed int i;
                            ^
conftest.c:55:43: warning: unused variable 'i' [-Wunused-variable]
signed char c; signed short s; signed int i;
                                          ^
3 warnings generated.
configure:11048: $? = 0
configure:11052: test -z 
			 || test ! -s conftest.err
configure:11055: $? = 0
configure:11058: test -s conftest.o
configure:11061: $? = 0
configure:11072: result: yes
configure:11081: checking for working volatile
configure:11104: gcc -no-cpp-precomp -c -O2 -Wall -Wmissing-prototypes -Wpointer-arith -Winline -Wdeclaration-after-statement -Wendif-labels -fno-strict-aliasing -fwrapv   conftest.c >&5
conftest.c:56:14: warning: unused variable 'x' [-Wunused-variable]
volatile int x;
             ^
conftest.c:57:16: warning: unused variable 'y' [-Wunused-variable]
int * volatile y;
               ^
2 warnings generated.
configure:11110: $? = 0
configure:11114: test -z 
			 || test ! -s conftest.err
configure:11117: $? = 0
configure:11120: test -s conftest.o
configure:11123: $? = 0
configure:11134: result: yes
configure:11144: checking for __func__
configure:11165: gcc -no-cpp-precomp -c -O2 -Wall -Wmissing-prototypes -Wpointer-arith -Winline -Wdeclaration-after-statement -Wendif-labels -fno-strict-aliasing -fwrapv   conftest.c >&5
configure:11171: $? = 0
configure:11175: test -z 
			 || test ! -s conftest.err
configure:11178: $? = 0
configure:11181: test -s conftest.o
configure:11184: $? = 0
configure:11195: result: yes
configure:11265: checking whether struct tm is in sys/time.h or time.h
configure:11288: gcc -no-cpp-precomp -c -O2 -Wall -Wmissing-prototypes -Wpointer-arith -Winline -Wdeclaration-after-statement -Wendif-labels -fno-strict-aliasing -fwrapv   conftest.c >&5
conftest.c:58:20: warning: expression result unused [-Wunused-value]
struct tm *tp; tp->tm_sec;
               ~~  ^~~~~~
conftest.c:58:16: warning: variable 'tp' is uninitialized when used here [-Wuninitialized]
struct tm *tp; tp->tm_sec;
               ^~
conftest.c:58:14: note: initialize the variable 'tp' to silence this warning
struct tm *tp; tp->tm_sec;
             ^
              = NULL
2 warnings generated.
configure:11294: $? = 0
configure:11298: test -z 
			 || test ! -s conftest.err
configure:11301: $? = 0
configure:11304: test -s conftest.o
configure:11307: $? = 0
configure:11318: result: time.h
configure:11328: checking for struct tm.tm_zone
configure:11354: gcc -no-cpp-precomp -c -O2 -Wall -Wmissing-prototypes -Wpointer-arith -Winline -Wdeclaration-after-statement -Wendif-labels -fno-strict-aliasing -fwrapv   conftest.c >&5
configure:11360: $? = 0
configure:11364: test -z 
			 || test ! -s conftest.err
configure:11367: $? = 0
configure:11370: test -s conftest.o
configure:11373: $? = 0
configure:11433: result: yes
configure:11451: checking for tzname
configure:11476: gcc -no-cpp-precomp -o conftest -O2 -Wall -Wmissing-prototypes -Wpointer-arith -Winline -Wdeclaration-after-statement -Wendif-labels -fno-strict-aliasing -fwrapv     conftest.c -lz -lreadline -lm  >&5
conftest.c:62:1: warning: implicit declaration of function 'atoi' is invalid in C99 [-Wimplicit-function-declaration]
atoi(*tzname);
^
1 warning generated.
configure:11482: $? = 0
configure:11486: test -z 
			 || test ! -s conftest.err
configure:11489: $? = 0
configure:11492: test -s conftest
configure:11495: $? = 0
configure:11507: result: yes
configure:11517: checking for union semun
configure:11544: gcc -no-cpp-precomp -c -O2 -Wall -Wmissing-prototypes -Wpointer-arith -Winline -Wdeclaration-after-statement -Wendif-labels -fno-strict-aliasing -fwrapv   conftest.c >&5
configure:11550: $? = 0
configure:11554: test -z 
			 || test ! -s conftest.err
configure:11557: $? = 0
configure:11560: test -s conftest.o
configure:11563: $? = 0
configure:11574: result: yes
configure:11585: checking for struct sockaddr_un
configure:11614: gcc -no-cpp-precomp -c -O2 -Wall -Wmissing-prototypes -Wpointer-arith -Winline -Wdeclaration-after-statement -Wendif-labels -fno-strict-aliasing -fwrapv   conftest.c >&5
configure:11620: $? = 0
configure:11624: test -z 
			 || test ! -s conftest.err
configure:11627: $? = 0
configure:11630: test -s conftest.o
configure:11633: $? = 0
configure:11644: result: yes
configure:11659: checking for struct sockaddr_storage
configure:11688: gcc -no-cpp-precomp -c -O2 -Wall -Wmissing-prototypes -Wpointer-arith -Winline -Wdeclaration-after-statement -Wendif-labels -fno-strict-aliasing -fwrapv   conftest.c >&5
configure:11694: $? = 0
configure:11698: test -z 
			 || test ! -s conftest.err
configure:11701: $? = 0
configure:11704: test -s conftest.o
configure:11707: $? = 0
configure:11718: result: yes
configure:11729: checking for struct sockaddr_storage.ss_family
configure:11757: gcc -no-cpp-precomp -c -O2 -Wall -Wmissing-prototypes -Wpointer-arith -Winline -Wdeclaration-after-statement -Wendif-labels -fno-strict-aliasing -fwrapv   conftest.c >&5
configure:11763: $? = 0
configure:11767: test -z 
			 || test ! -s conftest.err
configure:11770: $? = 0
configure:11773: test -s conftest.o
configure:11776: $? = 0
configure:11838: result: yes
configure:11848: checking for struct sockaddr_storage.__ss_family
configure:11876: gcc -no-cpp-precomp -c -O2 -Wall -Wmissing-prototypes -Wpointer-arith -Winline -Wdeclaration-after-statement -Wendif-labels -fno-strict-aliasing -fwrapv   conftest.c >&5
conftest.c:70:13: error: no member named '__ss_family' in 'struct sockaddr_storage'; did you mean 'ss_family'?
if (ac_aggr.__ss_family)
            ^~~~~~~~~~~
            ss_family
/usr/include/sys/socket.h:337:14: note: 'ss_family' declared here
        sa_family_t     ss_family;      /* [XSI] address family */
                        ^
1 error generated.
configure:11882: $? = 1
configure: failed program was:
| /* confdefs.h.  */
| 
| #define PACKAGE_NAME "PostgreSQL"
| #define PACKAGE_TARNAME "postgresql"
| #define PACKAGE_VERSION "8.2.19"
| #define PACKAGE_STRING "PostgreSQL 8.2.19"
| #define PACKAGE_BUGREPORT "pgsql-bugs@postgresql.org"
| #define PG_VERSION "8.2.19"
| #define DEF_PGPORT 5432
| #define DEF_PGPORT_STR "5432"
| #define PG_VERSION_STR "PostgreSQL 8.2.19 on i386-apple-darwin15.6.0, compiled by GCC Apple LLVM version 8.0.0 (clang-800.0.42.1)"
| #define PG_KRB_SRVNAM "postgres"
| #define PG_VERSION_NUM 80219
| #define HAVE_LIBM 1
| #define HAVE_LIBREADLINE 1
| #define HAVE_LIBZ 1
| #define HAVE_SPINLOCKS 1
| #define STDC_HEADERS 1
| #define HAVE_SYS_TYPES_H 1
| #define HAVE_SYS_STAT_H 1
| #define HAVE_STDLIB_H 1
| #define HAVE_STRING_H 1
| #define HAVE_MEMORY_H 1
| #define HAVE_STRINGS_H 1
| #define HAVE_INTTYPES_H 1
| #define HAVE_STDINT_H 1
| #define HAVE_UNISTD_H 1
| #define HAVE_GETOPT_H 1
| #define HAVE_LANGINFO_H 1
| #define HAVE_POLL_H 1
| #define HAVE_PWD_H 1
| #define HAVE_SYS_IPC_H 1
| #define HAVE_SYS_POLL_H 1
| #define HAVE_SYS_RESOURCE_H 1
| #define HAVE_SYS_SELECT_H 1
| #define HAVE_SYS_SEM_H 1
| #define HAVE_SYS_SOCKET_H 1
| #define HAVE_SYS_SHM_H 1
| #define HAVE_SYS_TIME_H 1
| #define HAVE_SYS_UN_H 1
| #define HAVE_TERMIOS_H 1
| #define HAVE_UTIME_H 1
| #define HAVE_WCHAR_H 1
| #define HAVE_WCTYPE_H 1
| #define HAVE_NETINET_IN_H 1
| #define HAVE_NETINET_TCP_H 1
| #define HAVE_READLINE_READLINE_H 1
| #define HAVE_READLINE_HISTORY_H 1
| #define HAVE_STRINGIZE 1
| #define HAVE_FUNCNAME__FUNC 1
| #define HAVE_STRUCT_TM_TM_ZONE 1
| #define HAVE_TM_ZONE 1
| #define HAVE_TZNAME 1
| #define HAVE_UNION_SEMUN 1
| #define HAVE_STRUCT_SOCKADDR_UN 1
| #define HAVE_UNIX_SOCKETS 1
| #define HAVE_STRUCT_SOCKADDR_STORAGE 1
| #define HAVE_STRUCT_SOCKADDR_STORAGE_SS_FAMILY 1
| /* end confdefs.h.  */
| #include <sys/types.h>
| #ifdef HAVE_SYS_SOCKET_H
| #include <sys/socket.h>
| #endif
| 
| 
| int
| main ()
| {
| static struct sockaddr_storage ac_aggr;
| if (ac_aggr.__ss_family)
| return 0;
|   ;
|   return 0;
| }
configure:11925: gcc -no-cpp-precomp -c -O2 -Wall -Wmissing-prototypes -Wpointer-arith -Winline -Wdeclaration-after-statement -Wendif-labels -fno-strict-aliasing -fwrapv   conftest.c >&5
conftest.c:70:20: error: no member named '__ss_family' in 'struct sockaddr_storage'; did you mean 'ss_family'?
if (sizeof ac_aggr.__ss_family)
                   ^~~~~~~~~~~
                   ss_family
/usr/include/sys/socket.h:337:14: note: 'ss_family' declared here
        sa_family_t     ss_family;      /* [XSI] address family */
                        ^
1 error generated.
configure:11931: $? = 1
configure: failed program was:
| /* confdefs.h.  */
| 
| #define PACKAGE_NAME "PostgreSQL"
| #define PACKAGE_TARNAME "postgresql"
| #define PACKAGE_VERSION "8.2.19"
| #define PACKAGE_STRING "PostgreSQL 8.2.19"
| #define PACKAGE_BUGREPORT "pgsql-bugs@postgresql.org"
| #define PG_VERSION "8.2.19"
| #define DEF_PGPORT 5432
| #define DEF_PGPORT_STR "5432"
| #define PG_VERSION_STR "PostgreSQL 8.2.19 on i386-apple-darwin15.6.0, compiled by GCC Apple LLVM version 8.0.0 (clang-800.0.42.1)"
| #define PG_KRB_SRVNAM "postgres"
| #define PG_VERSION_NUM 80219
| #define HAVE_LIBM 1
| #define HAVE_LIBREADLINE 1
| #define HAVE_LIBZ 1
| #define HAVE_SPINLOCKS 1
| #define STDC_HEADERS 1
| #define HAVE_SYS_TYPES_H 1
| #define HAVE_SYS_STAT_H 1
| #define HAVE_STDLIB_H 1
| #define HAVE_STRING_H 1
| #define HAVE_MEMORY_H 1
| #define HAVE_STRINGS_H 1
| #define HAVE_INTTYPES_H 1
| #define HAVE_STDINT_H 1
| #define HAVE_UNISTD_H 1
| #define HAVE_GETOPT_H 1
| #define HAVE_LANGINFO_H 1
| #define HAVE_POLL_H 1
| #define HAVE_PWD_H 1
| #define HAVE_SYS_IPC_H 1
| #define HAVE_SYS_POLL_H 1
| #define HAVE_SYS_RESOURCE_H 1
| #define HAVE_SYS_SELECT_H 1
| #define HAVE_SYS_SEM_H 1
| #define HAVE_SYS_SOCKET_H 1
| #define HAVE_SYS_SHM_H 1
| #define HAVE_SYS_TIME_H 1
| #define HAVE_SYS_UN_H 1
| #define HAVE_TERMIOS_H 1
| #define HAVE_UTIME_H 1
| #define HAVE_WCHAR_H 1
| #define HAVE_WCTYPE_H 1
| #define HAVE_NETINET_IN_H 1
| #define HAVE_NETINET_TCP_H 1
| #define HAVE_READLINE_READLINE_H 1
| #define HAVE_READLINE_HISTORY_H 1
| #define HAVE_STRINGIZE 1
| #define HAVE_FUNCNAME__FUNC 1
| #define HAVE_STRUCT_TM_TM_ZONE 1
| #define HAVE_TM_ZONE 1
| #define HAVE_TZNAME 1
| #define HAVE_UNION_SEMUN 1
| #define HAVE_STRUCT_SOCKADDR_UN 1
| #define HAVE_UNIX_SOCKETS 1
| #define HAVE_STRUCT_SOCKADDR_STORAGE 1
| #define HAVE_STRUCT_SOCKADDR_STORAGE_SS_FAMILY 1
| /* end confdefs.h.  */
| #include <sys/types.h>
| #ifdef HAVE_SYS_SOCKET_H
| #include <sys/socket.h>
| #endif
| 
| 
| int
| main ()
| {
| static struct sockaddr_storage ac_aggr;
| if (sizeof ac_aggr.__ss_family)
| return 0;
|   ;
|   return 0;
| }
configure:11957: result: no
configure:11967: checking for struct sockaddr_storage.ss_len
configure:11995: gcc -no-cpp-precomp -c -O2 -Wall -Wmissing-prototypes -Wpointer-arith -Winline -Wdeclaration-after-statement -Wendif-labels -fno-strict-aliasing -fwrapv   conftest.c >&5
configure:12001: $? = 0
configure:12005: test -z 
			 || test ! -s conftest.err
configure:12008: $? = 0
configure:12011: test -s conftest.o
configure:12014: $? = 0
configure:12076: result: yes
configure:12086: checking for struct sockaddr_storage.__ss_len
configure:12114: gcc -no-cpp-precomp -c -O2 -Wall -Wmissing-prototypes -Wpointer-arith -Winline -Wdeclaration-after-statement -Wendif-labels -fno-strict-aliasing -fwrapv   conftest.c >&5
conftest.c:71:13: error: no member named '__ss_len' in 'struct sockaddr_storage'; did you mean 'ss_len'?
if (ac_aggr.__ss_len)
            ^~~~~~~~
            ss_len
/usr/include/sys/socket.h:336:12: note: 'ss_len' declared here
        __uint8_t       ss_len;         /* address length */
                        ^
1 error generated.
configure:12120: $? = 1
configure: failed program was:
| /* confdefs.h.  */
| 
| #define PACKAGE_NAME "PostgreSQL"
| #define PACKAGE_TARNAME "postgresql"
| #define PACKAGE_VERSION "8.2.19"
| #define PACKAGE_STRING "PostgreSQL 8.2.19"
| #define PACKAGE_BUGREPORT "pgsql-bugs@postgresql.org"
| #define PG_VERSION "8.2.19"
| #define DEF_PGPORT 5432
| #define DEF_PGPORT_STR "5432"
| #define PG_VERSION_STR "PostgreSQL 8.2.19 on i386-apple-darwin15.6.0, compiled by GCC Apple LLVM version 8.0.0 (clang-800.0.42.1)"
| #define PG_KRB_SRVNAM "postgres"
| #define PG_VERSION_NUM 80219
| #define HAVE_LIBM 1
| #define HAVE_LIBREADLINE 1
| #define HAVE_LIBZ 1
| #define HAVE_SPINLOCKS 1
| #define STDC_HEADERS 1
| #define HAVE_SYS_TYPES_H 1
| #define HAVE_SYS_STAT_H 1
| #define HAVE_STDLIB_H 1
| #define HAVE_STRING_H 1
| #define HAVE_MEMORY_H 1
| #define HAVE_STRINGS_H 1
| #define HAVE_INTTYPES_H 1
| #define HAVE_STDINT_H 1
| #define HAVE_UNISTD_H 1
| #define HAVE_GETOPT_H 1
| #define HAVE_LANGINFO_H 1
| #define HAVE_POLL_H 1
| #define HAVE_PWD_H 1
| #define HAVE_SYS_IPC_H 1
| #define HAVE_SYS_POLL_H 1
| #define HAVE_SYS_RESOURCE_H 1
| #define HAVE_SYS_SELECT_H 1
| #define HAVE_SYS_SEM_H 1
| #define HAVE_SYS_SOCKET_H 1
| #define HAVE_SYS_SHM_H 1
| #define HAVE_SYS_TIME_H 1
| #define HAVE_SYS_UN_H 1
| #define HAVE_TERMIOS_H 1
| #define HAVE_UTIME_H 1
| #define HAVE_WCHAR_H 1
| #define HAVE_WCTYPE_H 1
| #define HAVE_NETINET_IN_H 1
| #define HAVE_NETINET_TCP_H 1
| #define HAVE_READLINE_READLINE_H 1
| #define HAVE_READLINE_HISTORY_H 1
| #define HAVE_STRINGIZE 1
| #define HAVE_FUNCNAME__FUNC 1
| #define HAVE_STRUCT_TM_TM_ZONE 1
| #define HAVE_TM_ZONE 1
| #define HAVE_TZNAME 1
| #define HAVE_UNION_SEMUN 1
| #define HAVE_STRUCT_SOCKADDR_UN 1
| #define HAVE_UNIX_SOCKETS 1
| #define HAVE_STRUCT_SOCKADDR_STORAGE 1
| #define HAVE_STRUCT_SOCKADDR_STORAGE_SS_FAMILY 1
| #define HAVE_STRUCT_SOCKADDR_STORAGE_SS_LEN 1
| /* end confdefs.h.  */
| #include <sys/types.h>
| #ifdef HAVE_SYS_SOCKET_H
| #include <sys/socket.h>
| #endif
| 
| 
| int
| main ()
| {
| static struct sockaddr_storage ac_aggr;
| if (ac_aggr.__ss_len)
| return 0;
|   ;
|   return 0;
| }
configure:12163: gcc -no-cpp-precomp -c -O2 -Wall -Wmissing-prototypes -Wpointer-arith -Winline -Wdeclaration-after-statement -Wendif-labels -fno-strict-aliasing -fwrapv   conftest.c >&5
conftest.c:71:20: error: no member named '__ss_len' in 'struct sockaddr_storage'; did you mean 'ss_len'?
if (sizeof ac_aggr.__ss_len)
                   ^~~~~~~~
                   ss_len
/usr/include/sys/socket.h:336:12: note: 'ss_len' declared here
        __uint8_t       ss_len;         /* address length */
                        ^
1 error generated.
configure:12169: $? = 1
configure: failed program was:
| /* confdefs.h.  */
| 
| #define PACKAGE_NAME "PostgreSQL"
| #define PACKAGE_TARNAME "postgresql"
| #define PACKAGE_VERSION "8.2.19"
| #define PACKAGE_STRING "PostgreSQL 8.2.19"
| #define PACKAGE_BUGREPORT "pgsql-bugs@postgresql.org"
| #define PG_VERSION "8.2.19"
| #define DEF_PGPORT 5432
| #define DEF_PGPORT_STR "5432"
| #define PG_VERSION_STR "PostgreSQL 8.2.19 on i386-apple-darwin15.6.0, compiled by GCC Apple LLVM version 8.0.0 (clang-800.0.42.1)"
| #define PG_KRB_SRVNAM "postgres"
| #define PG_VERSION_NUM 80219
| #define HAVE_LIBM 1
| #define HAVE_LIBREADLINE 1
| #define HAVE_LIBZ 1
| #define HAVE_SPINLOCKS 1
| #define STDC_HEADERS 1
| #define HAVE_SYS_TYPES_H 1
| #define HAVE_SYS_STAT_H 1
| #define HAVE_STDLIB_H 1
| #define HAVE_STRING_H 1
| #define HAVE_MEMORY_H 1
| #define HAVE_STRINGS_H 1
| #define HAVE_INTTYPES_H 1
| #define HAVE_STDINT_H 1
| #define HAVE_UNISTD_H 1
| #define HAVE_GETOPT_H 1
| #define HAVE_LANGINFO_H 1
| #define HAVE_POLL_H 1
| #define HAVE_PWD_H 1
| #define HAVE_SYS_IPC_H 1
| #define HAVE_SYS_POLL_H 1
| #define HAVE_SYS_RESOURCE_H 1
| #define HAVE_SYS_SELECT_H 1
| #define HAVE_SYS_SEM_H 1
| #define HAVE_SYS_SOCKET_H 1
| #define HAVE_SYS_SHM_H 1
| #define HAVE_SYS_TIME_H 1
| #define HAVE_SYS_UN_H 1
| #define HAVE_TERMIOS_H 1
| #define HAVE_UTIME_H 1
| #define HAVE_WCHAR_H 1
| #define HAVE_WCTYPE_H 1
| #define HAVE_NETINET_IN_H 1
| #define HAVE_NETINET_TCP_H 1
| #define HAVE_READLINE_READLINE_H 1
| #define HAVE_READLINE_HISTORY_H 1
| #define HAVE_STRINGIZE 1
| #define HAVE_FUNCNAME__FUNC 1
| #define HAVE_STRUCT_TM_TM_ZONE 1
| #define HAVE_TM_ZONE 1
| #define HAVE_TZNAME 1
| #define HAVE_UNION_SEMUN 1
| #define HAVE_STRUCT_SOCKADDR_UN 1
| #define HAVE_UNIX_SOCKETS 1
| #define HAVE_STRUCT_SOCKADDR_STORAGE 1
| #define HAVE_STRUCT_SOCKADDR_STORAGE_SS_FAMILY 1
| #define HAVE_STRUCT_SOCKADDR_STORAGE_SS_LEN 1
| /* end confdefs.h.  */
| #include <sys/types.h>
| #ifdef HAVE_SYS_SOCKET_H
| #include <sys/socket.h>
| #endif
| 
| 
| int
| main ()
| {
| static struct sockaddr_storage ac_aggr;
| if (sizeof ac_aggr.__ss_len)
| return 0;
|   ;
|   return 0;
| }
configure:12195: result: no
configure:12205: checking for struct sockaddr.sa_len
configure:12233: gcc -no-cpp-precomp -c -O2 -Wall -Wmissing-prototypes -Wpointer-arith -Winline -Wdeclaration-after-statement -Wendif-labels -fno-strict-aliasing -fwrapv   conftest.c >&5
configure:12239: $? = 0
configure:12243: test -z 
			 || test ! -s conftest.err
configure:12246: $? = 0
configure:12249: test -s conftest.o
configure:12252: $? = 0
configure:12314: result: yes
configure:12325: checking for struct addrinfo
configure:12353: gcc -no-cpp-precomp -c -O2 -Wall -Wmissing-prototypes -Wpointer-arith -Winline -Wdeclaration-after-statement -Wendif-labels -fno-strict-aliasing -fwrapv   conftest.c >&5
configure:12359: $? = 0
configure:12363: test -z 
			 || test ! -s conftest.err
configure:12366: $? = 0
configure:12369: test -s conftest.o
configure:12372: $? = 0
configure:12383: result: yes
configure:12395: checking for struct cmsgcred
configure:12423: gcc -no-cpp-precomp -c -O2 -Wall -Wmissing-prototypes -Wpointer-arith -Winline -Wdeclaration-after-statement -Wendif-labels -fno-strict-aliasing -fwrapv   conftest.c >&5
conftest.c:73:5: error: invalid application of 'sizeof' to an incomplete type 'struct cmsgcred'
if (sizeof (struct cmsgcred))
    ^      ~~~~~~~~~~~~~~~~~
conftest.c:73:20: note: forward declaration of 'struct cmsgcred'
if (sizeof (struct cmsgcred))
                   ^
1 error generated.
configure:12429: $? = 1
configure: failed program was:
| /* confdefs.h.  */
| 
| #define PACKAGE_NAME "PostgreSQL"
| #define PACKAGE_TARNAME "postgresql"
| #define PACKAGE_VERSION "8.2.19"
| #define PACKAGE_STRING "PostgreSQL 8.2.19"
| #define PACKAGE_BUGREPORT "pgsql-bugs@postgresql.org"
| #define PG_VERSION "8.2.19"
| #define DEF_PGPORT 5432
| #define DEF_PGPORT_STR "5432"
| #define PG_VERSION_STR "PostgreSQL 8.2.19 on i386-apple-darwin15.6.0, compiled by GCC Apple LLVM version 8.0.0 (clang-800.0.42.1)"
| #define PG_KRB_SRVNAM "postgres"
| #define PG_VERSION_NUM 80219
| #define HAVE_LIBM 1
| #define HAVE_LIBREADLINE 1
| #define HAVE_LIBZ 1
| #define HAVE_SPINLOCKS 1
| #define STDC_HEADERS 1
| #define HAVE_SYS_TYPES_H 1
| #define HAVE_SYS_STAT_H 1
| #define HAVE_STDLIB_H 1
| #define HAVE_STRING_H 1
| #define HAVE_MEMORY_H 1
| #define HAVE_STRINGS_H 1
| #define HAVE_INTTYPES_H 1
| #define HAVE_STDINT_H 1
| #define HAVE_UNISTD_H 1
| #define HAVE_GETOPT_H 1
| #define HAVE_LANGINFO_H 1
| #define HAVE_POLL_H 1
| #define HAVE_PWD_H 1
| #define HAVE_SYS_IPC_H 1
| #define HAVE_SYS_POLL_H 1
| #define HAVE_SYS_RESOURCE_H 1
| #define HAVE_SYS_SELECT_H 1
| #define HAVE_SYS_SEM_H 1
| #define HAVE_SYS_SOCKET_H 1
| #define HAVE_SYS_SHM_H 1
| #define HAVE_SYS_TIME_H 1
| #define HAVE_SYS_UN_H 1
| #define HAVE_TERMIOS_H 1
| #define HAVE_UTIME_H 1
| #define HAVE_WCHAR_H 1
| #define HAVE_WCTYPE_H 1
| #define HAVE_NETINET_IN_H 1
| #define HAVE_NETINET_TCP_H 1
| #define HAVE_READLINE_READLINE_H 1
| #define HAVE_READLINE_HISTORY_H 1
| #define HAVE_STRINGIZE 1
| #define HAVE_FUNCNAME__FUNC 1
| #define HAVE_STRUCT_TM_TM_ZONE 1
| #define HAVE_TM_ZONE 1
| #define HAVE_TZNAME 1
| #define HAVE_UNION_SEMUN 1
| #define HAVE_STRUCT_SOCKADDR_UN 1
| #define HAVE_UNIX_SOCKETS 1
| #define HAVE_STRUCT_SOCKADDR_STORAGE 1
| #define HAVE_STRUCT_SOCKADDR_STORAGE_SS_FAMILY 1
| #define HAVE_STRUCT_SOCKADDR_STORAGE_SS_LEN 1
| #define HAVE_STRUCT_SOCKADDR_SA_LEN 1
| #define HAVE_STRUCT_ADDRINFO 1
| /* end confdefs.h.  */
| #include <sys/param.h>
| #include <sys/types.h>
| #include <sys/socket.h>
| #include <sys/ucred.h>
| 
| int
| main ()
| {
| if ((struct cmsgcred *) 0)
|   return 0;
| if (sizeof (struct cmsgcred))
|   return 0;
|   ;
|   return 0;
| }
configure:12453: result: no
configure:12463: checking for struct fcred
configure:12491: gcc -no-cpp-precomp -c -O2 -Wall -Wmissing-prototypes -Wpointer-arith -Winline -Wdeclaration-after-statement -Wendif-labels -fno-strict-aliasing -fwrapv   conftest.c >&5
conftest.c:73:5: error: invalid application of 'sizeof' to an incomplete type 'struct fcred'
if (sizeof (struct fcred))
    ^      ~~~~~~~~~~~~~~
conftest.c:73:20: note: forward declaration of 'struct fcred'
if (sizeof (struct fcred))
                   ^
1 error generated.
configure:12497: $? = 1
configure: failed program was:
| /* confdefs.h.  */
| 
| #define PACKAGE_NAME "PostgreSQL"
| #define PACKAGE_TARNAME "postgresql"
| #define PACKAGE_VERSION "8.2.19"
| #define PACKAGE_STRING "PostgreSQL 8.2.19"
| #define PACKAGE_BUGREPORT "pgsql-bugs@postgresql.org"
| #define PG_VERSION "8.2.19"
| #define DEF_PGPORT 5432
| #define DEF_PGPORT_STR "5432"
| #define PG_VERSION_STR "PostgreSQL 8.2.19 on i386-apple-darwin15.6.0, compiled by GCC Apple LLVM version 8.0.0 (clang-800.0.42.1)"
| #define PG_KRB_SRVNAM "postgres"
| #define PG_VERSION_NUM 80219
| #define HAVE_LIBM 1
| #define HAVE_LIBREADLINE 1
| #define HAVE_LIBZ 1
| #define HAVE_SPINLOCKS 1
| #define STDC_HEADERS 1
| #define HAVE_SYS_TYPES_H 1
| #define HAVE_SYS_STAT_H 1
| #define HAVE_STDLIB_H 1
| #define HAVE_STRING_H 1
| #define HAVE_MEMORY_H 1
| #define HAVE_STRINGS_H 1
| #define HAVE_INTTYPES_H 1
| #define HAVE_STDINT_H 1
| #define HAVE_UNISTD_H 1
| #define HAVE_GETOPT_H 1
| #define HAVE_LANGINFO_H 1
| #define HAVE_POLL_H 1
| #define HAVE_PWD_H 1
| #define HAVE_SYS_IPC_H 1
| #define HAVE_SYS_POLL_H 1
| #define HAVE_SYS_RESOURCE_H 1
| #define HAVE_SYS_SELECT_H 1
| #define HAVE_SYS_SEM_H 1
| #define HAVE_SYS_SOCKET_H 1
| #define HAVE_SYS_SHM_H 1
| #define HAVE_SYS_TIME_H 1
| #define HAVE_SYS_UN_H 1
| #define HAVE_TERMIOS_H 1
| #define HAVE_UTIME_H 1
| #define HAVE_WCHAR_H 1
| #define HAVE_WCTYPE_H 1
| #define HAVE_NETINET_IN_H 1
| #define HAVE_NETINET_TCP_H 1
| #define HAVE_READLINE_READLINE_H 1
| #define HAVE_READLINE_HISTORY_H 1
| #define HAVE_STRINGIZE 1
| #define HAVE_FUNCNAME__FUNC 1
| #define HAVE_STRUCT_TM_TM_ZONE 1
| #define HAVE_TM_ZONE 1
| #define HAVE_TZNAME 1
| #define HAVE_UNION_SEMUN 1
| #define HAVE_STRUCT_SOCKADDR_UN 1
| #define HAVE_UNIX_SOCKETS 1
| #define HAVE_STRUCT_SOCKADDR_STORAGE 1
| #define HAVE_STRUCT_SOCKADDR_STORAGE_SS_FAMILY 1
| #define HAVE_STRUCT_SOCKADDR_STORAGE_SS_LEN 1
| #define HAVE_STRUCT_SOCKADDR_SA_LEN 1
| #define HAVE_STRUCT_ADDRINFO 1
| /* end confdefs.h.  */
| #include <sys/param.h>
| #include <sys/types.h>
| #include <sys/socket.h>
| #include <sys/ucred.h>
| 
| int
| main ()
| {
| if ((struct fcred *) 0)
|   return 0;
| if (sizeof (struct fcred))
|   return 0;
|   ;
|   return 0;
| }
configure:12521: result: no
configure:12531: checking for struct sockcred
configure:12559: gcc -no-cpp-precomp -c -O2 -Wall -Wmissing-prototypes -Wpointer-arith -Winline -Wdeclaration-after-statement -Wendif-labels -fno-strict-aliasing -fwrapv   conftest.c >&5
conftest.c:73:5: error: invalid application of 'sizeof' to an incomplete type 'struct sockcred'
if (sizeof (struct sockcred))
    ^      ~~~~~~~~~~~~~~~~~
conftest.c:73:20: note: forward declaration of 'struct sockcred'
if (sizeof (struct sockcred))
                   ^
1 error generated.
configure:12565: $? = 1
configure: failed program was:
| /* confdefs.h.  */
| 
| #define PACKAGE_NAME "PostgreSQL"
| #define PACKAGE_TARNAME "postgresql"
| #define PACKAGE_VERSION "8.2.19"
| #define PACKAGE_STRING "PostgreSQL 8.2.19"
| #define PACKAGE_BUGREPORT "pgsql-bugs@postgresql.org"
| #define PG_VERSION "8.2.19"
| #define DEF_PGPORT 5432
| #define DEF_PGPORT_STR "5432"
| #define PG_VERSION_STR "PostgreSQL 8.2.19 on i386-apple-darwin15.6.0, compiled by GCC Apple LLVM version 8.0.0 (clang-800.0.42.1)"
| #define PG_KRB_SRVNAM "postgres"
| #define PG_VERSION_NUM 80219
| #define HAVE_LIBM 1
| #define HAVE_LIBREADLINE 1
| #define HAVE_LIBZ 1
| #define HAVE_SPINLOCKS 1
| #define STDC_HEADERS 1
| #define HAVE_SYS_TYPES_H 1
| #define HAVE_SYS_STAT_H 1
| #define HAVE_STDLIB_H 1
| #define HAVE_STRING_H 1
| #define HAVE_MEMORY_H 1
| #define HAVE_STRINGS_H 1
| #define HAVE_INTTYPES_H 1
| #define HAVE_STDINT_H 1
| #define HAVE_UNISTD_H 1
| #define HAVE_GETOPT_H 1
| #define HAVE_LANGINFO_H 1
| #define HAVE_POLL_H 1
| #define HAVE_PWD_H 1
| #define HAVE_SYS_IPC_H 1
| #define HAVE_SYS_POLL_H 1
| #define HAVE_SYS_RESOURCE_H 1
| #define HAVE_SYS_SELECT_H 1
| #define HAVE_SYS_SEM_H 1
| #define HAVE_SYS_SOCKET_H 1
| #define HAVE_SYS_SHM_H 1
| #define HAVE_SYS_TIME_H 1
| #define HAVE_SYS_UN_H 1
| #define HAVE_TERMIOS_H 1
| #define HAVE_UTIME_H 1
| #define HAVE_WCHAR_H 1
| #define HAVE_WCTYPE_H 1
| #define HAVE_NETINET_IN_H 1
| #define HAVE_NETINET_TCP_H 1
| #define HAVE_READLINE_READLINE_H 1
| #define HAVE_READLINE_HISTORY_H 1
| #define HAVE_STRINGIZE 1
| #define HAVE_FUNCNAME__FUNC 1
| #define HAVE_STRUCT_TM_TM_ZONE 1
| #define HAVE_TM_ZONE 1
| #define HAVE_TZNAME 1
| #define HAVE_UNION_SEMUN 1
| #define HAVE_STRUCT_SOCKADDR_UN 1
| #define HAVE_UNIX_SOCKETS 1
| #define HAVE_STRUCT_SOCKADDR_STORAGE 1
| #define HAVE_STRUCT_SOCKADDR_STORAGE_SS_FAMILY 1
| #define HAVE_STRUCT_SOCKADDR_STORAGE_SS_LEN 1
| #define HAVE_STRUCT_SOCKADDR_SA_LEN 1
| #define HAVE_STRUCT_ADDRINFO 1
| /* end confdefs.h.  */
| #include <sys/param.h>
| #include <sys/types.h>
| #include <sys/socket.h>
| #include <sys/ucred.h>
| 
| int
| main ()
| {
| if ((struct sockcred *) 0)
|   return 0;
| if (sizeof (struct sockcred))
|   return 0;
|   ;
|   return 0;
| }
configure:12589: result: no
configure:12601: checking for struct option
configure:12628: gcc -no-cpp-precomp -c -O2 -Wall -Wmissing-prototypes -Wpointer-arith -Winline -Wdeclaration-after-statement -Wendif-labels -fno-strict-aliasing -fwrapv   conftest.c >&5
configure:12634: $? = 0
configure:12638: test -z 
			 || test ! -s conftest.err
configure:12641: $? = 0
configure:12644: test -s conftest.o
configure:12647: $? = 0
configure:12658: result: yes
configure:12674: checking for z_streamp
configure:12699: gcc -no-cpp-precomp -c -O2 -Wall -Wmissing-prototypes -Wpointer-arith -Winline -Wdeclaration-after-statement -Wendif-labels -fno-strict-aliasing -fwrapv   conftest.c >&5
configure:12705: $? = 0
configure:12709: test -z 
			 || test ! -s conftest.err
configure:12712: $? = 0
configure:12715: test -s conftest.o
configure:12718: $? = 0
configure:12729: result: yes
configure:13268: checking for int timezone
configure:13294: gcc -no-cpp-precomp -o conftest -O2 -Wall -Wmissing-prototypes -Wpointer-arith -Winline -Wdeclaration-after-statement -Wendif-labels -fno-strict-aliasing -fwrapv     conftest.c -lz -lreadline -lm  >&5
configure:13300: $? = 0
configure:13304: test -z 
			 || test ! -s conftest.err
configure:13307: $? = 0
configure:13310: test -s conftest
configure:13313: $? = 0
configure:13325: result: yes
configure:13334: checking types of arguments for accept()
configure:13374: gcc -no-cpp-precomp -c -O2 -Wall -Wmissing-prototypes -Wpointer-arith -Winline -Wdeclaration-after-statement -Wendif-labels -fno-strict-aliasing -fwrapv   conftest.c >&5
conftest.c:71:12: error: conflicting types for 'accept'
extern int accept (int, struct sockaddr *, int *);
           ^
/usr/include/sys/socket.h:580:5: note: previous declaration is here
int     accept(int, struct sockaddr * __restrict, socklen_t * __restrict)
        ^
1 error generated.
configure:13380: $? = 1
configure: failed program was:
| /* confdefs.h.  */
| 
| #define PACKAGE_NAME "PostgreSQL"
| #define PACKAGE_TARNAME "postgresql"
| #define PACKAGE_VERSION "8.2.19"
| #define PACKAGE_STRING "PostgreSQL 8.2.19"
| #define PACKAGE_BUGREPORT "pgsql-bugs@postgresql.org"
| #define PG_VERSION "8.2.19"
| #define DEF_PGPORT 5432
| #define DEF_PGPORT_STR "5432"
| #define PG_VERSION_STR "PostgreSQL 8.2.19 on i386-apple-darwin15.6.0, compiled by GCC Apple LLVM version 8.0.0 (clang-800.0.42.1)"
| #define PG_KRB_SRVNAM "postgres"
| #define PG_VERSION_NUM 80219
| #define HAVE_LIBM 1
| #define HAVE_LIBREADLINE 1
| #define HAVE_LIBZ 1
| #define HAVE_SPINLOCKS 1
| #define STDC_HEADERS 1
| #define HAVE_SYS_TYPES_H 1
| #define HAVE_SYS_STAT_H 1
| #define HAVE_STDLIB_H 1
| #define HAVE_STRING_H 1
| #define HAVE_MEMORY_H 1
| #define HAVE_STRINGS_H 1
| #define HAVE_INTTYPES_H 1
| #define HAVE_STDINT_H 1
| #define HAVE_UNISTD_H 1
| #define HAVE_GETOPT_H 1
| #define HAVE_LANGINFO_H 1
| #define HAVE_POLL_H 1
| #define HAVE_PWD_H 1
| #define HAVE_SYS_IPC_H 1
| #define HAVE_SYS_POLL_H 1
| #define HAVE_SYS_RESOURCE_H 1
| #define HAVE_SYS_SELECT_H 1
| #define HAVE_SYS_SEM_H 1
| #define HAVE_SYS_SOCKET_H 1
| #define HAVE_SYS_SHM_H 1
| #define HAVE_SYS_TIME_H 1
| #define HAVE_SYS_UN_H 1
| #define HAVE_TERMIOS_H 1
| #define HAVE_UTIME_H 1
| #define HAVE_WCHAR_H 1
| #define HAVE_WCTYPE_H 1
| #define HAVE_NETINET_IN_H 1
| #define HAVE_NETINET_TCP_H 1
| #define HAVE_READLINE_READLINE_H 1
| #define HAVE_READLINE_HISTORY_H 1
| #define HAVE_STRINGIZE 1
| #define HAVE_FUNCNAME__FUNC 1
| #define HAVE_STRUCT_TM_TM_ZONE 1
| #define HAVE_TM_ZONE 1
| #define HAVE_TZNAME 1
| #define HAVE_UNION_SEMUN 1
| #define HAVE_STRUCT_SOCKADDR_UN 1
| #define HAVE_UNIX_SOCKETS 1
| #define HAVE_STRUCT_SOCKADDR_STORAGE 1
| #define HAVE_STRUCT_SOCKADDR_STORAGE_SS_FAMILY 1
| #define HAVE_STRUCT_SOCKADDR_STORAGE_SS_LEN 1
| #define HAVE_STRUCT_SOCKADDR_SA_LEN 1
| #define HAVE_STRUCT_ADDRINFO 1
| #define HAVE_STRUCT_OPTION 1
| #define HAVE_INT_TIMEZONE
| /* end confdefs.h.  */
| #ifdef HAVE_SYS_TYPES_H
| #include <sys/types.h>
| #endif
| #ifdef HAVE_SYS_SOCKET_H
| #include <sys/socket.h>
| #endif
| extern int accept (int, struct sockaddr *, int *);
| int
| main ()
| {
| 
|   ;
|   return 0;
| }
configure:13374: gcc -no-cpp-precomp -c -O2 -Wall -Wmissing-prototypes -Wpointer-arith -Winline -Wdeclaration-after-statement -Wendif-labels -fno-strict-aliasing -fwrapv   conftest.c >&5
conftest.c:71:12: error: conflicting types for 'accept'
extern int accept (int, struct sockaddr *, size_t *);
           ^
/usr/include/sys/socket.h:580:5: note: previous declaration is here
int     accept(int, struct sockaddr * __restrict, socklen_t * __restrict)
        ^
1 error generated.
configure:13380: $? = 1
configure: failed program was:
| /* confdefs.h.  */
| 
| #define PACKAGE_NAME "PostgreSQL"
| #define PACKAGE_TARNAME "postgresql"
| #define PACKAGE_VERSION "8.2.19"
| #define PACKAGE_STRING "PostgreSQL 8.2.19"
| #define PACKAGE_BUGREPORT "pgsql-bugs@postgresql.org"
| #define PG_VERSION "8.2.19"
| #define DEF_PGPORT 5432
| #define DEF_PGPORT_STR "5432"
| #define PG_VERSION_STR "PostgreSQL 8.2.19 on i386-apple-darwin15.6.0, compiled by GCC Apple LLVM version 8.0.0 (clang-800.0.42.1)"
| #define PG_KRB_SRVNAM "postgres"
| #define PG_VERSION_NUM 80219
| #define HAVE_LIBM 1
| #define HAVE_LIBREADLINE 1
| #define HAVE_LIBZ 1
| #define HAVE_SPINLOCKS 1
| #define STDC_HEADERS 1
| #define HAVE_SYS_TYPES_H 1
| #define HAVE_SYS_STAT_H 1
| #define HAVE_STDLIB_H 1
| #define HAVE_STRING_H 1
| #define HAVE_MEMORY_H 1
| #define HAVE_STRINGS_H 1
| #define HAVE_INTTYPES_H 1
| #define HAVE_STDINT_H 1
| #define HAVE_UNISTD_H 1
| #define HAVE_GETOPT_H 1
| #define HAVE_LANGINFO_H 1
| #define HAVE_POLL_H 1
| #define HAVE_PWD_H 1
| #define HAVE_SYS_IPC_H 1
| #define HAVE_SYS_POLL_H 1
| #define HAVE_SYS_RESOURCE_H 1
| #define HAVE_SYS_SELECT_H 1
| #define HAVE_SYS_SEM_H 1
| #define HAVE_SYS_SOCKET_H 1
| #define HAVE_SYS_SHM_H 1
| #define HAVE_SYS_TIME_H 1
| #define HAVE_SYS_UN_H 1
| #define HAVE_TERMIOS_H 1
| #define HAVE_UTIME_H 1
| #define HAVE_WCHAR_H 1
| #define HAVE_WCTYPE_H 1
| #define HAVE_NETINET_IN_H 1
| #define HAVE_NETINET_TCP_H 1
| #define HAVE_READLINE_READLINE_H 1
| #define HAVE_READLINE_HISTORY_H 1
| #define HAVE_STRINGIZE 1
| #define HAVE_FUNCNAME__FUNC 1
| #define HAVE_STRUCT_TM_TM_ZONE 1
| #define HAVE_TM_ZONE 1
| #define HAVE_TZNAME 1
| #define HAVE_UNION_SEMUN 1
| #define HAVE_STRUCT_SOCKADDR_UN 1
| #define HAVE_UNIX_SOCKETS 1
| #define HAVE_STRUCT_SOCKADDR_STORAGE 1
| #define HAVE_STRUCT_SOCKADDR_STORAGE_SS_FAMILY 1
| #define HAVE_STRUCT_SOCKADDR_STORAGE_SS_LEN 1
| #define HAVE_STRUCT_SOCKADDR_SA_LEN 1
| #define HAVE_STRUCT_ADDRINFO 1
| #define HAVE_STRUCT_OPTION 1
| #define HAVE_INT_TIMEZONE
| /* end confdefs.h.  */
| #ifdef HAVE_SYS_TYPES_H
| #include <sys/types.h>
| #endif
| #ifdef HAVE_SYS_SOCKET_H
| #include <sys/socket.h>
| #endif
| extern int accept (int, struct sockaddr *, size_t *);
| int
| main ()
| {
| 
|   ;
|   return 0;
| }
configure:13374: gcc -no-cpp-precomp -c -O2 -Wall -Wmissing-prototypes -Wpointer-arith -Winline -Wdeclaration-after-statement -Wendif-labels -fno-strict-aliasing -fwrapv   conftest.c >&5
configure:13380: $? = 0
configure:13384: test -z 
			 || test ! -s conftest.err
configure:13387: $? = 0
configure:13390: test -s conftest.o
configure:13393: $? = 0
configure:13423: result: int, int, struct sockaddr *, socklen_t *
configure:13446: checking whether gettimeofday takes only one argument
configure:13469: gcc -no-cpp-precomp -c -O2 -Wall -Wmissing-prototypes -Wpointer-arith -Winline -Wdeclaration-after-statement -Wendif-labels -fno-strict-aliasing -fwrapv   conftest.c >&5
conftest.c:75:14: warning: variable 'tp' is uninitialized when used here [-Wuninitialized]
gettimeofday(tp,tzp);
             ^~
conftest.c:73:19: note: initialize the variable 'tp' to silence this warning
struct timeval *tp;
                  ^
                   = NULL
conftest.c:75:17: warning: variable 'tzp' is uninitialized when used here [-Wuninitialized]
gettimeofday(tp,tzp);
                ^~~
conftest.c:74:21: note: initialize the variable 'tzp' to silence this warning
struct timezone *tzp;
                    ^
                     = NULL
2 warnings generated.
configure:13475: $? = 0
configure:13479: test -z 
			 || test ! -s conftest.err
configure:13482: $? = 0
configure:13485: test -s conftest.o
configure:13488: $? = 0
configure:13499: result: no
configure:13534: checking for cbrt
configure:13591: gcc -no-cpp-precomp -o conftest -O2 -Wall -Wmissing-prototypes -Wpointer-arith -Winline -Wdeclaration-after-statement -Wendif-labels -fno-strict-aliasing -fwrapv     conftest.c -lz -lreadline -lm  >&5
conftest.c:93:6: warning: incompatible redeclaration of library function 'cbrt' [-Wincompatible-library-redeclaration]
char cbrt ();
     ^
conftest.c:93:6: note: 'cbrt' is a builtin with type 'double (double)'
1 warning generated.
configure:13597: $? = 0
configure:13601: test -z 
			 || test ! -s conftest.err
configure:13604: $? = 0
configure:13607: test -s conftest
configure:13610: $? = 0
configure:13622: result: yes
configure:13534: checking for dlopen
configure:13591: gcc -no-cpp-precomp -o conftest -O2 -Wall -Wmissing-prototypes -Wpointer-arith -Winline -Wdeclaration-after-statement -Wendif-labels -fno-strict-aliasing -fwrapv     conftest.c -lz -lreadline -lm  >&5
configure:13597: $? = 0
configure:13601: test -z 
			 || test ! -s conftest.err
configure:13604: $? = 0
configure:13607: test -s conftest
configure:13610: $? = 0
configure:13622: result: yes
configure:13534: checking for fcvt
configure:13591: gcc -no-cpp-precomp -o conftest -O2 -Wall -Wmissing-prototypes -Wpointer-arith -Winline -Wdeclaration-after-statement -Wendif-labels -fno-strict-aliasing -fwrapv     conftest.c -lz -lreadline -lm  >&5
configure:13597: $? = 0
configure:13601: test -z 
			 || test ! -s conftest.err
configure:13604: $? = 0
configure:13607: test -s conftest
configure:13610: $? = 0
configure:13622: result: yes
configure:13534: checking for fdatasync
configure:13591: gcc -no-cpp-precomp -o conftest -O2 -Wall -Wmissing-prototypes -Wpointer-arith -Winline -Wdeclaration-after-statement -Wendif-labels -fno-strict-aliasing -fwrapv     conftest.c -lz -lreadline -lm  >&5
configure:13597: $? = 0
configure:13601: test -z 
			 || test ! -s conftest.err
configure:13604: $? = 0
configure:13607: test -s conftest
configure:13610: $? = 0
configure:13622: result: yes
configure:13534: checking for getpeereid
configure:13591: gcc -no-cpp-precomp -o conftest -O2 -Wall -Wmissing-prototypes -Wpointer-arith -Winline -Wdeclaration-after-statement -Wendif-labels -fno-strict-aliasing -fwrapv     conftest.c -lz -lreadline -lm  >&5
configure:13597: $? = 0
configure:13601: test -z 
			 || test ! -s conftest.err
configure:13604: $? = 0
configure:13607: test -s conftest
configure:13610: $? = 0
configure:13622: result: yes
configure:13534: checking for getrlimit
configure:13591: gcc -no-cpp-precomp -o conftest -O2 -Wall -Wmissing-prototypes -Wpointer-arith -Winline -Wdeclaration-after-statement -Wendif-labels -fno-strict-aliasing -fwrapv     conftest.c -lz -lreadline -lm  >&5
configure:13597: $? = 0
configure:13601: test -z 
			 || test ! -s conftest.err
configure:13604: $? = 0
configure:13607: test -s conftest
configure:13610: $? = 0
configure:13622: result: yes
configure:13534: checking for memmove
configure:13591: gcc -no-cpp-precomp -o conftest -O2 -Wall -Wmissing-prototypes -Wpointer-arith -Winline -Wdeclaration-after-statement -Wendif-labels -fno-strict-aliasing -fwrapv     conftest.c -lz -lreadline -lm  >&5
conftest.c:99:6: warning: incompatible redeclaration of library function 'memmove' [-Wincompatible-library-redeclaration]
char memmove ();
     ^
conftest.c:99:6: note: 'memmove' is a builtin with type 'void *(void *, const void *, unsigned long)'
1 warning generated.
configure:13597: $? = 0
configure:13601: test -z 
			 || test ! -s conftest.err
configure:13604: $? = 0
configure:13607: test -s conftest
configure:13610: $? = 0
configure:13622: result: yes
configure:13534: checking for poll
configure:13591: gcc -no-cpp-precomp -o conftest -O2 -Wall -Wmissing-prototypes -Wpointer-arith -Winline -Wdeclaration-after-statement -Wendif-labels -fno-strict-aliasing -fwrapv     conftest.c -lz -lreadline -lm  >&5
configure:13597: $? = 0
configure:13601: test -z 
			 || test ! -s conftest.err
configure:13604: $? = 0
configure:13607: test -s conftest
configure:13610: $? = 0
configure:13622: result: yes
configure:13534: checking for pstat
configure:13591: gcc -no-cpp-precomp -o conftest -O2 -Wall -Wmissing-prototypes -Wpointer-arith -Winline -Wdeclaration-after-statement -Wendif-labels -fno-strict-aliasing -fwrapv     conftest.c -lz -lreadline -lm  >&5
Undefined symbols for architecture x86_64:
  "_pstat", referenced from:
      _main in conftest-6ed25c.o
      _f in conftest-6ed25c.o
ld: symbol(s) not found for architecture x86_64
clang: error: linker command failed with exit code 1 (use -v to see invocation)
configure:13597: $? = 1
configure: failed program was:
| /* confdefs.h.  */
| 
| #define PACKAGE_NAME "PostgreSQL"
| #define PACKAGE_TARNAME "postgresql"
| #define PACKAGE_VERSION "8.2.19"
| #define PACKAGE_STRING "PostgreSQL 8.2.19"
| #define PACKAGE_BUGREPORT "pgsql-bugs@postgresql.org"
| #define PG_VERSION "8.2.19"
| #define DEF_PGPORT 5432
| #define DEF_PGPORT_STR "5432"
| #define PG_VERSION_STR "PostgreSQL 8.2.19 on i386-apple-darwin15.6.0, compiled by GCC Apple LLVM version 8.0.0 (clang-800.0.42.1)"
| #define PG_KRB_SRVNAM "postgres"
| #define PG_VERSION_NUM 80219
| #define HAVE_LIBM 1
| #define HAVE_LIBREADLINE 1
| #define HAVE_LIBZ 1
| #define HAVE_SPINLOCKS 1
| #define STDC_HEADERS 1
| #define HAVE_SYS_TYPES_H 1
| #define HAVE_SYS_STAT_H 1
| #define HAVE_STDLIB_H 1
| #define HAVE_STRING_H 1
| #define HAVE_MEMORY_H 1
| #define HAVE_STRINGS_H 1
| #define HAVE_INTTYPES_H 1
| #define HAVE_STDINT_H 1
| #define HAVE_UNISTD_H 1
| #define HAVE_GETOPT_H 1
| #define HAVE_LANGINFO_H 1
| #define HAVE_POLL_H 1
| #define HAVE_PWD_H 1
| #define HAVE_SYS_IPC_H 1
| #define HAVE_SYS_POLL_H 1
| #define HAVE_SYS_RESOURCE_H 1
| #define HAVE_SYS_SELECT_H 1
| #define HAVE_SYS_SEM_H 1
| #define HAVE_SYS_SOCKET_H 1
| #define HAVE_SYS_SHM_H 1
| #define HAVE_SYS_TIME_H 1
| #define HAVE_SYS_UN_H 1
| #define HAVE_TERMIOS_H 1
| #define HAVE_UTIME_H 1
| #define HAVE_WCHAR_H 1
| #define HAVE_WCTYPE_H 1
| #define HAVE_NETINET_IN_H 1
| #define HAVE_NETINET_TCP_H 1
| #define HAVE_READLINE_READLINE_H 1
| #define HAVE_READLINE_HISTORY_H 1
| #define HAVE_STRINGIZE 1
| #define HAVE_FUNCNAME__FUNC 1
| #define HAVE_STRUCT_TM_TM_ZONE 1
| #define HAVE_TM_ZONE 1
| #define HAVE_TZNAME 1
| #define HAVE_UNION_SEMUN 1
| #define HAVE_STRUCT_SOCKADDR_UN 1
| #define HAVE_UNIX_SOCKETS 1
| #define HAVE_STRUCT_SOCKADDR_STORAGE 1
| #define HAVE_STRUCT_SOCKADDR_STORAGE_SS_FAMILY 1
| #define HAVE_STRUCT_SOCKADDR_STORAGE_SS_LEN 1
| #define HAVE_STRUCT_SOCKADDR_SA_LEN 1
| #define HAVE_STRUCT_ADDRINFO 1
| #define HAVE_STRUCT_OPTION 1
| #define HAVE_INT_TIMEZONE
| #define ACCEPT_TYPE_RETURN int
| #define ACCEPT_TYPE_ARG1 int
| #define ACCEPT_TYPE_ARG2 struct sockaddr *
| #define ACCEPT_TYPE_ARG3 socklen_t
| #define HAVE_CBRT 1
| #define HAVE_DLOPEN 1
| #define HAVE_FCVT 1
| #define HAVE_FDATASYNC 1
| #define HAVE_GETPEEREID 1
| #define HAVE_GETRLIMIT 1
| #define HAVE_MEMMOVE 1
| #define HAVE_POLL 1
| /* end confdefs.h.  */
| /* Define pstat to an innocuous variant, in case <limits.h> declares pstat.
|    For example, HP-UX 11i <limits.h> declares gettimeofday.  */
| #define pstat innocuous_pstat
| 
| /* System header to define __stub macros and hopefully few prototypes,
|     which can conflict with char pstat (); below.
|     Prefer <limits.h> to <assert.h> if __STDC__ is defined, since
|     <limits.h> exists even on freestanding compilers.  */
| 
| #ifdef __STDC__
| # include <limits.h>
| #else
| # include <assert.h>
| #endif
| 
| #undef pstat
| 
| /* Override any gcc2 internal prototype to avoid an error.  */
| #ifdef __cplusplus
| extern "C"
| {
| #endif
| /* We use char because int might match the return type of a gcc2
|    builtin and then its argument prototype would still apply.  */
| char pstat ();
| /* The GNU C library defines this for functions which it implements
|     to always fail with ENOSYS.  Some functions are actually named
|     something starting with __ and the normal name is an alias.  */
| #if defined (__stub_pstat) || defined (__stub___pstat)
| choke me
| #else
| char (*f) () = pstat;
| #endif
| #ifdef __cplusplus
| }
| #endif
| 
| int
| main ()
| {
| return f != pstat;
|   ;
|   return 0;
| }
configure:13622: result: no
configure:13534: checking for readlink
configure:13591: gcc -no-cpp-precomp -o conftest -O2 -Wall -Wmissing-prototypes -Wpointer-arith -Winline -Wdeclaration-after-statement -Wendif-labels -fno-strict-aliasing -fwrapv     conftest.c -lz -lreadline -lm  >&5
configure:13597: $? = 0
configure:13601: test -z 
			 || test ! -s conftest.err
configure:13604: $? = 0
configure:13607: test -s conftest
configure:13610: $? = 0
configure:13622: result: yes
configure:13534: checking for setproctitle
configure:13591: gcc -no-cpp-precomp -o conftest -O2 -Wall -Wmissing-prototypes -Wpointer-arith -Winline -Wdeclaration-after-statement -Wendif-labels -fno-strict-aliasing -fwrapv     conftest.c -lz -lreadline -lm  >&5
Undefined symbols for architecture x86_64:
  "_setproctitle", referenced from:
      _main in conftest-b02b93.o
      _f in conftest-b02b93.o
ld: symbol(s) not found for architecture x86_64
clang: error: linker command failed with exit code 1 (use -v to see invocation)
configure:13597: $? = 1
configure: failed program was:
| /* confdefs.h.  */
| 
| #define PACKAGE_NAME "PostgreSQL"
| #define PACKAGE_TARNAME "postgresql"
| #define PACKAGE_VERSION "8.2.19"
| #define PACKAGE_STRING "PostgreSQL 8.2.19"
| #define PACKAGE_BUGREPORT "pgsql-bugs@postgresql.org"
| #define PG_VERSION "8.2.19"
| #define DEF_PGPORT 5432
| #define DEF_PGPORT_STR "5432"
| #define PG_VERSION_STR "PostgreSQL 8.2.19 on i386-apple-darwin15.6.0, compiled by GCC Apple LLVM version 8.0.0 (clang-800.0.42.1)"
| #define PG_KRB_SRVNAM "postgres"
| #define PG_VERSION_NUM 80219
| #define HAVE_LIBM 1
| #define HAVE_LIBREADLINE 1
| #define HAVE_LIBZ 1
| #define HAVE_SPINLOCKS 1
| #define STDC_HEADERS 1
| #define HAVE_SYS_TYPES_H 1
| #define HAVE_SYS_STAT_H 1
| #define HAVE_STDLIB_H 1
| #define HAVE_STRING_H 1
| #define HAVE_MEMORY_H 1
| #define HAVE_STRINGS_H 1
| #define HAVE_INTTYPES_H 1
| #define HAVE_STDINT_H 1
| #define HAVE_UNISTD_H 1
| #define HAVE_GETOPT_H 1
| #define HAVE_LANGINFO_H 1
| #define HAVE_POLL_H 1
| #define HAVE_PWD_H 1
| #define HAVE_SYS_IPC_H 1
| #define HAVE_SYS_POLL_H 1
| #define HAVE_SYS_RESOURCE_H 1
| #define HAVE_SYS_SELECT_H 1
| #define HAVE_SYS_SEM_H 1
| #define HAVE_SYS_SOCKET_H 1
| #define HAVE_SYS_SHM_H 1
| #define HAVE_SYS_TIME_H 1
| #define HAVE_SYS_UN_H 1
| #define HAVE_TERMIOS_H 1
| #define HAVE_UTIME_H 1
| #define HAVE_WCHAR_H 1
| #define HAVE_WCTYPE_H 1
| #define HAVE_NETINET_IN_H 1
| #define HAVE_NETINET_TCP_H 1
| #define HAVE_READLINE_READLINE_H 1
| #define HAVE_READLINE_HISTORY_H 1
| #define HAVE_STRINGIZE 1
| #define HAVE_FUNCNAME__FUNC 1
| #define HAVE_STRUCT_TM_TM_ZONE 1
| #define HAVE_TM_ZONE 1
| #define HAVE_TZNAME 1
| #define HAVE_UNION_SEMUN 1
| #define HAVE_STRUCT_SOCKADDR_UN 1
| #define HAVE_UNIX_SOCKETS 1
| #define HAVE_STRUCT_SOCKADDR_STORAGE 1
| #define HAVE_STRUCT_SOCKADDR_STORAGE_SS_FAMILY 1
| #define HAVE_STRUCT_SOCKADDR_STORAGE_SS_LEN 1
| #define HAVE_STRUCT_SOCKADDR_SA_LEN 1
| #define HAVE_STRUCT_ADDRINFO 1
| #define HAVE_STRUCT_OPTION 1
| #define HAVE_INT_TIMEZONE
| #define ACCEPT_TYPE_RETURN int
| #define ACCEPT_TYPE_ARG1 int
| #define ACCEPT_TYPE_ARG2 struct sockaddr *
| #define ACCEPT_TYPE_ARG3 socklen_t
| #define HAVE_CBRT 1
| #define HAVE_DLOPEN 1
| #define HAVE_FCVT 1
| #define HAVE_FDATASYNC 1
| #define HAVE_GETPEEREID 1
| #define HAVE_GETRLIMIT 1
| #define HAVE_MEMMOVE 1
| #define HAVE_POLL 1
| #define HAVE_READLINK 1
| /* end confdefs.h.  */
| /* Define setproctitle to an innocuous variant, in case <limits.h> declares setproctitle.
|    For example, HP-UX 11i <limits.h> declares gettimeofday.  */
| #define setproctitle innocuous_setproctitle
| 
| /* System header to define __stub macros and hopefully few prototypes,
|     which can conflict with char setproctitle (); below.
|     Prefer <limits.h> to <assert.h> if __STDC__ is defined, since
|     <limits.h> exists even on freestanding compilers.  */
| 
| #ifdef __STDC__
| # include <limits.h>
| #else
| # include <assert.h>
| #endif
| 
| #undef setproctitle
| 
| /* Override any gcc2 internal prototype to avoid an error.  */
| #ifdef __cplusplus
| extern "C"
| {
| #endif
| /* We use char because int might match the return type of a gcc2
|    builtin and then its argument prototype would still apply.  */
| char setproctitle ();
| /* The GNU C library defines this for functions which it implements
|     to always fail with ENOSYS.  Some functions are actually named
|     something starting with __ and the normal name is an alias.  */
| #if defined (__stub_setproctitle) || defined (__stub___setproctitle)
| choke me
| #else
| char (*f) () = setproctitle;
| #endif
| #ifdef __cplusplus
| }
| #endif
| 
| int
| main ()
| {
| return f != setproctitle;
|   ;
|   return 0;
| }
configure:13622: result: no
configure:13534: checking for setsid
configure:13591: gcc -no-cpp-precomp -o conftest -O2 -Wall -Wmissing-prototypes -Wpointer-arith -Winline -Wdeclaration-after-statement -Wendif-labels -fno-strict-aliasing -fwrapv     conftest.c -lz -lreadline -lm  >&5
configure:13597: $? = 0
configure:13601: test -z 
			 || test ! -s conftest.err
configure:13604: $? = 0
configure:13607: test -s conftest
configure:13610: $? = 0
configure:13622: result: yes
configure:13534: checking for sigprocmask
configure:13591: gcc -no-cpp-precomp -o conftest -O2 -Wall -Wmissing-prototypes -Wpointer-arith -Winline -Wdeclaration-after-statement -Wendif-labels -fno-strict-aliasing -fwrapv     conftest.c -lz -lreadline -lm  >&5
configure:13597: $? = 0
configure:13601: test -z 
			 || test ! -s conftest.err
configure:13604: $? = 0
configure:13607: test -s conftest
configure:13610: $? = 0
configure:13622: result: yes
configure:13534: checking for symlink
configure:13591: gcc -no-cpp-precomp -o conftest -O2 -Wall -Wmissing-prototypes -Wpointer-arith -Winline -Wdeclaration-after-statement -Wendif-labels -fno-strict-aliasing -fwrapv     conftest.c -lz -lreadline -lm  >&5
configure:13597: $? = 0
configure:13601: test -z 
			 || test ! -s conftest.err
configure:13604: $? = 0
configure:13607: test -s conftest
configure:13610: $? = 0
configure:13622: result: yes
configure:13534: checking for sysconf
configure:13591: gcc -no-cpp-precomp -o conftest -O2 -Wall -Wmissing-prototypes -Wpointer-arith -Winline -Wdeclaration-after-statement -Wendif-labels -fno-strict-aliasing -fwrapv     conftest.c -lz -lreadline -lm  >&5
configure:13597: $? = 0
configure:13601: test -z 
			 || test ! -s conftest.err
configure:13604: $? = 0
configure:13607: test -s conftest
configure:13610: $? = 0
configure:13622: result: yes
configure:13534: checking for towlower
configure:13591: gcc -no-cpp-precomp -o conftest -O2 -Wall -Wmissing-prototypes -Wpointer-arith -Winline -Wdeclaration-after-statement -Wendif-labels -fno-strict-aliasing -fwrapv     conftest.c -lz -lreadline -lm  >&5
configure:13597: $? = 0
configure:13601: test -z 
			 || test ! -s conftest.err
configure:13604: $? = 0
configure:13607: test -s conftest
configure:13610: $? = 0
configure:13622: result: yes
configure:13534: checking for utime
configure:13591: gcc -no-cpp-precomp -o conftest -O2 -Wall -Wmissing-prototypes -Wpointer-arith -Winline -Wdeclaration-after-statement -Wendif-labels -fno-strict-aliasing -fwrapv     conftest.c -lz -lreadline -lm  >&5
configure:13597: $? = 0
configure:13601: test -z 
			 || test ! -s conftest.err
configure:13604: $? = 0
configure:13607: test -s conftest
configure:13610: $? = 0
configure:13622: result: yes
configure:13534: checking for utimes
configure:13591: gcc -no-cpp-precomp -o conftest -O2 -Wall -Wmissing-prototypes -Wpointer-arith -Winline -Wdeclaration-after-statement -Wendif-labels -fno-strict-aliasing -fwrapv     conftest.c -lz -lreadline -lm  >&5
configure:13597: $? = 0
configure:13601: test -z 
			 || test ! -s conftest.err
configure:13604: $? = 0
configure:13607: test -s conftest
configure:13610: $? = 0
configure:13622: result: yes
configure:13534: checking for waitpid
configure:13591: gcc -no-cpp-precomp -o conftest -O2 -Wall -Wmissing-prototypes -Wpointer-arith -Winline -Wdeclaration-after-statement -Wendif-labels -fno-strict-aliasing -fwrapv     conftest.c -lz -lreadline -lm  >&5
configure:13597: $? = 0
configure:13601: test -z 
			 || test ! -s conftest.err
configure:13604: $? = 0
configure:13607: test -s conftest
configure:13610: $? = 0
configure:13622: result: yes
configure:13534: checking for wcstombs
configure:13591: gcc -no-cpp-precomp -o conftest -O2 -Wall -Wmissing-prototypes -Wpointer-arith -Winline -Wdeclaration-after-statement -Wendif-labels -fno-strict-aliasing -fwrapv     conftest.c -lz -lreadline -lm  >&5
configure:13597: $? = 0
configure:13601: test -z 
			 || test ! -s conftest.err
configure:13604: $? = 0
configure:13607: test -s conftest
configure:13610: $? = 0
configure:13622: result: yes
configure:13633: checking whether fdatasync is declared
configure:13658: gcc -no-cpp-precomp -c -O2 -Wall -Wmissing-prototypes -Wpointer-arith -Winline -Wdeclaration-after-statement -Wendif-labels -fno-strict-aliasing -fwrapv   conftest.c >&5
conftest.c:93:22: error: use of undeclared identifier 'fdatasync'
  char *p = (char *) fdatasync;
                     ^
1 error generated.
configure:13664: $? = 1
configure: failed program was:
| /* confdefs.h.  */
| 
| #define PACKAGE_NAME "PostgreSQL"
| #define PACKAGE_TARNAME "postgresql"
| #define PACKAGE_VERSION "8.2.19"
| #define PACKAGE_STRING "PostgreSQL 8.2.19"
| #define PACKAGE_BUGREPORT "pgsql-bugs@postgresql.org"
| #define PG_VERSION "8.2.19"
| #define DEF_PGPORT 5432
| #define DEF_PGPORT_STR "5432"
| #define PG_VERSION_STR "PostgreSQL 8.2.19 on i386-apple-darwin15.6.0, compiled by GCC Apple LLVM version 8.0.0 (clang-800.0.42.1)"
| #define PG_KRB_SRVNAM "postgres"
| #define PG_VERSION_NUM 80219
| #define HAVE_LIBM 1
| #define HAVE_LIBREADLINE 1
| #define HAVE_LIBZ 1
| #define HAVE_SPINLOCKS 1
| #define STDC_HEADERS 1
| #define HAVE_SYS_TYPES_H 1
| #define HAVE_SYS_STAT_H 1
| #define HAVE_STDLIB_H 1
| #define HAVE_STRING_H 1
| #define HAVE_MEMORY_H 1
| #define HAVE_STRINGS_H 1
| #define HAVE_INTTYPES_H 1
| #define HAVE_STDINT_H 1
| #define HAVE_UNISTD_H 1
| #define HAVE_GETOPT_H 1
| #define HAVE_LANGINFO_H 1
| #define HAVE_POLL_H 1
| #define HAVE_PWD_H 1
| #define HAVE_SYS_IPC_H 1
| #define HAVE_SYS_POLL_H 1
| #define HAVE_SYS_RESOURCE_H 1
| #define HAVE_SYS_SELECT_H 1
| #define HAVE_SYS_SEM_H 1
| #define HAVE_SYS_SOCKET_H 1
| #define HAVE_SYS_SHM_H 1
| #define HAVE_SYS_TIME_H 1
| #define HAVE_SYS_UN_H 1
| #define HAVE_TERMIOS_H 1
| #define HAVE_UTIME_H 1
| #define HAVE_WCHAR_H 1
| #define HAVE_WCTYPE_H 1
| #define HAVE_NETINET_IN_H 1
| #define HAVE_NETINET_TCP_H 1
| #define HAVE_READLINE_READLINE_H 1
| #define HAVE_READLINE_HISTORY_H 1
| #define HAVE_STRINGIZE 1
| #define HAVE_FUNCNAME__FUNC 1
| #define HAVE_STRUCT_TM_TM_ZONE 1
| #define HAVE_TM_ZONE 1
| #define HAVE_TZNAME 1
| #define HAVE_UNION_SEMUN 1
| #define HAVE_STRUCT_SOCKADDR_UN 1
| #define HAVE_UNIX_SOCKETS 1
| #define HAVE_STRUCT_SOCKADDR_STORAGE 1
| #define HAVE_STRUCT_SOCKADDR_STORAGE_SS_FAMILY 1
| #define HAVE_STRUCT_SOCKADDR_STORAGE_SS_LEN 1
| #define HAVE_STRUCT_SOCKADDR_SA_LEN 1
| #define HAVE_STRUCT_ADDRINFO 1
| #define HAVE_STRUCT_OPTION 1
| #define HAVE_INT_TIMEZONE
| #define ACCEPT_TYPE_RETURN int
| #define ACCEPT_TYPE_ARG1 int
| #define ACCEPT_TYPE_ARG2 struct sockaddr *
| #define ACCEPT_TYPE_ARG3 socklen_t
| #define HAVE_CBRT 1
| #define HAVE_DLOPEN 1
| #define HAVE_FCVT 1
| #define HAVE_FDATASYNC 1
| #define HAVE_GETPEEREID 1
| #define HAVE_GETRLIMIT 1
| #define HAVE_MEMMOVE 1
| #define HAVE_POLL 1
| #define HAVE_READLINK 1
| #define HAVE_SETSID 1
| #define HAVE_SIGPROCMASK 1
| #define HAVE_SYMLINK 1
| #define HAVE_SYSCONF 1
| #define HAVE_TOWLOWER 1
| #define HAVE_UTIME 1
| #define HAVE_UTIMES 1
| #define HAVE_WAITPID 1
| #define HAVE_WCSTOMBS 1
| /* end confdefs.h.  */
| #include <unistd.h>
| 
| int
| main ()
| {
| #ifndef fdatasync
|   char *p = (char *) fdatasync;
| #endif
| 
|   ;
|   return 0;
| }
configure:13688: result: no
configure:13706: checking whether posix_fadvise is declared
configure:13731: gcc -no-cpp-precomp -c -O2 -Wall -Wmissing-prototypes -Wpointer-arith -Winline -Wdeclaration-after-statement -Wendif-labels -fno-strict-aliasing -fwrapv   conftest.c >&5
conftest.c:94:22: error: use of undeclared identifier 'posix_fadvise'
  char *p = (char *) posix_fadvise;
                     ^
1 error generated.
configure:13737: $? = 1
configure: failed program was:
| /* confdefs.h.  */
| 
| #define PACKAGE_NAME "PostgreSQL"
| #define PACKAGE_TARNAME "postgresql"
| #define PACKAGE_VERSION "8.2.19"
| #define PACKAGE_STRING "PostgreSQL 8.2.19"
| #define PACKAGE_BUGREPORT "pgsql-bugs@postgresql.org"
| #define PG_VERSION "8.2.19"
| #define DEF_PGPORT 5432
| #define DEF_PGPORT_STR "5432"
| #define PG_VERSION_STR "PostgreSQL 8.2.19 on i386-apple-darwin15.6.0, compiled by GCC Apple LLVM version 8.0.0 (clang-800.0.42.1)"
| #define PG_KRB_SRVNAM "postgres"
| #define PG_VERSION_NUM 80219
| #define HAVE_LIBM 1
| #define HAVE_LIBREADLINE 1
| #define HAVE_LIBZ 1
| #define HAVE_SPINLOCKS 1
| #define STDC_HEADERS 1
| #define HAVE_SYS_TYPES_H 1
| #define HAVE_SYS_STAT_H 1
| #define HAVE_STDLIB_H 1
| #define HAVE_STRING_H 1
| #define HAVE_MEMORY_H 1
| #define HAVE_STRINGS_H 1
| #define HAVE_INTTYPES_H 1
| #define HAVE_STDINT_H 1
| #define HAVE_UNISTD_H 1
| #define HAVE_GETOPT_H 1
| #define HAVE_LANGINFO_H 1
| #define HAVE_POLL_H 1
| #define HAVE_PWD_H 1
| #define HAVE_SYS_IPC_H 1
| #define HAVE_SYS_POLL_H 1
| #define HAVE_SYS_RESOURCE_H 1
| #define HAVE_SYS_SELECT_H 1
| #define HAVE_SYS_SEM_H 1
| #define HAVE_SYS_SOCKET_H 1
| #define HAVE_SYS_SHM_H 1
| #define HAVE_SYS_TIME_H 1
| #define HAVE_SYS_UN_H 1
| #define HAVE_TERMIOS_H 1
| #define HAVE_UTIME_H 1
| #define HAVE_WCHAR_H 1
| #define HAVE_WCTYPE_H 1
| #define HAVE_NETINET_IN_H 1
| #define HAVE_NETINET_TCP_H 1
| #define HAVE_READLINE_READLINE_H 1
| #define HAVE_READLINE_HISTORY_H 1
| #define HAVE_STRINGIZE 1
| #define HAVE_FUNCNAME__FUNC 1
| #define HAVE_STRUCT_TM_TM_ZONE 1
| #define HAVE_TM_ZONE 1
| #define HAVE_TZNAME 1
| #define HAVE_UNION_SEMUN 1
| #define HAVE_STRUCT_SOCKADDR_UN 1
| #define HAVE_UNIX_SOCKETS 1
| #define HAVE_STRUCT_SOCKADDR_STORAGE 1
| #define HAVE_STRUCT_SOCKADDR_STORAGE_SS_FAMILY 1
| #define HAVE_STRUCT_SOCKADDR_STORAGE_SS_LEN 1
| #define HAVE_STRUCT_SOCKADDR_SA_LEN 1
| #define HAVE_STRUCT_ADDRINFO 1
| #define HAVE_STRUCT_OPTION 1
| #define HAVE_INT_TIMEZONE
| #define ACCEPT_TYPE_RETURN int
| #define ACCEPT_TYPE_ARG1 int
| #define ACCEPT_TYPE_ARG2 struct sockaddr *
| #define ACCEPT_TYPE_ARG3 socklen_t
| #define HAVE_CBRT 1
| #define HAVE_DLOPEN 1
| #define HAVE_FCVT 1
| #define HAVE_FDATASYNC 1
| #define HAVE_GETPEEREID 1
| #define HAVE_GETRLIMIT 1
| #define HAVE_MEMMOVE 1
| #define HAVE_POLL 1
| #define HAVE_READLINK 1
| #define HAVE_SETSID 1
| #define HAVE_SIGPROCMASK 1
| #define HAVE_SYMLINK 1
| #define HAVE_SYSCONF 1
| #define HAVE_TOWLOWER 1
| #define HAVE_UTIME 1
| #define HAVE_UTIMES 1
| #define HAVE_WAITPID 1
| #define HAVE_WCSTOMBS 1
| #define HAVE_DECL_FDATASYNC 0
| /* end confdefs.h.  */
| #include <fcntl.h>
| 
| int
| main ()
| {
| #ifndef posix_fadvise
|   char *p = (char *) posix_fadvise;
| #endif
| 
|   ;
|   return 0;
| }
configure:13761: result: no
configure:13779: checking whether strlcpy is declared
configure:13803: gcc -no-cpp-precomp -c -O2 -Wall -Wmissing-prototypes -Wpointer-arith -Winline -Wdeclaration-after-statement -Wendif-labels -fno-strict-aliasing -fwrapv   conftest.c >&5
configure:13809: $? = 0
configure:13813: test -z 
			 || test ! -s conftest.err
configure:13816: $? = 0
configure:13819: test -s conftest.o
configure:13822: $? = 0
configure:13833: result: yes
configure:13852: checking whether F_FULLFSYNC is declared
configure:13877: gcc -no-cpp-precomp -c -O2 -Wall -Wmissing-prototypes -Wpointer-arith -Winline -Wdeclaration-after-statement -Wendif-labels -fno-strict-aliasing -fwrapv   conftest.c >&5
configure:13883: $? = 0
configure:13887: test -z 
			 || test ! -s conftest.err
configure:13890: $? = 0
configure:13893: test -s conftest.o
configure:13896: $? = 0
configure:13907: result: yes
configure:13927: checking for struct sockaddr_in6
configure:13953: gcc -no-cpp-precomp -c -O2 -Wall -Wmissing-prototypes -Wpointer-arith -Winline -Wdeclaration-after-statement -Wendif-labels -fno-strict-aliasing -fwrapv   conftest.c >&5
configure:13959: $? = 0
configure:13963: test -z 
			 || test ! -s conftest.err
configure:13966: $? = 0
configure:13969: test -s conftest.o
configure:13972: $? = 0
configure:13983: result: yes
configure:13996: checking for PS_STRINGS
configure:14020: gcc -no-cpp-precomp -o conftest -O2 -Wall -Wmissing-prototypes -Wpointer-arith -Winline -Wdeclaration-after-statement -Wendif-labels -fno-strict-aliasing -fwrapv     conftest.c -lz -lreadline -lm  >&5
conftest.c:93:10: fatal error: 'sys/exec.h' file not found
#include <sys/exec.h>
         ^
1 error generated.
configure:14026: $? = 1
configure: failed program was:
| /* confdefs.h.  */
| 
| #define PACKAGE_NAME "PostgreSQL"
| #define PACKAGE_TARNAME "postgresql"
| #define PACKAGE_VERSION "8.2.19"
| #define PACKAGE_STRING "PostgreSQL 8.2.19"
| #define PACKAGE_BUGREPORT "pgsql-bugs@postgresql.org"
| #define PG_VERSION "8.2.19"
| #define DEF_PGPORT 5432
| #define DEF_PGPORT_STR "5432"
| #define PG_VERSION_STR "PostgreSQL 8.2.19 on i386-apple-darwin15.6.0, compiled by GCC Apple LLVM version 8.0.0 (clang-800.0.42.1)"
| #define PG_KRB_SRVNAM "postgres"
| #define PG_VERSION_NUM 80219
| #define HAVE_LIBM 1
| #define HAVE_LIBREADLINE 1
| #define HAVE_LIBZ 1
| #define HAVE_SPINLOCKS 1
| #define STDC_HEADERS 1
| #define HAVE_SYS_TYPES_H 1
| #define HAVE_SYS_STAT_H 1
| #define HAVE_STDLIB_H 1
| #define HAVE_STRING_H 1
| #define HAVE_MEMORY_H 1
| #define HAVE_STRINGS_H 1
| #define HAVE_INTTYPES_H 1
| #define HAVE_STDINT_H 1
| #define HAVE_UNISTD_H 1
| #define HAVE_GETOPT_H 1
| #define HAVE_LANGINFO_H 1
| #define HAVE_POLL_H 1
| #define HAVE_PWD_H 1
| #define HAVE_SYS_IPC_H 1
| #define HAVE_SYS_POLL_H 1
| #define HAVE_SYS_RESOURCE_H 1
| #define HAVE_SYS_SELECT_H 1
| #define HAVE_SYS_SEM_H 1
| #define HAVE_SYS_SOCKET_H 1
| #define HAVE_SYS_SHM_H 1
| #define HAVE_SYS_TIME_H 1
| #define HAVE_SYS_UN_H 1
| #define HAVE_TERMIOS_H 1
| #define HAVE_UTIME_H 1
| #define HAVE_WCHAR_H 1
| #define HAVE_WCTYPE_H 1
| #define HAVE_NETINET_IN_H 1
| #define HAVE_NETINET_TCP_H 1
| #define HAVE_READLINE_READLINE_H 1
| #define HAVE_READLINE_HISTORY_H 1
| #define HAVE_STRINGIZE 1
| #define HAVE_FUNCNAME__FUNC 1
| #define HAVE_STRUCT_TM_TM_ZONE 1
| #define HAVE_TM_ZONE 1
| #define HAVE_TZNAME 1
| #define HAVE_UNION_SEMUN 1
| #define HAVE_STRUCT_SOCKADDR_UN 1
| #define HAVE_UNIX_SOCKETS 1
| #define HAVE_STRUCT_SOCKADDR_STORAGE 1
| #define HAVE_STRUCT_SOCKADDR_STORAGE_SS_FAMILY 1
| #define HAVE_STRUCT_SOCKADDR_STORAGE_SS_LEN 1
| #define HAVE_STRUCT_SOCKADDR_SA_LEN 1
| #define HAVE_STRUCT_ADDRINFO 1
| #define HAVE_STRUCT_OPTION 1
| #define HAVE_INT_TIMEZONE
| #define ACCEPT_TYPE_RETURN int
| #define ACCEPT_TYPE_ARG1 int
| #define ACCEPT_TYPE_ARG2 struct sockaddr *
| #define ACCEPT_TYPE_ARG3 socklen_t
| #define HAVE_CBRT 1
| #define HAVE_DLOPEN 1
| #define HAVE_FCVT 1
| #define HAVE_FDATASYNC 1
| #define HAVE_GETPEEREID 1
| #define HAVE_GETRLIMIT 1
| #define HAVE_MEMMOVE 1
| #define HAVE_POLL 1
| #define HAVE_READLINK 1
| #define HAVE_SETSID 1
| #define HAVE_SIGPROCMASK 1
| #define HAVE_SYMLINK 1
| #define HAVE_SYSCONF 1
| #define HAVE_TOWLOWER 1
| #define HAVE_UTIME 1
| #define HAVE_UTIMES 1
| #define HAVE_WAITPID 1
| #define HAVE_WCSTOMBS 1
| #define HAVE_DECL_FDATASYNC 0
| #define HAVE_DECL_POSIX_FADVISE 0
| #define HAVE_DECL_STRLCPY 1
| #define HAVE_DECL_F_FULLFSYNC 1
| #define HAVE_IPV6 1
| /* end confdefs.h.  */
| #include <machine/vmparam.h>
| #include <sys/exec.h>
| 
| int
| main ()
| {
| PS_STRINGS->ps_nargvstr = 1;
| PS_STRINGS->ps_argvstr = "foo";
|   ;
|   return 0;
| }
configure:14051: result: no
configure:14100: checking for snprintf
configure:14157: gcc -no-cpp-precomp -o conftest -O2 -Wall -Wmissing-prototypes -Wpointer-arith -Winline -Wdeclaration-after-statement -Wendif-labels -fno-strict-aliasing -fwrapv     conftest.c -lz -lreadline -lm  >&5
conftest.c:116:6: warning: incompatible redeclaration of library function 'snprintf' [-Wincompatible-library-redeclaration]
char snprintf ();
     ^
conftest.c:116:6: note: 'snprintf' is a builtin with type 'int (char *, unsigned long, const char *, ...)'
1 warning generated.
configure:14163: $? = 0
configure:14167: test -z 
			 || test ! -s conftest.err
configure:14170: $? = 0
configure:14173: test -s conftest
configure:14176: $? = 0
configure:14188: result: yes
configure:14204: checking for vsnprintf
configure:14261: gcc -no-cpp-precomp -o conftest -O2 -Wall -Wmissing-prototypes -Wpointer-arith -Winline -Wdeclaration-after-statement -Wendif-labels -fno-strict-aliasing -fwrapv     conftest.c -lz -lreadline -lm  >&5
conftest.c:117:6: warning: incompatible redeclaration of library function 'vsnprintf' [-Wincompatible-library-redeclaration]
char vsnprintf ();
     ^
conftest.c:117:6: note: 'vsnprintf' is a builtin with type 'int (char *, unsigned long, const char *, struct __va_list_tag *)'
1 warning generated.
configure:14267: $? = 0
configure:14271: test -z 
			 || test ! -s conftest.err
configure:14274: $? = 0
configure:14277: test -s conftest
configure:14280: $? = 0
configure:14292: result: yes
configure:14312: checking whether snprintf is declared
configure:14336: gcc -no-cpp-precomp -c -O2 -Wall -Wmissing-prototypes -Wpointer-arith -Winline -Wdeclaration-after-statement -Wendif-labels -fno-strict-aliasing -fwrapv   conftest.c >&5
configure:14342: $? = 0
configure:14346: test -z 
			 || test ! -s conftest.err
configure:14349: $? = 0
configure:14352: test -s conftest.o
configure:14355: $? = 0
configure:14366: result: yes
configure:14382: checking whether vsnprintf is declared
configure:14406: gcc -no-cpp-precomp -c -O2 -Wall -Wmissing-prototypes -Wpointer-arith -Winline -Wdeclaration-after-statement -Wendif-labels -fno-strict-aliasing -fwrapv   conftest.c >&5
configure:14412: $? = 0
configure:14416: test -z 
			 || test ! -s conftest.err
configure:14419: $? = 0
configure:14422: test -s conftest.o
configure:14425: $? = 0
configure:14436: result: yes
configure:14456: checking for isinf
configure:14480: gcc -no-cpp-precomp -o conftest -O2 -Wall -Wmissing-prototypes -Wpointer-arith -Winline -Wdeclaration-after-statement -Wendif-labels -fno-strict-aliasing -fwrapv     conftest.c -lz -lreadline -lm  >&5
configure:14486: $? = 0
configure:14490: test -z 
			 || test ! -s conftest.err
configure:14493: $? = 0
configure:14496: test -s conftest
configure:14499: $? = 0
configure:14511: result: yes
configure:14659: checking for crypt
configure:14716: gcc -no-cpp-precomp -o conftest -O2 -Wall -Wmissing-prototypes -Wpointer-arith -Winline -Wdeclaration-after-statement -Wendif-labels -fno-strict-aliasing -fwrapv     conftest.c -lz  -lm  >&5
configure:14722: $? = 0
configure:14726: test -z 
			 || test ! -s conftest.err
configure:14729: $? = 0
configure:14732: test -s conftest
configure:14735: $? = 0
configure:14747: result: yes
configure:14659: checking for fseeko
configure:14716: gcc -no-cpp-precomp -o conftest -O2 -Wall -Wmissing-prototypes -Wpointer-arith -Winline -Wdeclaration-after-statement -Wendif-labels -fno-strict-aliasing -fwrapv     conftest.c -lz  -lm  >&5
configure:14722: $? = 0
configure:14726: test -z 
			 || test ! -s conftest.err
configure:14729: $? = 0
configure:14732: test -s conftest
configure:14735: $? = 0
configure:14747: result: yes
configure:14659: checking for getopt
configure:14716: gcc -no-cpp-precomp -o conftest -O2 -Wall -Wmissing-prototypes -Wpointer-arith -Winline -Wdeclaration-after-statement -Wendif-labels -fno-strict-aliasing -fwrapv     conftest.c -lz  -lm  >&5
configure:14722: $? = 0
configure:14726: test -z 
			 || test ! -s conftest.err
configure:14729: $? = 0
configure:14732: test -s conftest
configure:14735: $? = 0
configure:14747: result: yes
configure:14659: checking for getrusage
configure:14716: gcc -no-cpp-precomp -o conftest -O2 -Wall -Wmissing-prototypes -Wpointer-arith -Winline -Wdeclaration-after-statement -Wendif-labels -fno-strict-aliasing -fwrapv     conftest.c -lz  -lm  >&5
configure:14722: $? = 0
configure:14726: test -z 
			 || test ! -s conftest.err
configure:14729: $? = 0
configure:14732: test -s conftest
configure:14735: $? = 0
configure:14747: result: yes
configure:14659: checking for inet_aton
configure:14716: gcc -no-cpp-precomp -o conftest -O2 -Wall -Wmissing-prototypes -Wpointer-arith -Winline -Wdeclaration-after-statement -Wendif-labels -fno-strict-aliasing -fwrapv     conftest.c -lz  -lm  >&5
configure:14722: $? = 0
configure:14726: test -z 
			 || test ! -s conftest.err
configure:14729: $? = 0
configure:14732: test -s conftest
configure:14735: $? = 0
configure:14747: result: yes
configure:14659: checking for random
configure:14716: gcc -no-cpp-precomp -o conftest -O2 -Wall -Wmissing-prototypes -Wpointer-arith -Winline -Wdeclaration-after-statement -Wendif-labels -fno-strict-aliasing -fwrapv     conftest.c -lz  -lm  >&5
configure:14722: $? = 0
configure:14726: test -z 
			 || test ! -s conftest.err
configure:14729: $? = 0
configure:14732: test -s conftest
configure:14735: $? = 0
configure:14747: result: yes
configure:14659: checking for rint
configure:14716: gcc -no-cpp-precomp -o conftest -O2 -Wall -Wmissing-prototypes -Wpointer-arith -Winline -Wdeclaration-after-statement -Wendif-labels -fno-strict-aliasing -fwrapv     conftest.c -lz  -lm  >&5
conftest.c:127:6: warning: incompatible redeclaration of library function 'rint' [-Wincompatible-library-redeclaration]
char rint ();
     ^
conftest.c:127:6: note: 'rint' is a builtin with type 'double (double)'
1 warning generated.
configure:14722: $? = 0
configure:14726: test -z 
			 || test ! -s conftest.err
configure:14729: $? = 0
configure:14732: test -s conftest
configure:14735: $? = 0
configure:14747: result: yes
configure:14659: checking for srandom
configure:14716: gcc -no-cpp-precomp -o conftest -O2 -Wall -Wmissing-prototypes -Wpointer-arith -Winline -Wdeclaration-after-statement -Wendif-labels -fno-strict-aliasing -fwrapv     conftest.c -lz  -lm  >&5
configure:14722: $? = 0
configure:14726: test -z 
			 || test ! -s conftest.err
configure:14729: $? = 0
configure:14732: test -s conftest
configure:14735: $? = 0
configure:14747: result: yes
configure:14659: checking for strdup
configure:14716: gcc -no-cpp-precomp -o conftest -O2 -Wall -Wmissing-prototypes -Wpointer-arith -Winline -Wdeclaration-after-statement -Wendif-labels -fno-strict-aliasing -fwrapv     conftest.c -lz  -lm  >&5
conftest.c:129:6: warning: incompatible redeclaration of library function 'strdup' [-Wincompatible-library-redeclaration]
char strdup ();
     ^
conftest.c:129:6: note: 'strdup' is a builtin with type 'char *(const char *)'
1 warning generated.
configure:14722: $? = 0
configure:14726: test -z 
			 || test ! -s conftest.err
configure:14729: $? = 0
configure:14732: test -s conftest
configure:14735: $? = 0
configure:14747: result: yes
configure:14659: checking for strerror
configure:14716: gcc -no-cpp-precomp -o conftest -O2 -Wall -Wmissing-prototypes -Wpointer-arith -Winline -Wdeclaration-after-statement -Wendif-labels -fno-strict-aliasing -fwrapv     conftest.c -lz  -lm  >&5
conftest.c:130:6: warning: incompatible redeclaration of library function 'strerror' [-Wincompatible-library-redeclaration]
char strerror ();
     ^
conftest.c:130:6: note: 'strerror' is a builtin with type 'char *(int)'
1 warning generated.
configure:14722: $? = 0
configure:14726: test -z 
			 || test ! -s conftest.err
configure:14729: $? = 0
configure:14732: test -s conftest
configure:14735: $? = 0
configure:14747: result: yes
configure:14659: checking for strlcpy
configure:14716: gcc -no-cpp-precomp -o conftest -O2 -Wall -Wmissing-prototypes -Wpointer-arith -Winline -Wdeclaration-after-statement -Wendif-labels -fno-strict-aliasing -fwrapv     conftest.c -lz  -lm  >&5
conftest.c:131:6: warning: incompatible redeclaration of library function 'strlcpy' [-Wincompatible-library-redeclaration]
char strlcpy ();
     ^
conftest.c:131:6: note: 'strlcpy' is a builtin with type 'unsigned long (char *, const char *, unsigned long)'
1 warning generated.
configure:14722: $? = 0
configure:14726: test -z 
			 || test ! -s conftest.err
configure:14729: $? = 0
configure:14732: test -s conftest
configure:14735: $? = 0
configure:14747: result: yes
configure:14659: checking for strtol
configure:14716: gcc -no-cpp-precomp -o conftest -O2 -Wall -Wmissing-prototypes -Wpointer-arith -Winline -Wdeclaration-after-statement -Wendif-labels -fno-strict-aliasing -fwrapv     conftest.c -lz  -lm  >&5
configure:14722: $? = 0
configure:14726: test -z 
			 || test ! -s conftest.err
configure:14729: $? = 0
configure:14732: test -s conftest
configure:14735: $? = 0
configure:14747: result: yes
configure:14659: checking for strtoul
configure:14716: gcc -no-cpp-precomp -o conftest -O2 -Wall -Wmissing-prototypes -Wpointer-arith -Winline -Wdeclaration-after-statement -Wendif-labels -fno-strict-aliasing -fwrapv     conftest.c -lz  -lm  >&5
configure:14722: $? = 0
configure:14726: test -z 
			 || test ! -s conftest.err
configure:14729: $? = 0
configure:14732: test -s conftest
configure:14735: $? = 0
configure:14747: result: yes
configure:14659: checking for unsetenv
configure:14716: gcc -no-cpp-precomp -o conftest -O2 -Wall -Wmissing-prototypes -Wpointer-arith -Winline -Wdeclaration-after-statement -Wendif-labels -fno-strict-aliasing -fwrapv     conftest.c -lz  -lm  >&5
configure:14722: $? = 0
configure:14726: test -z 
			 || test ! -s conftest.err
configure:14729: $? = 0
configure:14732: test -s conftest
configure:14735: $? = 0
configure:14747: result: yes
configure:14780: checking for getaddrinfo
configure:14837: gcc -no-cpp-precomp -o conftest -O2 -Wall -Wmissing-prototypes -Wpointer-arith -Winline -Wdeclaration-after-statement -Wendif-labels -fno-strict-aliasing -fwrapv     conftest.c -lz -lreadline -lm  >&5
configure:14843: $? = 0
configure:14847: test -z 
			 || test ! -s conftest.err
configure:14850: $? = 0
configure:14853: test -s conftest
configure:14856: $? = 0
configure:14868: result: yes
configure:14924: checking for getopt_long
configure:14981: gcc -no-cpp-precomp -o conftest -O2 -Wall -Wmissing-prototypes -Wpointer-arith -Winline -Wdeclaration-after-statement -Wendif-labels -fno-strict-aliasing -fwrapv     conftest.c -lz -lreadline -lm  >&5
configure:14987: $? = 0
configure:14991: test -z 
			 || test ! -s conftest.err
configure:14994: $? = 0
configure:14997: test -s conftest
configure:15000: $? = 0
configure:15012: result: yes
configure:15204: checking for rl_completion_append_character
configure:15228: gcc -no-cpp-precomp -o conftest -O2 -Wall -Wmissing-prototypes -Wpointer-arith -Winline -Wdeclaration-after-statement -Wendif-labels -fno-strict-aliasing -fwrapv     conftest.c -lz -lreadline -lm  >&5
configure:15234: $? = 0
configure:15238: test -z 
			 || test ! -s conftest.err
configure:15241: $? = 0
configure:15244: test -s conftest
configure:15247: $? = 0
configure:15249: result: yes
configure:15270: checking for rl_completion_matches
configure:15327: gcc -no-cpp-precomp -o conftest -O2 -Wall -Wmissing-prototypes -Wpointer-arith -Winline -Wdeclaration-after-statement -Wendif-labels -fno-strict-aliasing -fwrapv     conftest.c -lz -lreadline -lm  >&5
configure:15333: $? = 0
configure:15337: test -z 
			 || test ! -s conftest.err
configure:15340: $? = 0
configure:15343: test -s conftest
configure:15346: $? = 0
configure:15358: result: yes
configure:15270: checking for rl_filename_completion_function
configure:15327: gcc -no-cpp-precomp -o conftest -O2 -Wall -Wmissing-prototypes -Wpointer-arith -Winline -Wdeclaration-after-statement -Wendif-labels -fno-strict-aliasing -fwrapv     conftest.c -lz -lreadline -lm  >&5
configure:15333: $? = 0
configure:15337: test -z 
			 || test ! -s conftest.err
configure:15340: $? = 0
configure:15343: test -s conftest
configure:15346: $? = 0
configure:15358: result: yes
configure:15372: checking for replace_history_entry
configure:15429: gcc -no-cpp-precomp -o conftest -O2 -Wall -Wmissing-prototypes -Wpointer-arith -Winline -Wdeclaration-after-statement -Wendif-labels -fno-strict-aliasing -fwrapv     conftest.c -lz -lreadline -lm  >&5
configure:15435: $? = 0
configure:15439: test -z 
			 || test ! -s conftest.err
configure:15442: $? = 0
configure:15445: test -s conftest
configure:15448: $? = 0
configure:15460: result: yes
configure:15473: checking for finite
configure:15494: gcc -no-cpp-precomp -o conftest -O2 -Wall -Wmissing-prototypes -Wpointer-arith -Winline -Wdeclaration-after-statement -Wendif-labels -fno-strict-aliasing -fwrapv     conftest.c -lz -lreadline -lm  >&5
conftest.c:124:8: warning: 'finite' is deprecated: first deprecated in macOS 10.9 [-Wdeprecated-declarations]
return finite(glob_double) ? 0 : 1;
       ^
/usr/include/math.h:757:12: note: 'finite' has been explicitly marked deprecated here
extern int finite(double) __OSX_AVAILABLE_BUT_DEPRECATED(__MAC_10_0, __MAC_10_9, __IPHONE_NA, __IPHONE_NA);
           ^
1 warning generated.
configure:15500: $? = 0
configure:15504: test -z 
			 || test ! -s conftest.err
configure:15507: $? = 0
configure:15510: test -s conftest
configure:15513: $? = 0
configure:15520: result: yes
configure:15532: checking for sigsetjmp
configure:15550: gcc -no-cpp-precomp -o conftest -O2 -Wall -Wmissing-prototypes -Wpointer-arith -Winline -Wdeclaration-after-statement -Wendif-labels -fno-strict-aliasing -fwrapv     conftest.c -lz -lreadline -lm  >&5
configure:15556: $? = 0
configure:15560: test -z 
			 || test ! -s conftest.err
configure:15563: $? = 0
configure:15566: test -s conftest
configure:15569: $? = 0
configure:15576: result: yes
configure:15588: checking for syslog
configure:15645: gcc -no-cpp-precomp -o conftest -O2 -Wall -Wmissing-prototypes -Wpointer-arith -Winline -Wdeclaration-after-statement -Wendif-labels -fno-strict-aliasing -fwrapv     conftest.c -lz -lreadline -lm  >&5
configure:15651: $? = 0
configure:15655: test -z 
			 || test ! -s conftest.err
configure:15658: $? = 0
configure:15661: test -s conftest
configure:15664: $? = 0
configure:15676: result: yes
configure:15689: checking syslog.h usability
configure:15701: gcc -no-cpp-precomp -c -O2 -Wall -Wmissing-prototypes -Wpointer-arith -Winline -Wdeclaration-after-statement -Wendif-labels -fno-strict-aliasing -fwrapv   conftest.c >&5
configure:15707: $? = 0
configure:15711: test -z 
			 || test ! -s conftest.err
configure:15714: $? = 0
configure:15717: test -s conftest.o
configure:15720: $? = 0
configure:15730: result: yes
configure:15734: checking syslog.h presence
configure:15744: gcc -no-cpp-precomp -E   conftest.c
configure:15750: $? = 0
configure:15770: result: yes
configure:15805: checking for syslog.h
configure:15812: result: yes
configure:15828: checking for optreset
configure:15849: gcc -no-cpp-precomp -o conftest -O2 -Wall -Wmissing-prototypes -Wpointer-arith -Winline -Wdeclaration-after-statement -Wendif-labels -fno-strict-aliasing -fwrapv     conftest.c -lz -lreadline -lm  >&5
configure:15855: $? = 0
configure:15859: test -z 
			 || test ! -s conftest.err
configure:15862: $? = 0
configure:15865: test -s conftest
configure:15868: $? = 0
configure:15880: result: yes
configure:15895: checking for strtoll
configure:15952: gcc -no-cpp-precomp -o conftest -O2 -Wall -Wmissing-prototypes -Wpointer-arith -Winline -Wdeclaration-after-statement -Wendif-labels -fno-strict-aliasing -fwrapv     conftest.c -lz -lreadline -lm  >&5
configure:15958: $? = 0
configure:15962: test -z 
			 || test ! -s conftest.err
configure:15965: $? = 0
configure:15968: test -s conftest
configure:15971: $? = 0
configure:15983: result: yes
configure:15998: checking for strtoull
configure:16055: gcc -no-cpp-precomp -o conftest -O2 -Wall -Wmissing-prototypes -Wpointer-arith -Winline -Wdeclaration-after-statement -Wendif-labels -fno-strict-aliasing -fwrapv     conftest.c -lz -lreadline -lm  >&5
configure:16061: $? = 0
configure:16065: test -z 
			 || test ! -s conftest.err
configure:16068: $? = 0
configure:16071: test -s conftest
configure:16074: $? = 0
configure:16086: result: yes
configure:16102: checking for atexit
configure:16159: gcc -no-cpp-precomp -o conftest -O2 -Wall -Wmissing-prototypes -Wpointer-arith -Winline -Wdeclaration-after-statement -Wendif-labels -fno-strict-aliasing -fwrapv     conftest.c -lz -lreadline -lm  >&5
configure:16165: $? = 0
configure:16169: test -z 
			 || test ! -s conftest.err
configure:16172: $? = 0
configure:16175: test -s conftest
configure:16178: $? = 0
configure:16190: result: yes
configure:16308: checking for _LARGEFILE_SOURCE value needed for large files
configure:16331: gcc -no-cpp-precomp -c -O2 -Wall -Wmissing-prototypes -Wpointer-arith -Winline -Wdeclaration-after-statement -Wendif-labels -fno-strict-aliasing -fwrapv   conftest.c >&5
conftest.c:128:9: warning: address of function 'fseeko' will always evaluate to 'true' [-Wpointer-bool-conversion]
return !fseeko;
       ~^~~~~~
conftest.c:128:9: note: prefix with the address-of operator to silence this warning
return !fseeko;
        ^
        &
1 warning generated.
configure:16337: $? = 0
configure:16341: test -z 
			 || test ! -s conftest.err
configure:16344: $? = 0
configure:16347: test -s conftest.o
configure:16350: $? = 0
configure:16407: result: no
configure:16421: checking for fseeko
configure:16473: result: yes
configure:17684: checking test program
configure:17699: gcc -no-cpp-precomp -o conftest -O2 -Wall -Wmissing-prototypes -Wpointer-arith -Winline -Wdeclaration-after-statement -Wendif-labels -fno-strict-aliasing -fwrapv     conftest.c -lz -lreadline -lm  >&5
configure:17702: $? = 0
configure:17704: ./conftest
configure:17707: $? = 0
configure:17709: result: ok
configure:17801: checking whether long int is 64 bits
configure:17891: gcc -no-cpp-precomp -o conftest -O2 -Wall -Wmissing-prototypes -Wpointer-arith -Winline -Wdeclaration-after-statement -Wendif-labels -fno-strict-aliasing -fwrapv     conftest.c -lz -lreadline -lm  >&5
conftest.c:134:5: warning: no previous prototype for function 'does_int64_work' [-Wmissing-prototypes]
int does_int64_work()
    ^
conftest.c:148:1: warning: type specifier missing, defaults to 'int' [-Wimplicit-int]
main() {
^
conftest.c:149:3: warning: implicitly declaring library function 'exit' with type 'void (int) __attribute__((noreturn))' [-Wimplicit-function-declaration]
  exit(! does_int64_work());
  ^
conftest.c:149:3: note: include the header <stdlib.h> or explicitly provide a declaration for 'exit'
3 warnings generated.
configure:17894: $? = 0
configure:17896: ./conftest
configure:17899: $? = 0
configure:17913: result: yes
configure:18239: checking for unsigned long
configure:18263: gcc -no-cpp-precomp -c -O2 -Wall -Wmissing-prototypes -Wpointer-arith -Winline -Wdeclaration-after-statement -Wendif-labels -fno-strict-aliasing -fwrapv   conftest.c >&5
configure:18269: $? = 0
configure:18273: test -z 
			 || test ! -s conftest.err
configure:18276: $? = 0
configure:18279: test -s conftest.o
configure:18282: $? = 0
configure:18293: result: yes
configure:18296: checking size of unsigned long
configure:18615: gcc -no-cpp-precomp -o conftest -O2 -Wall -Wmissing-prototypes -Wpointer-arith -Winline -Wdeclaration-after-statement -Wendif-labels -fno-strict-aliasing -fwrapv     conftest.c -lz -lreadline -lm  >&5
conftest.c:162:6: warning: no previous prototype for function 'longval' [-Wmissing-prototypes]
long longval () { return (long) (sizeof (unsigned long)); }
     ^
conftest.c:163:15: warning: no previous prototype for function 'ulongval' [-Wmissing-prototypes]
unsigned long ulongval () { return (long) (sizeof (unsigned long)); }
              ^
2 warnings generated.
configure:18618: $? = 0
configure:18620: ./conftest
configure:18623: $? = 0
configure:18646: result: 8
configure:18655: checking for size_t
configure:18679: gcc -no-cpp-precomp -c -O2 -Wall -Wmissing-prototypes -Wpointer-arith -Winline -Wdeclaration-after-statement -Wendif-labels -fno-strict-aliasing -fwrapv   conftest.c >&5
configure:18685: $? = 0
configure:18689: test -z 
			 || test ! -s conftest.err
configure:18692: $? = 0
configure:18695: test -s conftest.o
configure:18698: $? = 0
configure:18709: result: yes
configure:18712: checking size of size_t
configure:19031: gcc -no-cpp-precomp -o conftest -O2 -Wall -Wmissing-prototypes -Wpointer-arith -Winline -Wdeclaration-after-statement -Wendif-labels -fno-strict-aliasing -fwrapv     conftest.c -lz -lreadline -lm  >&5
conftest.c:163:6: warning: no previous prototype for function 'longval' [-Wmissing-prototypes]
long longval () { return (long) (sizeof (size_t)); }
     ^
conftest.c:164:15: warning: no previous prototype for function 'ulongval' [-Wmissing-prototypes]
unsigned long ulongval () { return (long) (sizeof (size_t)); }
              ^
2 warnings generated.
configure:19034: $? = 0
configure:19036: ./conftest
configure:19039: $? = 0
configure:19062: result: 8
configure:19072: checking for short
configure:19096: gcc -no-cpp-precomp -c -O2 -Wall -Wmissing-prototypes -Wpointer-arith -Winline -Wdeclaration-after-statement -Wendif-labels -fno-strict-aliasing -fwrapv   conftest.c >&5
configure:19102: $? = 0
configure:19106: test -z 
			 || test ! -s conftest.err
configure:19109: $? = 0
configure:19112: test -s conftest.o
configure:19115: $? = 0
configure:19126: result: yes
configure:19129: checking alignment of short
configure:19448: gcc -no-cpp-precomp -o conftest -O2 -Wall -Wmissing-prototypes -Wpointer-arith -Winline -Wdeclaration-after-statement -Wendif-labels -fno-strict-aliasing -fwrapv     conftest.c -lz -lreadline -lm  >&5
conftest.c:165:6: warning: no previous prototype for function 'longval' [-Wmissing-prototypes]
long longval () { return ((char*) & pgac_struct.field) - ((char*) & pgac_struct); }
     ^
conftest.c:166:15: warning: no previous prototype for function 'ulongval' [-Wmissing-prototypes]
unsigned long ulongval () { return ((char*) & pgac_struct.field) - ((char*) & pgac_struct); }
              ^
2 warnings generated.
configure:19451: $? = 0
configure:19453: ./conftest
configure:19456: $? = 0
configure:19477: result: 2
configure:19484: checking for int
configure:19508: gcc -no-cpp-precomp -c -O2 -Wall -Wmissing-prototypes -Wpointer-arith -Winline -Wdeclaration-after-statement -Wendif-labels -fno-strict-aliasing -fwrapv   conftest.c >&5
configure:19514: $? = 0
configure:19518: test -z 
			 || test ! -s conftest.err
configure:19521: $? = 0
configure:19524: test -s conftest.o
configure:19527: $? = 0
configure:19538: result: yes
configure:19541: checking alignment of int
configure:19860: gcc -no-cpp-precomp -o conftest -O2 -Wall -Wmissing-prototypes -Wpointer-arith -Winline -Wdeclaration-after-statement -Wendif-labels -fno-strict-aliasing -fwrapv     conftest.c -lz -lreadline -lm  >&5
conftest.c:166:6: warning: no previous prototype for function 'longval' [-Wmissing-prototypes]
long longval () { return ((char*) & pgac_struct.field) - ((char*) & pgac_struct); }
     ^
conftest.c:167:15: warning: no previous prototype for function 'ulongval' [-Wmissing-prototypes]
unsigned long ulongval () { return ((char*) & pgac_struct.field) - ((char*) & pgac_struct); }
              ^
2 warnings generated.
configure:19863: $? = 0
configure:19865: ./conftest
configure:19868: $? = 0
configure:19889: result: 4
configure:19896: checking for long
configure:19920: gcc -no-cpp-precomp -c -O2 -Wall -Wmissing-prototypes -Wpointer-arith -Winline -Wdeclaration-after-statement -Wendif-labels -fno-strict-aliasing -fwrapv   conftest.c >&5
configure:19926: $? = 0
configure:19930: test -z 
			 || test ! -s conftest.err
configure:19933: $? = 0
configure:19936: test -s conftest.o
configure:19939: $? = 0
configure:19950: result: yes
configure:19953: checking alignment of long
configure:20272: gcc -no-cpp-precomp -o conftest -O2 -Wall -Wmissing-prototypes -Wpointer-arith -Winline -Wdeclaration-after-statement -Wendif-labels -fno-strict-aliasing -fwrapv     conftest.c -lz -lreadline -lm  >&5
conftest.c:167:6: warning: no previous prototype for function 'longval' [-Wmissing-prototypes]
long longval () { return ((char*) & pgac_struct.field) - ((char*) & pgac_struct); }
     ^
conftest.c:168:15: warning: no previous prototype for function 'ulongval' [-Wmissing-prototypes]
unsigned long ulongval () { return ((char*) & pgac_struct.field) - ((char*) & pgac_struct); }
              ^
2 warnings generated.
configure:20275: $? = 0
configure:20277: ./conftest
configure:20280: $? = 0
configure:20301: result: 8
configure:20722: checking for double
configure:20746: gcc -no-cpp-precomp -c -O2 -Wall -Wmissing-prototypes -Wpointer-arith -Winline -Wdeclaration-after-statement -Wendif-labels -fno-strict-aliasing -fwrapv   conftest.c >&5
configure:20752: $? = 0
configure:20756: test -z 
			 || test ! -s conftest.err
configure:20759: $? = 0
configure:20762: test -s conftest.o
configure:20765: $? = 0
configure:20776: result: yes
configure:20779: checking alignment of double
configure:21098: gcc -no-cpp-precomp -o conftest -O2 -Wall -Wmissing-prototypes -Wpointer-arith -Winline -Wdeclaration-after-statement -Wendif-labels -fno-strict-aliasing -fwrapv     conftest.c -lz -lreadline -lm  >&5
conftest.c:168:6: warning: no previous prototype for function 'longval' [-Wmissing-prototypes]
long longval () { return ((char*) & pgac_struct.field) - ((char*) & pgac_struct); }
     ^
conftest.c:169:15: warning: no previous prototype for function 'ulongval' [-Wmissing-prototypes]
unsigned long ulongval () { return ((char*) & pgac_struct.field) - ((char*) & pgac_struct); }
              ^
2 warnings generated.
configure:21101: $? = 0
configure:21103: ./conftest
configure:21106: $? = 0
configure:21127: result: 8
configure:21155: checking for int8
configure:21183: gcc -no-cpp-precomp -c -O2 -Wall -Wmissing-prototypes -Wpointer-arith -Winline -Wdeclaration-after-statement -Wendif-labels -fno-strict-aliasing -fwrapv   conftest.c >&5
conftest.c:143:6: error: use of undeclared identifier 'int8'; did you mean 'int'?
if ((int8 *) 0)
     ^~~~
     int
conftest.c:143:6: error: expected expression
conftest.c:145:13: error: use of undeclared identifier 'int8'; did you mean 'int'?
if (sizeof (int8))
            ^~~~
            int
conftest.c:145:12: error: reference to overloaded function could not be resolved; did you mean to call it?
if (sizeof (int8))
           ^~~~~~
4 errors generated.
configure:21189: $? = 1
configure: failed program was:
| /* confdefs.h.  */
| 
| #define PACKAGE_NAME "PostgreSQL"
| #define PACKAGE_TARNAME "postgresql"
| #define PACKAGE_VERSION "8.2.19"
| #define PACKAGE_STRING "PostgreSQL 8.2.19"
| #define PACKAGE_BUGREPORT "pgsql-bugs@postgresql.org"
| #define PG_VERSION "8.2.19"
| #define DEF_PGPORT 5432
| #define DEF_PGPORT_STR "5432"
| #define PG_VERSION_STR "PostgreSQL 8.2.19 on i386-apple-darwin15.6.0, compiled by GCC Apple LLVM version 8.0.0 (clang-800.0.42.1)"
| #define PG_KRB_SRVNAM "postgres"
| #define PG_VERSION_NUM 80219
| #define HAVE_LIBM 1
| #define HAVE_LIBREADLINE 1
| #define HAVE_LIBZ 1
| #define HAVE_SPINLOCKS 1
| #define STDC_HEADERS 1
| #define HAVE_SYS_TYPES_H 1
| #define HAVE_SYS_STAT_H 1
| #define HAVE_STDLIB_H 1
| #define HAVE_STRING_H 1
| #define HAVE_MEMORY_H 1
| #define HAVE_STRINGS_H 1
| #define HAVE_INTTYPES_H 1
| #define HAVE_STDINT_H 1
| #define HAVE_UNISTD_H 1
| #define HAVE_GETOPT_H 1
| #define HAVE_LANGINFO_H 1
| #define HAVE_POLL_H 1
| #define HAVE_PWD_H 1
| #define HAVE_SYS_IPC_H 1
| #define HAVE_SYS_POLL_H 1
| #define HAVE_SYS_RESOURCE_H 1
| #define HAVE_SYS_SELECT_H 1
| #define HAVE_SYS_SEM_H 1
| #define HAVE_SYS_SOCKET_H 1
| #define HAVE_SYS_SHM_H 1
| #define HAVE_SYS_TIME_H 1
| #define HAVE_SYS_UN_H 1
| #define HAVE_TERMIOS_H 1
| #define HAVE_UTIME_H 1
| #define HAVE_WCHAR_H 1
| #define HAVE_WCTYPE_H 1
| #define HAVE_NETINET_IN_H 1
| #define HAVE_NETINET_TCP_H 1
| #define HAVE_READLINE_READLINE_H 1
| #define HAVE_READLINE_HISTORY_H 1
| #define HAVE_STRINGIZE 1
| #define HAVE_FUNCNAME__FUNC 1
| #define HAVE_STRUCT_TM_TM_ZONE 1
| #define HAVE_TM_ZONE 1
| #define HAVE_TZNAME 1
| #define HAVE_UNION_SEMUN 1
| #define HAVE_STRUCT_SOCKADDR_UN 1
| #define HAVE_UNIX_SOCKETS 1
| #define HAVE_STRUCT_SOCKADDR_STORAGE 1
| #define HAVE_STRUCT_SOCKADDR_STORAGE_SS_FAMILY 1
| #define HAVE_STRUCT_SOCKADDR_STORAGE_SS_LEN 1
| #define HAVE_STRUCT_SOCKADDR_SA_LEN 1
| #define HAVE_STRUCT_ADDRINFO 1
| #define HAVE_STRUCT_OPTION 1
| #define HAVE_INT_TIMEZONE
| #define ACCEPT_TYPE_RETURN int
| #define ACCEPT_TYPE_ARG1 int
| #define ACCEPT_TYPE_ARG2 struct sockaddr *
| #define ACCEPT_TYPE_ARG3 socklen_t
| #define HAVE_CBRT 1
| #define HAVE_DLOPEN 1
| #define HAVE_FCVT 1
| #define HAVE_FDATASYNC 1
| #define HAVE_GETPEEREID 1
| #define HAVE_GETRLIMIT 1
| #define HAVE_MEMMOVE 1
| #define HAVE_POLL 1
| #define HAVE_READLINK 1
| #define HAVE_SETSID 1
| #define HAVE_SIGPROCMASK 1
| #define HAVE_SYMLINK 1
| #define HAVE_SYSCONF 1
| #define HAVE_TOWLOWER 1
| #define HAVE_UTIME 1
| #define HAVE_UTIMES 1
| #define HAVE_WAITPID 1
| #define HAVE_WCSTOMBS 1
| #define HAVE_DECL_FDATASYNC 0
| #define HAVE_DECL_POSIX_FADVISE 0
| #define HAVE_DECL_STRLCPY 1
| #define HAVE_DECL_F_FULLFSYNC 1
| #define HAVE_IPV6 1
| #define HAVE_SNPRINTF 1
| #define HAVE_VSNPRINTF 1
| #define HAVE_DECL_SNPRINTF 1
| #define HAVE_DECL_VSNPRINTF 1
| #define HAVE_ISINF 1
| #define HAVE_CRYPT 1
| #define HAVE_FSEEKO 1
| #define HAVE_GETOPT 1
| #define HAVE_GETRUSAGE 1
| #define HAVE_INET_ATON 1
| #define HAVE_RANDOM 1
| #define HAVE_RINT 1
| #define HAVE_SRANDOM 1
| #define HAVE_STRDUP 1
| #define HAVE_STRERROR 1
| #define HAVE_STRLCPY 1
| #define HAVE_STRTOL 1
| #define HAVE_STRTOUL 1
| #define HAVE_UNSETENV 1
| #define HAVE_GETADDRINFO 1
| #define HAVE_GETOPT_LONG 1
| #define HAVE_RL_COMPLETION_APPEND_CHARACTER 1
| #define HAVE_RL_COMPLETION_MATCHES 1
| #define HAVE_RL_FILENAME_COMPLETION_FUNCTION 1
| #define HAVE_REPLACE_HISTORY_ENTRY 1
| #define HAVE_FINITE 1
| #define HAVE_SIGSETJMP 1
| #define HAVE_SYSLOG 1
| #define HAVE_INT_OPTRESET 1
| #define HAVE_STRTOLL 1
| #define HAVE_STRTOULL 1
| #define HAVE_ATEXIT 1
| #define HAVE_FSEEKO 1
| #define HAVE_LONG_INT_64
| #define INT64_FORMAT "%ld"
| #define UINT64_FORMAT "%lu"
| #define SIZEOF_UNSIGNED_LONG 8
| #define SIZEOF_SIZE_T 8
| #define ALIGNOF_SHORT 2
| #define ALIGNOF_INT 4
| #define ALIGNOF_LONG 8
| #define ALIGNOF_DOUBLE 8
| #define MAXIMUM_ALIGNOF 8
| /* end confdefs.h.  */
| #include <stdio.h>
| #ifdef HAVE_SUPPORTDEFS_H
| #include <SupportDefs.h>
| #endif
| 
| int
| main ()
| {
| if ((int8 *) 0)
|   return 0;
| if (sizeof (int8))
|   return 0;
|   ;
|   return 0;
| }
configure:21213: result: no
configure:21223: checking for uint8
configure:21251: gcc -no-cpp-precomp -c -O2 -Wall -Wmissing-prototypes -Wpointer-arith -Winline -Wdeclaration-after-statement -Wendif-labels -fno-strict-aliasing -fwrapv   conftest.c >&5
conftest.c:143:13: error: expected expression
if ((uint8 *) 0)
            ^
conftest.c:143:6: error: use of undeclared identifier 'uint8'
if ((uint8 *) 0)
     ^
conftest.c:145:13: error: use of undeclared identifier 'uint8'
if (sizeof (uint8))
            ^
3 errors generated.
configure:21257: $? = 1
configure: failed program was:
| /* confdefs.h.  */
| 
| #define PACKAGE_NAME "PostgreSQL"
| #define PACKAGE_TARNAME "postgresql"
| #define PACKAGE_VERSION "8.2.19"
| #define PACKAGE_STRING "PostgreSQL 8.2.19"
| #define PACKAGE_BUGREPORT "pgsql-bugs@postgresql.org"
| #define PG_VERSION "8.2.19"
| #define DEF_PGPORT 5432
| #define DEF_PGPORT_STR "5432"
| #define PG_VERSION_STR "PostgreSQL 8.2.19 on i386-apple-darwin15.6.0, compiled by GCC Apple LLVM version 8.0.0 (clang-800.0.42.1)"
| #define PG_KRB_SRVNAM "postgres"
| #define PG_VERSION_NUM 80219
| #define HAVE_LIBM 1
| #define HAVE_LIBREADLINE 1
| #define HAVE_LIBZ 1
| #define HAVE_SPINLOCKS 1
| #define STDC_HEADERS 1
| #define HAVE_SYS_TYPES_H 1
| #define HAVE_SYS_STAT_H 1
| #define HAVE_STDLIB_H 1
| #define HAVE_STRING_H 1
| #define HAVE_MEMORY_H 1
| #define HAVE_STRINGS_H 1
| #define HAVE_INTTYPES_H 1
| #define HAVE_STDINT_H 1
| #define HAVE_UNISTD_H 1
| #define HAVE_GETOPT_H 1
| #define HAVE_LANGINFO_H 1
| #define HAVE_POLL_H 1
| #define HAVE_PWD_H 1
| #define HAVE_SYS_IPC_H 1
| #define HAVE_SYS_POLL_H 1
| #define HAVE_SYS_RESOURCE_H 1
| #define HAVE_SYS_SELECT_H 1
| #define HAVE_SYS_SEM_H 1
| #define HAVE_SYS_SOCKET_H 1
| #define HAVE_SYS_SHM_H 1
| #define HAVE_SYS_TIME_H 1
| #define HAVE_SYS_UN_H 1
| #define HAVE_TERMIOS_H 1
| #define HAVE_UTIME_H 1
| #define HAVE_WCHAR_H 1
| #define HAVE_WCTYPE_H 1
| #define HAVE_NETINET_IN_H 1
| #define HAVE_NETINET_TCP_H 1
| #define HAVE_READLINE_READLINE_H 1
| #define HAVE_READLINE_HISTORY_H 1
| #define HAVE_STRINGIZE 1
| #define HAVE_FUNCNAME__FUNC 1
| #define HAVE_STRUCT_TM_TM_ZONE 1
| #define HAVE_TM_ZONE 1
| #define HAVE_TZNAME 1
| #define HAVE_UNION_SEMUN 1
| #define HAVE_STRUCT_SOCKADDR_UN 1
| #define HAVE_UNIX_SOCKETS 1
| #define HAVE_STRUCT_SOCKADDR_STORAGE 1
| #define HAVE_STRUCT_SOCKADDR_STORAGE_SS_FAMILY 1
| #define HAVE_STRUCT_SOCKADDR_STORAGE_SS_LEN 1
| #define HAVE_STRUCT_SOCKADDR_SA_LEN 1
| #define HAVE_STRUCT_ADDRINFO 1
| #define HAVE_STRUCT_OPTION 1
| #define HAVE_INT_TIMEZONE
| #define ACCEPT_TYPE_RETURN int
| #define ACCEPT_TYPE_ARG1 int
| #define ACCEPT_TYPE_ARG2 struct sockaddr *
| #define ACCEPT_TYPE_ARG3 socklen_t
| #define HAVE_CBRT 1
| #define HAVE_DLOPEN 1
| #define HAVE_FCVT 1
| #define HAVE_FDATASYNC 1
| #define HAVE_GETPEEREID 1
| #define HAVE_GETRLIMIT 1
| #define HAVE_MEMMOVE 1
| #define HAVE_POLL 1
| #define HAVE_READLINK 1
| #define HAVE_SETSID 1
| #define HAVE_SIGPROCMASK 1
| #define HAVE_SYMLINK 1
| #define HAVE_SYSCONF 1
| #define HAVE_TOWLOWER 1
| #define HAVE_UTIME 1
| #define HAVE_UTIMES 1
| #define HAVE_WAITPID 1
| #define HAVE_WCSTOMBS 1
| #define HAVE_DECL_FDATASYNC 0
| #define HAVE_DECL_POSIX_FADVISE 0
| #define HAVE_DECL_STRLCPY 1
| #define HAVE_DECL_F_FULLFSYNC 1
| #define HAVE_IPV6 1
| #define HAVE_SNPRINTF 1
| #define HAVE_VSNPRINTF 1
| #define HAVE_DECL_SNPRINTF 1
| #define HAVE_DECL_VSNPRINTF 1
| #define HAVE_ISINF 1
| #define HAVE_CRYPT 1
| #define HAVE_FSEEKO 1
| #define HAVE_GETOPT 1
| #define HAVE_GETRUSAGE 1
| #define HAVE_INET_ATON 1
| #define HAVE_RANDOM 1
| #define HAVE_RINT 1
| #define HAVE_SRANDOM 1
| #define HAVE_STRDUP 1
| #define HAVE_STRERROR 1
| #define HAVE_STRLCPY 1
| #define HAVE_STRTOL 1
| #define HAVE_STRTOUL 1
| #define HAVE_UNSETENV 1
| #define HAVE_GETADDRINFO 1
| #define HAVE_GETOPT_LONG 1
| #define HAVE_RL_COMPLETION_APPEND_CHARACTER 1
| #define HAVE_RL_COMPLETION_MATCHES 1
| #define HAVE_RL_FILENAME_COMPLETION_FUNCTION 1
| #define HAVE_REPLACE_HISTORY_ENTRY 1
| #define HAVE_FINITE 1
| #define HAVE_SIGSETJMP 1
| #define HAVE_SYSLOG 1
| #define HAVE_INT_OPTRESET 1
| #define HAVE_STRTOLL 1
| #define HAVE_STRTOULL 1
| #define HAVE_ATEXIT 1
| #define HAVE_FSEEKO 1
| #define HAVE_LONG_INT_64
| #define INT64_FORMAT "%ld"
| #define UINT64_FORMAT "%lu"
| #define SIZEOF_UNSIGNED_LONG 8
| #define SIZEOF_SIZE_T 8
| #define ALIGNOF_SHORT 2
| #define ALIGNOF_INT 4
| #define ALIGNOF_LONG 8
| #define ALIGNOF_DOUBLE 8
| #define MAXIMUM_ALIGNOF 8
| /* end confdefs.h.  */
| #include <stdio.h>
| #ifdef HAVE_SUPPORTDEFS_H
| #include <SupportDefs.h>
| #endif
| 
| int
| main ()
| {
| if ((uint8 *) 0)
|   return 0;
| if (sizeof (uint8))
|   return 0;
|   ;
|   return 0;
| }
configure:21281: result: no
configure:21291: checking for int64
configure:21319: gcc -no-cpp-precomp -c -O2 -Wall -Wmissing-prototypes -Wpointer-arith -Winline -Wdeclaration-after-statement -Wendif-labels -fno-strict-aliasing -fwrapv   conftest.c >&5
conftest.c:143:13: error: expected expression
if ((int64 *) 0)
            ^
conftest.c:143:6: error: use of undeclared identifier 'int64'
if ((int64 *) 0)
     ^
conftest.c:145:13: error: use of undeclared identifier 'int64'
if (sizeof (int64))
            ^
3 errors generated.
configure:21325: $? = 1
configure: failed program was:
| /* confdefs.h.  */
| 
| #define PACKAGE_NAME "PostgreSQL"
| #define PACKAGE_TARNAME "postgresql"
| #define PACKAGE_VERSION "8.2.19"
| #define PACKAGE_STRING "PostgreSQL 8.2.19"
| #define PACKAGE_BUGREPORT "pgsql-bugs@postgresql.org"
| #define PG_VERSION "8.2.19"
| #define DEF_PGPORT 5432
| #define DEF_PGPORT_STR "5432"
| #define PG_VERSION_STR "PostgreSQL 8.2.19 on i386-apple-darwin15.6.0, compiled by GCC Apple LLVM version 8.0.0 (clang-800.0.42.1)"
| #define PG_KRB_SRVNAM "postgres"
| #define PG_VERSION_NUM 80219
| #define HAVE_LIBM 1
| #define HAVE_LIBREADLINE 1
| #define HAVE_LIBZ 1
| #define HAVE_SPINLOCKS 1
| #define STDC_HEADERS 1
| #define HAVE_SYS_TYPES_H 1
| #define HAVE_SYS_STAT_H 1
| #define HAVE_STDLIB_H 1
| #define HAVE_STRING_H 1
| #define HAVE_MEMORY_H 1
| #define HAVE_STRINGS_H 1
| #define HAVE_INTTYPES_H 1
| #define HAVE_STDINT_H 1
| #define HAVE_UNISTD_H 1
| #define HAVE_GETOPT_H 1
| #define HAVE_LANGINFO_H 1
| #define HAVE_POLL_H 1
| #define HAVE_PWD_H 1
| #define HAVE_SYS_IPC_H 1
| #define HAVE_SYS_POLL_H 1
| #define HAVE_SYS_RESOURCE_H 1
| #define HAVE_SYS_SELECT_H 1
| #define HAVE_SYS_SEM_H 1
| #define HAVE_SYS_SOCKET_H 1
| #define HAVE_SYS_SHM_H 1
| #define HAVE_SYS_TIME_H 1
| #define HAVE_SYS_UN_H 1
| #define HAVE_TERMIOS_H 1
| #define HAVE_UTIME_H 1
| #define HAVE_WCHAR_H 1
| #define HAVE_WCTYPE_H 1
| #define HAVE_NETINET_IN_H 1
| #define HAVE_NETINET_TCP_H 1
| #define HAVE_READLINE_READLINE_H 1
| #define HAVE_READLINE_HISTORY_H 1
| #define HAVE_STRINGIZE 1
| #define HAVE_FUNCNAME__FUNC 1
| #define HAVE_STRUCT_TM_TM_ZONE 1
| #define HAVE_TM_ZONE 1
| #define HAVE_TZNAME 1
| #define HAVE_UNION_SEMUN 1
| #define HAVE_STRUCT_SOCKADDR_UN 1
| #define HAVE_UNIX_SOCKETS 1
| #define HAVE_STRUCT_SOCKADDR_STORAGE 1
| #define HAVE_STRUCT_SOCKADDR_STORAGE_SS_FAMILY 1
| #define HAVE_STRUCT_SOCKADDR_STORAGE_SS_LEN 1
| #define HAVE_STRUCT_SOCKADDR_SA_LEN 1
| #define HAVE_STRUCT_ADDRINFO 1
| #define HAVE_STRUCT_OPTION 1
| #define HAVE_INT_TIMEZONE
| #define ACCEPT_TYPE_RETURN int
| #define ACCEPT_TYPE_ARG1 int
| #define ACCEPT_TYPE_ARG2 struct sockaddr *
| #define ACCEPT_TYPE_ARG3 socklen_t
| #define HAVE_CBRT 1
| #define HAVE_DLOPEN 1
| #define HAVE_FCVT 1
| #define HAVE_FDATASYNC 1
| #define HAVE_GETPEEREID 1
| #define HAVE_GETRLIMIT 1
| #define HAVE_MEMMOVE 1
| #define HAVE_POLL 1
| #define HAVE_READLINK 1
| #define HAVE_SETSID 1
| #define HAVE_SIGPROCMASK 1
| #define HAVE_SYMLINK 1
| #define HAVE_SYSCONF 1
| #define HAVE_TOWLOWER 1
| #define HAVE_UTIME 1
| #define HAVE_UTIMES 1
| #define HAVE_WAITPID 1
| #define HAVE_WCSTOMBS 1
| #define HAVE_DECL_FDATASYNC 0
| #define HAVE_DECL_POSIX_FADVISE 0
| #define HAVE_DECL_STRLCPY 1
| #define HAVE_DECL_F_FULLFSYNC 1
| #define HAVE_IPV6 1
| #define HAVE_SNPRINTF 1
| #define HAVE_VSNPRINTF 1
| #define HAVE_DECL_SNPRINTF 1
| #define HAVE_DECL_VSNPRINTF 1
| #define HAVE_ISINF 1
| #define HAVE_CRYPT 1
| #define HAVE_FSEEKO 1
| #define HAVE_GETOPT 1
| #define HAVE_GETRUSAGE 1
| #define HAVE_INET_ATON 1
| #define HAVE_RANDOM 1
| #define HAVE_RINT 1
| #define HAVE_SRANDOM 1
| #define HAVE_STRDUP 1
| #define HAVE_STRERROR 1
| #define HAVE_STRLCPY 1
| #define HAVE_STRTOL 1
| #define HAVE_STRTOUL 1
| #define HAVE_UNSETENV 1
| #define HAVE_GETADDRINFO 1
| #define HAVE_GETOPT_LONG 1
| #define HAVE_RL_COMPLETION_APPEND_CHARACTER 1
| #define HAVE_RL_COMPLETION_MATCHES 1
| #define HAVE_RL_FILENAME_COMPLETION_FUNCTION 1
| #define HAVE_REPLACE_HISTORY_ENTRY 1
| #define HAVE_FINITE 1
| #define HAVE_SIGSETJMP 1
| #define HAVE_SYSLOG 1
| #define HAVE_INT_OPTRESET 1
| #define HAVE_STRTOLL 1
| #define HAVE_STRTOULL 1
| #define HAVE_ATEXIT 1
| #define HAVE_FSEEKO 1
| #define HAVE_LONG_INT_64
| #define INT64_FORMAT "%ld"
| #define UINT64_FORMAT "%lu"
| #define SIZEOF_UNSIGNED_LONG 8
| #define SIZEOF_SIZE_T 8
| #define ALIGNOF_SHORT 2
| #define ALIGNOF_INT 4
| #define ALIGNOF_LONG 8
| #define ALIGNOF_DOUBLE 8
| #define MAXIMUM_ALIGNOF 8
| /* end confdefs.h.  */
| #include <stdio.h>
| #ifdef HAVE_SUPPORTDEFS_H
| #include <SupportDefs.h>
| #endif
| 
| int
| main ()
| {
| if ((int64 *) 0)
|   return 0;
| if (sizeof (int64))
|   return 0;
|   ;
|   return 0;
| }
configure:21349: result: no
configure:21359: checking for uint64
configure:21387: gcc -no-cpp-precomp -c -O2 -Wall -Wmissing-prototypes -Wpointer-arith -Winline -Wdeclaration-after-statement -Wendif-labels -fno-strict-aliasing -fwrapv   conftest.c >&5
conftest.c:143:14: error: expected expression
if ((uint64 *) 0)
             ^
conftest.c:143:6: error: use of undeclared identifier 'uint64'
if ((uint64 *) 0)
     ^
conftest.c:145:13: error: use of undeclared identifier 'uint64'
if (sizeof (uint64))
            ^
3 errors generated.
configure:21393: $? = 1
configure: failed program was:
| /* confdefs.h.  */
| 
| #define PACKAGE_NAME "PostgreSQL"
| #define PACKAGE_TARNAME "postgresql"
| #define PACKAGE_VERSION "8.2.19"
| #define PACKAGE_STRING "PostgreSQL 8.2.19"
| #define PACKAGE_BUGREPORT "pgsql-bugs@postgresql.org"
| #define PG_VERSION "8.2.19"
| #define DEF_PGPORT 5432
| #define DEF_PGPORT_STR "5432"
| #define PG_VERSION_STR "PostgreSQL 8.2.19 on i386-apple-darwin15.6.0, compiled by GCC Apple LLVM version 8.0.0 (clang-800.0.42.1)"
| #define PG_KRB_SRVNAM "postgres"
| #define PG_VERSION_NUM 80219
| #define HAVE_LIBM 1
| #define HAVE_LIBREADLINE 1
| #define HAVE_LIBZ 1
| #define HAVE_SPINLOCKS 1
| #define STDC_HEADERS 1
| #define HAVE_SYS_TYPES_H 1
| #define HAVE_SYS_STAT_H 1
| #define HAVE_STDLIB_H 1
| #define HAVE_STRING_H 1
| #define HAVE_MEMORY_H 1
| #define HAVE_STRINGS_H 1
| #define HAVE_INTTYPES_H 1
| #define HAVE_STDINT_H 1
| #define HAVE_UNISTD_H 1
| #define HAVE_GETOPT_H 1
| #define HAVE_LANGINFO_H 1
| #define HAVE_POLL_H 1
| #define HAVE_PWD_H 1
| #define HAVE_SYS_IPC_H 1
| #define HAVE_SYS_POLL_H 1
| #define HAVE_SYS_RESOURCE_H 1
| #define HAVE_SYS_SELECT_H 1
| #define HAVE_SYS_SEM_H 1
| #define HAVE_SYS_SOCKET_H 1
| #define HAVE_SYS_SHM_H 1
| #define HAVE_SYS_TIME_H 1
| #define HAVE_SYS_UN_H 1
| #define HAVE_TERMIOS_H 1
| #define HAVE_UTIME_H 1
| #define HAVE_WCHAR_H 1
| #define HAVE_WCTYPE_H 1
| #define HAVE_NETINET_IN_H 1
| #define HAVE_NETINET_TCP_H 1
| #define HAVE_READLINE_READLINE_H 1
| #define HAVE_READLINE_HISTORY_H 1
| #define HAVE_STRINGIZE 1
| #define HAVE_FUNCNAME__FUNC 1
| #define HAVE_STRUCT_TM_TM_ZONE 1
| #define HAVE_TM_ZONE 1
| #define HAVE_TZNAME 1
| #define HAVE_UNION_SEMUN 1
| #define HAVE_STRUCT_SOCKADDR_UN 1
| #define HAVE_UNIX_SOCKETS 1
| #define HAVE_STRUCT_SOCKADDR_STORAGE 1
| #define HAVE_STRUCT_SOCKADDR_STORAGE_SS_FAMILY 1
| #define HAVE_STRUCT_SOCKADDR_STORAGE_SS_LEN 1
| #define HAVE_STRUCT_SOCKADDR_SA_LEN 1
| #define HAVE_STRUCT_ADDRINFO 1
| #define HAVE_STRUCT_OPTION 1
| #define HAVE_INT_TIMEZONE
| #define ACCEPT_TYPE_RETURN int
| #define ACCEPT_TYPE_ARG1 int
| #define ACCEPT_TYPE_ARG2 struct sockaddr *
| #define ACCEPT_TYPE_ARG3 socklen_t
| #define HAVE_CBRT 1
| #define HAVE_DLOPEN 1
| #define HAVE_FCVT 1
| #define HAVE_FDATASYNC 1
| #define HAVE_GETPEEREID 1
| #define HAVE_GETRLIMIT 1
| #define HAVE_MEMMOVE 1
| #define HAVE_POLL 1
| #define HAVE_READLINK 1
| #define HAVE_SETSID 1
| #define HAVE_SIGPROCMASK 1
| #define HAVE_SYMLINK 1
| #define HAVE_SYSCONF 1
| #define HAVE_TOWLOWER 1
| #define HAVE_UTIME 1
| #define HAVE_UTIMES 1
| #define HAVE_WAITPID 1
| #define HAVE_WCSTOMBS 1
| #define HAVE_DECL_FDATASYNC 0
| #define HAVE_DECL_POSIX_FADVISE 0
| #define HAVE_DECL_STRLCPY 1
| #define HAVE_DECL_F_FULLFSYNC 1
| #define HAVE_IPV6 1
| #define HAVE_SNPRINTF 1
| #define HAVE_VSNPRINTF 1
| #define HAVE_DECL_SNPRINTF 1
| #define HAVE_DECL_VSNPRINTF 1
| #define HAVE_ISINF 1
| #define HAVE_CRYPT 1
| #define HAVE_FSEEKO 1
| #define HAVE_GETOPT 1
| #define HAVE_GETRUSAGE 1
| #define HAVE_INET_ATON 1
| #define HAVE_RANDOM 1
| #define HAVE_RINT 1
| #define HAVE_SRANDOM 1
| #define HAVE_STRDUP 1
| #define HAVE_STRERROR 1
| #define HAVE_STRLCPY 1
| #define HAVE_STRTOL 1
| #define HAVE_STRTOUL 1
| #define HAVE_UNSETENV 1
| #define HAVE_GETADDRINFO 1
| #define HAVE_GETOPT_LONG 1
| #define HAVE_RL_COMPLETION_APPEND_CHARACTER 1
| #define HAVE_RL_COMPLETION_MATCHES 1
| #define HAVE_RL_FILENAME_COMPLETION_FUNCTION 1
| #define HAVE_REPLACE_HISTORY_ENTRY 1
| #define HAVE_FINITE 1
| #define HAVE_SIGSETJMP 1
| #define HAVE_SYSLOG 1
| #define HAVE_INT_OPTRESET 1
| #define HAVE_STRTOLL 1
| #define HAVE_STRTOULL 1
| #define HAVE_ATEXIT 1
| #define HAVE_FSEEKO 1
| #define HAVE_LONG_INT_64
| #define INT64_FORMAT "%ld"
| #define UINT64_FORMAT "%lu"
| #define SIZEOF_UNSIGNED_LONG 8
| #define SIZEOF_SIZE_T 8
| #define ALIGNOF_SHORT 2
| #define ALIGNOF_INT 4
| #define ALIGNOF_LONG 8
| #define ALIGNOF_DOUBLE 8
| #define MAXIMUM_ALIGNOF 8
| /* end confdefs.h.  */
| #include <stdio.h>
| #ifdef HAVE_SUPPORTDEFS_H
| #include <SupportDefs.h>
| #endif
| 
| int
| main ()
| {
| if ((uint64 *) 0)
|   return 0;
| if (sizeof (uint64))
|   return 0;
|   ;
|   return 0;
| }
configure:21417: result: no
configure:21431: checking for sig_atomic_t
configure:21456: gcc -no-cpp-precomp -c -O2 -Wall -Wmissing-prototypes -Wpointer-arith -Winline -Wdeclaration-after-statement -Wendif-labels -fno-strict-aliasing -fwrapv   conftest.c >&5
configure:21462: $? = 0
configure:21466: test -z 
			 || test ! -s conftest.err
configure:21469: $? = 0
configure:21472: test -s conftest.o
configure:21475: $? = 0
configure:21486: result: yes
configure:21501: checking for POSIX signal interface
configure:21526: gcc -no-cpp-precomp -o conftest -O2 -Wall -Wmissing-prototypes -Wpointer-arith -Winline -Wdeclaration-after-statement -Wendif-labels -fno-strict-aliasing -fwrapv     conftest.c -lz -lreadline -lm  >&5
configure:21532: $? = 0
configure:21536: test -z 
			 || test ! -s conftest.err
configure:21539: $? = 0
configure:21542: test -s conftest
configure:21545: $? = 0
configure:21557: result: yes
configure:21587: checking for special C compiler options needed for large files
configure:21686: result: no
configure:21692: checking for _FILE_OFFSET_BITS value needed for large files
configure:21723: gcc -no-cpp-precomp -c -O2 -Wall -Wmissing-prototypes -Wpointer-arith -Winline -Wdeclaration-after-statement -Wendif-labels -fno-strict-aliasing -fwrapv   conftest.c >&5
configure:21729: $? = 0
configure:21733: test -z 
			 || test ! -s conftest.err
configure:21736: $? = 0
configure:21739: test -s conftest.o
configure:21742: $? = 0
configure:21807: result: no
configure:21817: checking for _LARGE_FILES value needed for large files
configure:21848: gcc -no-cpp-precomp -c -O2 -Wall -Wmissing-prototypes -Wpointer-arith -Winline -Wdeclaration-after-statement -Wendif-labels -fno-strict-aliasing -fwrapv   conftest.c >&5
configure:21854: $? = 0
configure:21858: test -z 
			 || test ! -s conftest.err
configure:21861: $? = 0
configure:21864: test -s conftest.o
configure:21867: $? = 0
configure:21932: result: no
configure:21947: checking for working memcmp
configure:21995: gcc -no-cpp-precomp -o conftest -O2 -Wall -Wmissing-prototypes -Wpointer-arith -Winline -Wdeclaration-after-statement -Wendif-labels -fno-strict-aliasing -fwrapv     conftest.c -lz -lreadline -lm  >&5
configure:21998: $? = 0
configure:22000: ./conftest
configure:22003: $? = 0
configure:22017: result: yes
configure:22743: checking for onsgmls
configure:22772: result: no
configure:22743: checking for nsgmls
configure:22772: result: no
configure:22783: checking for openjade
configure:22812: result: no
configure:22783: checking for jade
configure:22812: result: no
configure:22820: checking for DocBook V4.2
configure:22849: result: no
configure:22855: checking for DocBook stylesheets
configure:22893: result: no
configure:22946: checking for collateindex.pl
configure:22979: result: no
configure:22991: checking for sgmlspl
configure:23020: result: no
configure:23263: creating ./config.status

## ---------------------- ##
## Running config.status. ##
## ---------------------- ##

This file was extended by PostgreSQL config.status 8.2.19, which was
generated by GNU Autoconf 2.59.  Invocation command line was

  CONFIG_FILES    = 
  CONFIG_HEADERS  = 
  CONFIG_LINKS    = 
  CONFIG_COMMANDS = 
  $ ./config.status 

on VPN-169-161.vpn.usf.edu

config.status:752: creating GNUmakefile
config.status:752: creating src/Makefile.global
config.status:855: creating src/include/pg_config.h
config.status:1253: src/include/pg_config.h is unchanged
config.status:855: creating src/interfaces/ecpg/include/ecpg_config.h
config.status:1253: src/interfaces/ecpg/include/ecpg_config.h is unchanged
config.status:1317: linking ./src/backend/port/tas/dummy.s to src/backend/port/tas.s
config.status:1317: linking ./src/backend/port/dynloader/darwin.c to src/backend/port/dynloader.c
config.status:1317: linking ./src/backend/port/posix_sema.c to src/backend/port/pg_sema.c
config.status:1317: linking ./src/backend/port/sysv_shmem.c to src/backend/port/pg_shmem.c
config.status:1317: linking ./src/backend/port/dynloader/darwin.h to src/include/dynloader.h
config.status:1317: linking ./src/include/port/darwin.h to src/include/pg_config_os.h
config.status:1317: linking ./src/makefiles/Makefile.darwin to src/Makefile.port

## ---------------- ##
## Cache variables. ##
## ---------------- ##

ac_cv_build=i386-apple-darwin15.6.0
ac_cv_build_alias=i386-apple-darwin15.6.0
ac_cv_c_compiler_gnu=yes
ac_cv_c_const=yes
ac_cv_c_inline=inline
ac_cv_c_stringize=yes
ac_cv_c_volatile=yes
ac_cv_env_CC_set=
ac_cv_env_CC_value=
ac_cv_env_CFLAGS_set=
ac_cv_env_CFLAGS_value=
ac_cv_env_CPPFLAGS_set=
ac_cv_env_CPPFLAGS_value=
ac_cv_env_CPP_set=
ac_cv_env_CPP_value=
ac_cv_env_DOCBOOKSTYLE_set=
ac_cv_env_DOCBOOKSTYLE_value=
ac_cv_env_LDFLAGS_SL_set=
ac_cv_env_LDFLAGS_SL_value=
ac_cv_env_LDFLAGS_set=
ac_cv_env_LDFLAGS_value=
ac_cv_env_build_alias_set=
ac_cv_env_build_alias_value=
ac_cv_env_host_alias_set=
ac_cv_env_host_alias_value=
ac_cv_env_target_alias_set=
ac_cv_env_target_alias_value=
ac_cv_exeext=
ac_cv_func_accept_arg1=int
ac_cv_func_accept_arg2='struct sockaddr *'
ac_cv_func_accept_arg3=socklen_t
ac_cv_func_accept_return=int
ac_cv_func_atexit=yes
ac_cv_func_cbrt=yes
ac_cv_func_crypt=yes
ac_cv_func_dlopen=yes
ac_cv_func_fcvt=yes
ac_cv_func_fdatasync=yes
ac_cv_func_fseeko=yes
ac_cv_func_getaddrinfo=yes
ac_cv_func_getopt=yes
ac_cv_func_getopt_long=yes
ac_cv_func_getpeereid=yes
ac_cv_func_getrlimit=yes
ac_cv_func_getrusage=yes
ac_cv_func_inet_aton=yes
ac_cv_func_isinf=yes
ac_cv_func_memcmp_working=yes
ac_cv_func_memmove=yes
ac_cv_func_poll=yes
ac_cv_func_pstat=no
ac_cv_func_random=yes
ac_cv_func_readlink=yes
ac_cv_func_replace_history_entry=yes
ac_cv_func_rint=yes
ac_cv_func_rl_completion_matches=yes
ac_cv_func_rl_filename_completion_function=yes
ac_cv_func_setproctitle=no
ac_cv_func_setsid=yes
ac_cv_func_sigprocmask=yes
ac_cv_func_snprintf=yes
ac_cv_func_srandom=yes
ac_cv_func_strdup=yes
ac_cv_func_strerror=yes
ac_cv_func_strlcpy=yes
ac_cv_func_strtol=yes
ac_cv_func_strtoll=yes
ac_cv_func_strtoul=yes
ac_cv_func_strtoull=yes
ac_cv_func_symlink=yes
ac_cv_func_sysconf=yes
ac_cv_func_syslog=yes
ac_cv_func_towlower=yes
ac_cv_func_unsetenv=yes
ac_cv_func_utime=yes
ac_cv_func_utimes=yes
ac_cv_func_vsnprintf=yes
ac_cv_func_waitpid=yes
ac_cv_func_wcstombs=yes
ac_cv_have_decl_F_FULLFSYNC=yes
ac_cv_have_decl_fdatasync=no
ac_cv_have_decl_posix_fadvise=no
ac_cv_have_decl_snprintf=yes
ac_cv_have_decl_strlcpy=yes
ac_cv_have_decl_vsnprintf=yes
ac_cv_header_SupportDefs_h=no
ac_cv_header_crypt_h=no
ac_cv_header_dld_h=no
ac_cv_header_endian_h=no
ac_cv_header_fp_class_h=no
ac_cv_header_getopt_h=yes
ac_cv_header_ieeefp_h=no
ac_cv_header_inttypes_h=yes
ac_cv_header_kernel_OS_h=no
ac_cv_header_kernel_image_h=no
ac_cv_header_langinfo_h=yes
ac_cv_header_memory_h=yes
ac_cv_header_netinet_in_h=yes
ac_cv_header_netinet_tcp_h=yes
ac_cv_header_poll_h=yes
ac_cv_header_pwd_h=yes
ac_cv_header_readline_history_h=yes
ac_cv_header_readline_readline_h=yes
ac_cv_header_stdc=yes
ac_cv_header_stdint_h=yes
ac_cv_header_stdlib_h=yes
ac_cv_header_string_h=yes
ac_cv_header_strings_h=yes
ac_cv_header_sys_ipc_h=yes
ac_cv_header_sys_poll_h=yes
ac_cv_header_sys_pstat_h=no
ac_cv_header_sys_resource_h=yes
ac_cv_header_sys_select_h=yes
ac_cv_header_sys_sem_h=yes
ac_cv_header_sys_shm_h=yes
ac_cv_header_sys_socket_h=yes
ac_cv_header_sys_stat_h=yes
ac_cv_header_sys_time_h=yes
ac_cv_header_sys_types_h=yes
ac_cv_header_sys_un_h=yes
ac_cv_header_syslog_h=yes
ac_cv_header_termios_h=yes
ac_cv_header_unistd_h=yes
ac_cv_header_utime_h=yes
ac_cv_header_wchar_h=yes
ac_cv_header_wctype_h=yes
ac_cv_header_zlib_h=yes
ac_cv_host=i386-apple-darwin15.6.0
ac_cv_host_alias=i386-apple-darwin15.6.0
ac_cv_lib_m_main=yes
ac_cv_lib_z_inflate=yes
ac_cv_member_struct_sockaddr_sa_len=yes
ac_cv_member_struct_sockaddr_storage___ss_family=no
ac_cv_member_struct_sockaddr_storage___ss_len=no
ac_cv_member_struct_sockaddr_storage_ss_family=yes
ac_cv_member_struct_sockaddr_storage_ss_len=yes
ac_cv_member_struct_tm_tm_zone=yes
ac_cv_objext=o
ac_cv_path_LD=/Library/Developer/CommandLineTools/usr/bin/ld
ac_cv_path_PERL=/usr/bin/perl
ac_cv_path_TAR=/usr/bin/tar
ac_cv_prog_AWK=awk
ac_cv_prog_CPP='gcc -no-cpp-precomp -E'
ac_cv_prog_YACC='bison -y'
ac_cv_prog_ac_ct_CC=gcc
ac_cv_prog_ac_ct_RANLIB=ranlib
ac_cv_prog_ac_ct_STRIP=strip
ac_cv_prog_cc_g=yes
ac_cv_prog_cc_stdc=
ac_cv_prog_egrep='grep -E'
ac_cv_prog_gnu_ld=no
ac_cv_search_crypt='none required'
ac_cv_search_dlopen='none required'
ac_cv_search_fdatasync='none required'
ac_cv_search_getopt_long='none required'
ac_cv_search_setproctitle=no
ac_cv_search_shl_load=no
ac_cv_search_shmget='none required'
ac_cv_search_socket='none required'
ac_cv_sizeof_size_t=8
ac_cv_sizeof_unsigned_long=8
ac_cv_struct_tm=time.h
ac_cv_sys_file_offset_bits=no
ac_cv_sys_large_files=no
ac_cv_sys_largefile_CC=no
ac_cv_sys_largefile_source=no
ac_cv_type_double=yes
ac_cv_type_int=yes
ac_cv_type_int64=no
ac_cv_type_int8=no
ac_cv_type_long=yes
ac_cv_type_short=yes
ac_cv_type_sig_atomic_t=yes
ac_cv_type_size_t=yes
ac_cv_type_struct_addrinfo=yes
ac_cv_type_struct_cmsgcred=no
ac_cv_type_struct_fcred=no
ac_cv_type_struct_option=yes
ac_cv_type_struct_sockaddr_in6=yes
ac_cv_type_struct_sockaddr_storage=yes
ac_cv_type_struct_sockaddr_un=yes
ac_cv_type_struct_sockcred=no
ac_cv_type_uint64=no
ac_cv_type_uint8=no
ac_cv_type_union_semun=yes
ac_cv_type_unsigned_long=yes
ac_cv_type_z_streamp=yes
ac_cv_var_tzname=yes
pgac_cv_alignof_double=8
pgac_cv_alignof_int=4
pgac_cv_alignof_long=8
pgac_cv_alignof_short=2
pgac_cv_c_signed=yes
pgac_cv_check_docbook=no
pgac_cv_check_readline=-lreadline
pgac_cv_func_gettimeofday_1arg=no
pgac_cv_func_posix_signals=yes
pgac_cv_funcname_func_support=yes
pgac_cv_path_flex=/usr/bin/flex
pgac_cv_type_long_int_64=yes
pgac_cv_var_PS_STRINGS=no
pgac_cv_var_int_optreset=yes
pgac_cv_var_int_timezone=yes

## ----------------- ##
## Output variables. ##
## ----------------- ##

AWK='awk'
CC='gcc -no-cpp-precomp'
CFLAGS='-O2 -Wall -Wmissing-prototypes -Wpointer-arith -Winline -Wdeclaration-after-statement -Wendif-labels -fno-strict-aliasing -fwrapv'
COLLATEINDEX=''
CPP='gcc -no-cpp-precomp -E'
CPPFLAGS=' '
DEFS='-DHAVE_CONFIG_H'
DOCBOOKSTYLE=''
DTRACE=''
DTRACEFLAGS=''
ECHO_C='ECHO_N=''
ECHO_T=''
EGREP='grep -E'
ELF_SYS=''
EXEEXT=''
FLEX='/usr/bin/flex'
FLEXFLAGS=''
GCC='yes'
HAVE_IPV6='yes'
HAVE_POSIX_SIGNALS='yes'
INCLUDES=''
JADE=''
LD='/Library/Developer/CommandLineTools/usr/bin/ld'
LDAP_LIBS_BE=''
LDAP_LIBS_FE=''
LDFLAGS=' '
LDFLAGS_SL=''
LIBOBJS=''
LIBS='-lz -lreadline -lm '
LN_S='ln -s'
LTLIBOBJS=''
MSGFMT=''
MSGMERGE=''
NSGMLS=''
OBJEXT='o'
PACKAGE_BUGREPORT='pgsql-bugs@postgresql.org'
PACKAGE_NAME='PostgreSQL'
PACKAGE_STRING='PostgreSQL 8.2.19'
PACKAGE_TARNAME='postgresql'
PACKAGE_VERSION='8.2.19'
PATH_SEPARATOR=':'
PERL='/usr/bin/perl'
PORTNAME='darwin'
PTHREAD_CC=''
PTHREAD_CFLAGS=''
PTHREAD_LIBS=''
PYTHON=''
RANLIB='ranlib'
SGMLSPL=''
SHELL='/bin/sh'
STRIP='strip'
STRIP_SHARED_LIB=':'
STRIP_STATIC_LIB=':'
TAR='/usr/bin/tar'
TAS=''
TCLSH=''
TCL_CONFIG_SH=''
TCL_INCLUDE_SPEC=''
TCL_LIBS=''
TCL_LIB_FILE=''
TCL_LIB_SPEC=''
TCL_SHARED_BUILD=''
TCL_SHLIB_LD_LIBS=''
WANTED_LANGUAGES=''
XGETTEXT=''
YACC='bison -y'
YFLAGS=''
ac_ct_CC='gcc'
ac_ct_RANLIB='ranlib'
ac_ct_STRIP='strip'
acx_pthread_config=''
autodepend=''
bindir='${exec_prefix}/bin'
build='i386-apple-darwin15.6.0'
build_alias=''
build_cpu='i386'
build_os='darwin15.6.0'
build_vendor='apple'
configure_args=''
datadir='${prefix}/share'
default_port='5432'
docdir='${prefix}/doc'
enable_debug='no'
enable_dtrace='no'
enable_nls='no'
enable_rpath='yes'
enable_shared='yes'
enable_thread_safety='no'
exec_prefix='${prefix}'
have_docbook='no'
host='i386-apple-darwin15.6.0'
host_alias=''
host_cpu='i386'
host_os='darwin15.6.0'
host_vendor='apple'
includedir='${prefix}/include'
infodir='${prefix}/info'
krb_srvtab=''
ld_R_works=''
libdir='${exec_prefix}/lib'
libexecdir='${exec_prefix}/libexec'
localedir=''
localstatedir='${prefix}/var'
mandir='${prefix}/man'
oldincludedir='/usr/include'
perl_archlibexp=''
perl_embed_ldflags=''
perl_privlibexp=''
perl_useshrplib=''
prefix='/usr/local/pgsql'
program_transform_name='s,x,x,'
python_additional_libs=''
python_configdir=''
python_includespec=''
python_libdir=''
python_libspec=''
python_version=''
sbindir='${exec_prefix}/sbin'
sharedstatedir='${prefix}/com'
sysconfdir='${prefix}/etc'
target_alias=''
vpath_build='no'
with_bonjour='no'
with_gnu_ld='no'
with_krb5='no'
with_ldap='no'
with_openssl='no'
with_pam='no'
with_perl='no'
with_python='no'
with_tcl='no'
with_zlib='yes'

## ----------- ##
## confdefs.h. ##
## ----------- ##

#define ACCEPT_TYPE_ARG1 int
#define ACCEPT_TYPE_ARG2 struct sockaddr *
#define ACCEPT_TYPE_ARG3 socklen_t
#define ACCEPT_TYPE_RETURN int
#define ALIGNOF_DOUBLE 8
#define ALIGNOF_INT 4
#define ALIGNOF_LONG 8
#define ALIGNOF_SHORT 2
#define DEF_PGPORT 5432
#define DEF_PGPORT_STR "5432"
#define HAVE_ATEXIT 1
#define HAVE_CBRT 1
#define HAVE_CRYPT 1
#define HAVE_DECL_FDATASYNC 0
#define HAVE_DECL_F_FULLFSYNC 1
#define HAVE_DECL_POSIX_FADVISE 0
#define HAVE_DECL_SNPRINTF 1
#define HAVE_DECL_STRLCPY 1
#define HAVE_DECL_VSNPRINTF 1
#define HAVE_DLOPEN 1
#define HAVE_FCVT 1
#define HAVE_FDATASYNC 1
#define HAVE_FINITE 1
#define HAVE_FSEEKO 1
#define HAVE_FSEEKO 1
#define HAVE_FUNCNAME__FUNC 1
#define HAVE_GETADDRINFO 1
#define HAVE_GETOPT 1
#define HAVE_GETOPT_H 1
#define HAVE_GETOPT_LONG 1
#define HAVE_GETPEEREID 1
#define HAVE_GETRLIMIT 1
#define HAVE_GETRUSAGE 1
#define HAVE_INET_ATON 1
#define HAVE_INTTYPES_H 1
#define HAVE_INT_OPTRESET 1
#define HAVE_INT_TIMEZONE
#define HAVE_IPV6 1
#define HAVE_ISINF 1
#define HAVE_LANGINFO_H 1
#define HAVE_LIBM 1
#define HAVE_LIBREADLINE 1
#define HAVE_LIBZ 1
#define HAVE_LONG_INT_64
#define HAVE_MEMMOVE 1
#define HAVE_MEMORY_H 1
#define HAVE_NETINET_IN_H 1
#define HAVE_NETINET_TCP_H 1
#define HAVE_POLL 1
#define HAVE_POLL_H 1
#define HAVE_POSIX_SIGNALS
#define HAVE_PWD_H 1
#define HAVE_RANDOM 1
#define HAVE_READLINE_HISTORY_H 1
#define HAVE_READLINE_READLINE_H 1
#define HAVE_READLINK 1
#define HAVE_REPLACE_HISTORY_ENTRY 1
#define HAVE_RINT 1
#define HAVE_RL_COMPLETION_APPEND_CHARACTER 1
#define HAVE_RL_COMPLETION_MATCHES 1
#define HAVE_RL_FILENAME_COMPLETION_FUNCTION 1
#define HAVE_SETSID 1
#define HAVE_SIGPROCMASK 1
#define HAVE_SIGSETJMP 1
#define HAVE_SIG_ATOMIC_T 1
#define HAVE_SNPRINTF 1
#define HAVE_SPINLOCKS 1
#define HAVE_SRANDOM 1
#define HAVE_STDINT_H 1
#define HAVE_STDLIB_H 1
#define HAVE_STRDUP 1
#define HAVE_STRERROR 1
#define HAVE_STRINGIZE 1
#define HAVE_STRINGS_H 1
#define HAVE_STRING_H 1
#define HAVE_STRLCPY 1
#define HAVE_STRTOL 1
#define HAVE_STRTOLL 1
#define HAVE_STRTOUL 1
#define HAVE_STRTOULL 1
#define HAVE_STRUCT_ADDRINFO 1
#define HAVE_STRUCT_OPTION 1
#define HAVE_STRUCT_SOCKADDR_SA_LEN 1
#define HAVE_STRUCT_SOCKADDR_STORAGE 1
#define HAVE_STRUCT_SOCKADDR_STORAGE_SS_FAMILY 1
#define HAVE_STRUCT_SOCKADDR_STORAGE_SS_LEN 1
#define HAVE_STRUCT_SOCKADDR_UN 1
#define HAVE_STRUCT_TM_TM_ZONE 1
#define HAVE_SYMLINK 1
#define HAVE_SYSCONF 1
#define HAVE_SYSLOG 1
#define HAVE_SYS_IPC_H 1
#define HAVE_SYS_POLL_H 1
#define HAVE_SYS_RESOURCE_H 1
#define HAVE_SYS_SELECT_H 1
#define HAVE_SYS_SEM_H 1
#define HAVE_SYS_SHM_H 1
#define HAVE_SYS_SOCKET_H 1
#define HAVE_SYS_STAT_H 1
#define HAVE_SYS_TIME_H 1
#define HAVE_SYS_TYPES_H 1
#define HAVE_SYS_UN_H 1
#define HAVE_TERMIOS_H 1
#define HAVE_TM_ZONE 1
#define HAVE_TOWLOWER 1
#define HAVE_TZNAME 1
#define HAVE_UNION_SEMUN 1
#define HAVE_UNISTD_H 1
#define HAVE_UNIX_SOCKETS 1
#define HAVE_UNSETENV 1
#define HAVE_UTIME 1
#define HAVE_UTIMES 1
#define HAVE_UTIME_H 1
#define HAVE_VSNPRINTF 1
#define HAVE_WAITPID 1
#define HAVE_WCHAR_H 1
#define HAVE_WCSTOMBS 1
#define HAVE_WCTYPE_H 1
#define INT64_FORMAT "%ld"
#define MAXIMUM_ALIGNOF 8
#define MEMSET_LOOP_LIMIT 1024
#define PACKAGE_BUGREPORT "pgsql-bugs@postgresql.org"
#define PACKAGE_NAME "PostgreSQL"
#define PACKAGE_STRING "PostgreSQL 8.2.19"
#define PACKAGE_TARNAME "postgresql"
#define PACKAGE_VERSION "8.2.19"
#define PG_KRB_SRVNAM "postgres"
#define PG_VERSION "8.2.19"
#define PG_VERSION_NUM 80219
#define PG_VERSION_STR "PostgreSQL 8.2.19 on i386-apple-darwin15.6.0, compiled by GCC Apple LLVM version 8.0.0 (clang-800.0.42.1)"
#define SIZEOF_SIZE_T 8
#define SIZEOF_UNSIGNED_LONG 8
#define STDC_HEADERS 1
#define UINT64_FORMAT "%lu"
#define USE_NAMED_POSIX_SEMAPHORES 1
#define USE_SYSV_SHARED_MEMORY 1

configure: exit 0

## ---------------------- ##
## Running config.status. ##
## ---------------------- ##

This file was extended by PostgreSQL config.status 8.2.19, which was
generated by GNU Autoconf 2.59.  Invocation command line was

  CONFIG_FILES    = 
  CONFIG_HEADERS  = 
  CONFIG_LINKS    = 
  CONFIG_COMMANDS = 
  $ ./config.status src/interfaces/ecpg/include/ecpg_config.h

on VPN-169-161.vpn.usf.edu

config.status:855: creating src/interfaces/ecpg/include/ecpg_config.h
config.status:1253: src/interfaces/ecpg/include/ecpg_config.h is unchanged

## ---------------------- ##
## Running config.status. ##
## ---------------------- ##

This file was extended by PostgreSQL config.status 8.2.19, which was
generated by GNU Autoconf 2.59.  Invocation command line was

  CONFIG_FILES    = 
  CONFIG_HEADERS  = 
  CONFIG_LINKS    = 
  CONFIG_COMMANDS = 
  $ ./config.status src/interfaces/ecpg/include/ecpg_config.h

on VPN-169-161.vpn.usf.edu

config.status:855: creating src/interfaces/ecpg/include/ecpg_config.h
config.status:1253: src/interfaces/ecpg/include/ecpg_config.h is unchanged
